2025-12-10 12:44:00 - [INFO] - main.py:157 - === 系統啟動：進入自動化排程模式 ===
2025-12-10 12:44:02 - [INFO] - main.py:41 - === 階段一: 雙語多源爬蟲啟動 ===
2025-12-10 12:44:02 - [INFO] - scraper.py:28 - 啟動 Chrome Driver (V14 Final)...
2025-12-10 12:44:10 - [INFO] - main.py:48 - 執行任務: Google News (EN)...
2025-12-10 12:44:10 - [INFO] - scraper.py:164 - [Google News (EN) | en] 前往搜尋: https://www.google.com/search?q=ASUS router security&hl=en&tbm=nws&tbs=qdr:m6
2025-12-10 12:44:18 - [INFO] - scraper.py:192 - [Google News (EN)] 找到 10 筆原始資料
2025-12-10 12:44:19 - [INFO] - scraper.py:232 - [Google News (EN)] 保留 10 筆有效資料
2025-12-10 12:44:21 - [INFO] - main.py:48 - 執行任務: Google News (TW)...
2025-12-10 12:44:21 - [INFO] - scraper.py:164 - [Google News (TW) | zh-TW] 前往搜尋: https://www.google.com/search?q=華碩 路由器 資安&hl=zh-TW&tbm=nws&tbs=qdr:m6
2025-12-10 12:44:29 - [INFO] - scraper.py:192 - [Google News (TW)] 找到 10 筆原始資料
2025-12-10 12:44:29 - [INFO] - scraper.py:232 - [Google News (TW)] 保留 10 筆有效資料
2025-12-10 12:44:31 - [INFO] - main.py:48 - 執行任務: 官方資源...
2025-12-10 12:44:31 - [INFO] - scraper.py:164 - [官方資源 | en] 前往搜尋: https://www.google.com/search?q=site:asus.com security router&hl=en&tbs=qdr:y
2025-12-10 12:44:50 - [INFO] - scraper.py:192 - [官方資源] 找到 0 筆原始資料
2025-12-10 12:44:50 - [INFO] - scraper.py:232 - [官方資源] 保留 0 筆有效資料
2025-12-10 12:44:52 - [INFO] - main.py:48 - 執行任務: 資安通報...
2025-12-10 12:44:52 - [INFO] - scraper.py:164 - [資安通報 | en] 前往搜尋: https://www.google.com/search?q=site:bleepingcomputer.com OR site:thehackernews.com ASUS&hl=en&tbm=nws&tbs=qdr:m6
2025-12-10 12:44:59 - [INFO] - scraper.py:192 - [資安通報] 找到 10 筆原始資料
2025-12-10 12:45:00 - [INFO] - scraper.py:232 - [資安通報] 保留 7 筆有效資料
2025-12-10 12:45:02 - [INFO] - main.py:64 - 搜尋完成，共 15 筆，開始閱讀內文...
2025-12-10 12:45:02 - [INFO] - scraper.py:90 - 正在閱讀內文: https://press.asus.com/news/statements/asus-securi...
2025-12-10 12:45:05 - [INFO] - scraper.py:90 - 正在閱讀內文: https://thehackernews.com/2025/11/wrthug-exploits-...
2025-12-10 12:45:08 - [INFO] - scraper.py:90 - 正在閱讀內文: https://securityaffairs.com/184636/security/critic...
2025-12-10 12:45:16 - [INFO] - scraper.py:90 - 正在閱讀內文: https://www.techpowerup.com/339333/asus-implements...
2025-12-10 12:45:21 - [INFO] - scraper.py:90 - 正在閱讀內文: https://www.scworld.com/brief/china-linked-hackers...
2025-12-10 12:45:28 - [INFO] - scraper.py:90 - 正在閱讀內文: https://www.ithome.com.tw/news/172360...
2025-12-10 12:45:32 - [INFO] - scraper.py:90 - 正在閱讀內文: https://www.informationsecurity.com.tw/article/art...
2025-12-10 12:45:35 - [INFO] - scraper.py:90 - 正在閱讀內文: https://3c.ltn.com.tw/news/63982...
2025-12-10 12:45:40 - [INFO] - scraper.py:90 - 正在閱讀內文: https://www.ithome.com.tw/news/172369...
2025-12-10 12:45:43 - [INFO] - scraper.py:90 - 正在閱讀內文: https://blog.billows.com.tw/?p=4019...
2025-12-10 12:45:47 - [INFO] - scraper.py:90 - 正在閱讀內文: https://thehackernews.com/2025/11/wrthug-exploits-...
2025-12-10 12:45:50 - [INFO] - scraper.py:90 - 正在閱讀內文: https://thehackernews.com/2025/10/polaredge-target...
2025-12-10 12:45:53 - [INFO] - scraper.py:90 - 正在閱讀內文: https://www.bleepingcomputer.com/news/security/new...
2025-12-10 12:46:01 - [INFO] - scraper.py:90 - 正在閱讀內文: https://www.bleepingcomputer.com/news/security/asu...
2025-12-10 12:46:06 - [INFO] - scraper.py:90 - 正在閱讀內文: https://www.bleepingcomputer.com/news/security/asu...
2025-12-10 12:46:12 - [INFO] - database.py:75 - [DB] 批次作業結束: 輸入 15 筆 -> 實際新增 11 筆
2025-12-10 12:46:12 - [INFO] - main.py:97 - 階段一結束。資料庫實際新增: 11 筆。
2025-12-10 12:46:12 - [INFO] - scraper.py:64 - 爬蟲已結束並關閉
2025-12-10 12:46:14 - [INFO] - main.py:109 - === 階段二: 填寫表單 (Status='N') ===
2025-12-10 12:46:14 - [INFO] - main.py:123 - 發現 11 筆任務，啟動填表機器人...
2025-12-10 12:46:14 - [INFO] - main.py:128 - [1/11] 填寫中: PolarEdge Targe...
2025-12-10 12:46:15 - [INFO] - form_filler.py:58 - 前往表單: https://docs.google.com/forms/d/e/1FAIpQLScUld1s4B_RNVnCqSmK_dzgC7fS0cNrZZxAAIrwmyGZdqS7Yg/viewform?usp=publish-editor
2025-12-10 12:46:16 - [INFO] - form_filler.py:75 - 偵測到 5 個輸入框
2025-12-10 12:46:18 - [INFO] - form_filler.py:101 - 欄位填寫完畢，嘗試提交...
2025-12-10 12:46:25 - [INFO] - form_filler.py:134 - ⚠️ 未偵測到成功文字，但網址已變更，視為提交成功
2025-12-10 12:46:26 - [INFO] - database.py:125 - [DB] 新聞 ID 27 狀態更新為: 'Y'
2025-12-10 12:46:26 - [INFO] - main.py:137 - -> 成功 (ID 27)
2025-12-10 12:46:29 - [INFO] - main.py:128 - [2/11] 填寫中: Critical CVE-20...
2025-12-10 12:46:30 - [INFO] - form_filler.py:58 - 前往表單: https://docs.google.com/forms/d/e/1FAIpQLScUld1s4B_RNVnCqSmK_dzgC7fS0cNrZZxAAIrwmyGZdqS7Yg/viewform?usp=publish-editor
2025-12-10 12:46:31 - [INFO] - form_filler.py:75 - 偵測到 5 個輸入框
2025-12-10 12:46:33 - [INFO] - form_filler.py:101 - 欄位填寫完畢，嘗試提交...
2025-12-10 12:46:40 - [INFO] - form_filler.py:134 - ⚠️ 未偵測到成功文字，但網址已變更，視為提交成功
2025-12-10 12:46:40 - [INFO] - database.py:125 - [DB] 新聞 ID 18 狀態更新為: 'Y'
2025-12-10 12:46:40 - [INFO] - main.py:137 - -> 成功 (ID 18)
2025-12-10 12:46:43 - [INFO] - main.py:128 - [3/11] 填寫中: WrtHug Exploits...
2025-12-10 12:46:44 - [INFO] - form_filler.py:58 - 前往表單: https://docs.google.com/forms/d/e/1FAIpQLScUld1s4B_RNVnCqSmK_dzgC7fS0cNrZZxAAIrwmyGZdqS7Yg/viewform?usp=publish-editor
2025-12-10 12:46:45 - [INFO] - form_filler.py:75 - 偵測到 5 個輸入框
2025-12-10 12:46:48 - [INFO] - form_filler.py:101 - 欄位填寫完畢，嘗試提交...
2025-12-10 12:46:55 - [INFO] - form_filler.py:134 - ⚠️ 未偵測到成功文字，但網址已變更，視為提交成功
2025-12-10 12:46:55 - [INFO] - database.py:125 - [DB] 新聞 ID 17 狀態更新為: 'Y'
2025-12-10 12:46:55 - [INFO] - main.py:137 - -> 成功 (ID 17)
2025-12-10 12:46:58 - [INFO] - main.py:128 - [4/11] 填寫中: China-linked ha...
2025-12-10 12:46:59 - [INFO] - form_filler.py:58 - 前往表單: https://docs.google.com/forms/d/e/1FAIpQLScUld1s4B_RNVnCqSmK_dzgC7fS0cNrZZxAAIrwmyGZdqS7Yg/viewform?usp=publish-editor
2025-12-10 12:47:00 - [INFO] - form_filler.py:75 - 偵測到 5 個輸入框
2025-12-10 12:47:02 - [INFO] - form_filler.py:101 - 欄位填寫完畢，嘗試提交...
2025-12-10 12:47:09 - [INFO] - form_filler.py:134 - ⚠️ 未偵測到成功文字，但網址已變更，視為提交成功
2025-12-10 12:47:10 - [INFO] - database.py:125 - [DB] 新聞 ID 20 狀態更新為: 'Y'
2025-12-10 12:47:10 - [INFO] - main.py:137 - -> 成功 (ID 20)
2025-12-10 12:47:13 - [INFO] - main.py:128 - [5/11] 填寫中: 華碩路由器已知漏洞遭到利用，中...
2025-12-10 12:47:14 - [INFO] - form_filler.py:58 - 前往表單: https://docs.google.com/forms/d/e/1FAIpQLScUld1s4B_RNVnCqSmK_dzgC7fS0cNrZZxAAIrwmyGZdqS7Yg/viewform?usp=publish-editor
2025-12-10 12:47:15 - [INFO] - form_filler.py:75 - 偵測到 5 個輸入框
2025-12-10 12:47:19 - [INFO] - form_filler.py:101 - 欄位填寫完畢，嘗試提交...
2025-12-10 12:47:26 - [INFO] - form_filler.py:134 - ⚠️ 未偵測到成功文字，但網址已變更，視為提交成功
2025-12-10 12:47:26 - [INFO] - database.py:125 - [DB] 新聞 ID 21 狀態更新為: 'Y'
2025-12-10 12:47:26 - [INFO] - main.py:137 - -> 成功 (ID 21)
2025-12-10 12:47:29 - [INFO] - main.py:128 - [6/11] 填寫中: ASUS 緊急修補 DSL 路...
2025-12-10 12:47:30 - [INFO] - form_filler.py:58 - 前往表單: https://docs.google.com/forms/d/e/1FAIpQLScUld1s4B_RNVnCqSmK_dzgC7fS0cNrZZxAAIrwmyGZdqS7Yg/viewform?usp=publish-editor
2025-12-10 12:47:31 - [INFO] - form_filler.py:75 - 偵測到 5 個輸入框
2025-12-10 12:47:35 - [INFO] - form_filler.py:101 - 欄位填寫完畢，嘗試提交...
2025-12-10 12:47:42 - [INFO] - form_filler.py:134 - ⚠️ 未偵測到成功文字，但網址已變更，視為提交成功
2025-12-10 12:47:42 - [INFO] - database.py:125 - [DB] 新聞 ID 22 狀態更新為: 'Y'
2025-12-10 12:47:42 - [INFO] - main.py:137 - -> 成功 (ID 22)
2025-12-10 12:47:45 - [INFO] - main.py:128 - [7/11] 填寫中: 華碩用戶注意！大量路由器遭駭客...
2025-12-10 12:47:46 - [INFO] - form_filler.py:58 - 前往表單: https://docs.google.com/forms/d/e/1FAIpQLScUld1s4B_RNVnCqSmK_dzgC7fS0cNrZZxAAIrwmyGZdqS7Yg/viewform?usp=publish-editor
2025-12-10 12:47:48 - [INFO] - form_filler.py:75 - 偵測到 5 個輸入框
2025-12-10 12:47:51 - [INFO] - form_filler.py:101 - 欄位填寫完畢，嘗試提交...
2025-12-10 12:47:58 - [INFO] - form_filler.py:134 - ⚠️ 未偵測到成功文字，但網址已變更，視為提交成功
2025-12-10 12:47:58 - [INFO] - database.py:125 - [DB] 新聞 ID 23 狀態更新為: 'Y'
2025-12-10 12:47:58 - [INFO] - main.py:137 - -> 成功 (ID 23)
2025-12-10 12:48:01 - [INFO] - main.py:128 - [8/11] 填寫中: 【資安日報】11月20日，華碩...
2025-12-10 12:48:02 - [INFO] - form_filler.py:58 - 前往表單: https://docs.google.com/forms/d/e/1FAIpQLScUld1s4B_RNVnCqSmK_dzgC7fS0cNrZZxAAIrwmyGZdqS7Yg/viewform?usp=publish-editor
2025-12-10 12:48:03 - [INFO] - form_filler.py:75 - 偵測到 5 個輸入框
2025-12-10 12:48:06 - [INFO] - form_filler.py:101 - 欄位填寫完畢，嘗試提交...
2025-12-10 12:48:12 - [INFO] - form_filler.py:134 - ⚠️ 未偵測到成功文字，但網址已變更，視為提交成功
2025-12-10 12:48:12 - [INFO] - database.py:125 - [DB] 新聞 ID 24 狀態更新為: 'Y'
2025-12-10 12:48:12 - [INFO] - main.py:137 - -> 成功 (ID 24)
2025-12-10 12:48:16 - [INFO] - main.py:128 - [9/11] 填寫中: Operation WrtHu...
2025-12-10 12:48:17 - [INFO] - form_filler.py:58 - 前往表單: https://docs.google.com/forms/d/e/1FAIpQLScUld1s4B_RNVnCqSmK_dzgC7fS0cNrZZxAAIrwmyGZdqS7Yg/viewform?usp=publish-editor
2025-12-10 12:48:18 - [INFO] - form_filler.py:75 - 偵測到 5 個輸入框
2025-12-10 12:48:21 - [INFO] - form_filler.py:101 - 欄位填寫完畢，嘗試提交...
2025-12-10 12:48:28 - [INFO] - form_filler.py:134 - ⚠️ 未偵測到成功文字，但網址已變更，視為提交成功
2025-12-10 12:48:28 - [INFO] - database.py:125 - [DB] 新聞 ID 25 狀態更新為: 'Y'
2025-12-10 12:48:28 - [INFO] - main.py:137 - -> 成功 (ID 25)
2025-12-10 12:48:31 - [INFO] - main.py:128 - [10/11] 填寫中: New WrtHug camp...
2025-12-10 12:48:32 - [INFO] - form_filler.py:58 - 前往表單: https://docs.google.com/forms/d/e/1FAIpQLScUld1s4B_RNVnCqSmK_dzgC7fS0cNrZZxAAIrwmyGZdqS7Yg/viewform?usp=publish-editor
2025-12-10 12:48:33 - [INFO] - form_filler.py:75 - 偵測到 5 個輸入框
2025-12-10 12:48:35 - [INFO] - form_filler.py:101 - 欄位填寫完畢，嘗試提交...
2025-12-10 12:48:42 - [INFO] - form_filler.py:134 - ⚠️ 未偵測到成功文字，但網址已變更，視為提交成功
2025-12-10 12:48:42 - [INFO] - database.py:125 - [DB] 新聞 ID 28 狀態更新為: 'Y'
2025-12-10 12:48:42 - [INFO] - main.py:137 - -> 成功 (ID 28)
2025-12-10 12:48:45 - [INFO] - main.py:128 - [11/11] 填寫中: ASUS warns of n...
2025-12-10 12:48:46 - [INFO] - form_filler.py:58 - 前往表單: https://docs.google.com/forms/d/e/1FAIpQLScUld1s4B_RNVnCqSmK_dzgC7fS0cNrZZxAAIrwmyGZdqS7Yg/viewform?usp=publish-editor
2025-12-10 12:48:47 - [INFO] - form_filler.py:75 - 偵測到 5 個輸入框
2025-12-10 12:48:49 - [INFO] - form_filler.py:101 - 欄位填寫完畢，嘗試提交...
2025-12-10 12:48:56 - [INFO] - form_filler.py:134 - ⚠️ 未偵測到成功文字，但網址已變更，視為提交成功
2025-12-10 12:48:56 - [INFO] - database.py:125 - [DB] 新聞 ID 29 狀態更新為: 'Y'
2025-12-10 12:48:56 - [INFO] - main.py:137 - -> 成功 (ID 29)
2025-12-10 12:48:59 - [INFO] - main.py:169 - === 全部完成 ===
2025-12-10 12:48:59 - [INFO] - main.py:171 - 執行統計: 總共 11 筆 | 成功: 11 筆 | 失敗: 0 筆
2025-12-10 12:48:59 - [INFO] - main.py:178 - 進入待機模式，24.0 小時後將再次執行...
2025-12-10 14:33:43 - [INFO] - main.py:157 - === 系統啟動：進入自動化排程模式 ===
2025-12-10 14:33:45 - [INFO] - main.py:41 - === 階段一: 雙語多源爬蟲啟動 ===
2025-12-10 14:33:45 - [INFO] - scraper.py:28 - 啟動 Chrome Driver (V14 Final)...
2025-12-10 14:33:50 - [INFO] - main.py:48 - 執行任務: Google News (EN)...
2025-12-10 14:33:50 - [INFO] - scraper.py:164 - [Google News (EN) | en] 前往搜尋: https://www.google.com/search?q=ASUS router security&hl=en&tbm=nws&tbs=qdr:m6
2025-12-10 14:33:57 - [INFO] - scraper.py:192 - [Google News (EN)] 找到 10 筆原始資料
2025-12-10 14:33:58 - [INFO] - scraper.py:232 - [Google News (EN)] 保留 10 筆有效資料
2025-12-10 14:34:00 - [INFO] - main.py:48 - 執行任務: Google News (TW)...
2025-12-10 14:34:00 - [INFO] - scraper.py:164 - [Google News (TW) | zh-TW] 前往搜尋: https://www.google.com/search?q=華碩 路由器 資安&hl=zh-TW&tbm=nws&tbs=qdr:m6
2025-12-10 14:34:08 - [INFO] - scraper.py:192 - [Google News (TW)] 找到 10 筆原始資料
2025-12-10 14:34:09 - [INFO] - scraper.py:232 - [Google News (TW)] 保留 10 筆有效資料
2025-12-10 14:34:11 - [INFO] - main.py:48 - 執行任務: 官方資源...
2025-12-10 14:34:11 - [INFO] - scraper.py:164 - [官方資源 | en] 前往搜尋: https://www.google.com/search?q=site:asus.com security router&hl=en&tbs=qdr:y
2025-12-10 14:34:29 - [INFO] - scraper.py:192 - [官方資源] 找到 0 筆原始資料
2025-12-10 14:34:29 - [INFO] - scraper.py:232 - [官方資源] 保留 0 筆有效資料
2025-12-10 14:34:31 - [INFO] - main.py:48 - 執行任務: 資安通報...
2025-12-10 14:34:31 - [INFO] - scraper.py:164 - [資安通報 | en] 前往搜尋: https://www.google.com/search?q=site:bleepingcomputer.com OR site:thehackernews.com ASUS&hl=en&tbm=nws&tbs=qdr:m6
2025-12-10 14:34:39 - [INFO] - scraper.py:192 - [資安通報] 找到 10 筆原始資料
2025-12-10 14:34:39 - [INFO] - scraper.py:232 - [資安通報] 保留 7 筆有效資料
2025-12-10 14:34:41 - [INFO] - main.py:64 - 搜尋完成，共 15 筆，開始閱讀內文...
2025-12-10 14:34:41 - [INFO] - scraper.py:90 - 正在閱讀內文: https://press.asus.com/news/statements/asus-securi...
2025-12-10 14:34:44 - [INFO] - scraper.py:90 - 正在閱讀內文: https://thehackernews.com/2025/11/wrthug-exploits-...
2025-12-10 14:34:46 - [INFO] - scraper.py:90 - 正在閱讀內文: https://securityaffairs.com/184636/security/critic...
2025-12-10 14:34:51 - [INFO] - scraper.py:90 - 正在閱讀內文: https://www.techpowerup.com/339333/asus-implements...
2025-12-10 14:34:55 - [INFO] - scraper.py:90 - 正在閱讀內文: https://www.scworld.com/brief/china-linked-hackers...
2025-12-10 14:35:00 - [INFO] - scraper.py:90 - 正在閱讀內文: https://www.ithome.com.tw/news/172360...
2025-12-10 14:35:03 - [INFO] - scraper.py:90 - 正在閱讀內文: https://www.informationsecurity.com.tw/article/art...
2025-12-10 14:35:06 - [INFO] - scraper.py:90 - 正在閱讀內文: https://3c.ltn.com.tw/news/63982...
2025-12-10 14:35:10 - [INFO] - scraper.py:90 - 正在閱讀內文: https://www.ithome.com.tw/news/172369...
2025-12-10 14:35:13 - [INFO] - scraper.py:90 - 正在閱讀內文: https://blog.billows.com.tw/?p=4019...
2025-12-10 14:35:17 - [INFO] - scraper.py:90 - 正在閱讀內文: https://thehackernews.com/2025/11/wrthug-exploits-...
2025-12-10 14:35:19 - [INFO] - scraper.py:90 - 正在閱讀內文: https://thehackernews.com/2025/10/polaredge-target...
2025-12-10 14:35:21 - [INFO] - scraper.py:90 - 正在閱讀內文: https://www.bleepingcomputer.com/news/security/new...
2025-12-10 14:35:31 - [INFO] - scraper.py:90 - 正在閱讀內文: https://www.bleepingcomputer.com/news/security/asu...
2025-12-10 14:35:36 - [INFO] - scraper.py:90 - 正在閱讀內文: https://www.bleepingcomputer.com/news/security/asu...
2025-12-10 14:35:40 - [INFO] - database.py:75 - [DB] 批次作業結束: 輸入 15 筆 -> 實際新增 14 筆
2025-12-10 14:35:40 - [INFO] - main.py:97 - 階段一結束。資料庫實際新增: 14 筆。
2025-12-10 14:35:41 - [INFO] - scraper.py:64 - 爬蟲已結束並關閉
2025-12-10 14:35:43 - [INFO] - main.py:109 - === 階段二: 填寫表單 (Status='N') ===
2025-12-10 14:35:43 - [INFO] - main.py:123 - 發現 14 筆任務，啟動填表機器人...
2025-12-10 14:35:43 - [INFO] - main.py:128 - [1/14] 填寫中: ASUS Armoury Cr...
2025-12-10 14:35:44 - [INFO] - form_filler.py:58 - 前往表單: https://docs.google.com/forms/d/e/1FAIpQLScUld1s4B_RNVnCqSmK_dzgC7fS0cNrZZxAAIrwmyGZdqS7Yg/viewform?usp=publish-editor
2025-12-10 14:35:46 - [INFO] - form_filler.py:75 - 偵測到 5 個輸入框
2025-12-10 14:35:47 - [INFO] - form_filler.py:101 - 欄位填寫完畢，嘗試提交...
2025-12-10 14:35:53 - [INFO] - main.py:157 - === 系統啟動：進入自動化排程模式 ===
2025-12-10 14:35:54 - [INFO] - form_filler.py:134 - ⚠️ 未偵測到成功文字，但網址已變更，視為提交成功
2025-12-10 14:35:54 - [INFO] - database.py:125 - [DB] 新聞 ID 15 狀態更新為: 'Y'
2025-12-10 14:35:54 - [INFO] - main.py:137 - -> 成功 (ID 15)
2025-12-10 14:35:55 - [INFO] - main.py:41 - === 階段一: 雙語多源爬蟲啟動 ===
2025-12-10 14:35:55 - [INFO] - scraper.py:28 - 啟動 Chrome Driver (V14 Final)...
2025-12-10 14:35:56 - [INFO] - main.py:48 - 執行任務: Google News (EN)...
2025-12-10 14:35:56 - [INFO] - scraper.py:164 - [Google News (EN) | en] 前往搜尋: https://www.google.com/search?q=ASUS router security&hl=en&tbm=nws&tbs=qdr:m6
2025-12-10 14:35:57 - [INFO] - main.py:128 - [2/14] 填寫中: ASUS implements...
2025-12-10 14:35:58 - [INFO] - form_filler.py:58 - 前往表單: https://docs.google.com/forms/d/e/1FAIpQLScUld1s4B_RNVnCqSmK_dzgC7fS0cNrZZxAAIrwmyGZdqS7Yg/viewform?usp=publish-editor
2025-12-10 14:35:59 - [INFO] - form_filler.py:75 - 偵測到 5 個輸入框
2025-12-10 14:36:01 - [INFO] - form_filler.py:101 - 欄位填寫完畢，嘗試提交...
2025-12-10 14:36:04 - [INFO] - scraper.py:192 - [Google News (EN)] 找到 10 筆原始資料
2025-12-10 14:36:04 - [INFO] - scraper.py:232 - [Google News (EN)] 保留 10 筆有效資料
2025-12-10 14:36:06 - [INFO] - main.py:48 - 執行任務: Google News (TW)...
2025-12-10 14:36:06 - [INFO] - scraper.py:164 - [Google News (TW) | zh-TW] 前往搜尋: https://www.google.com/search?q=華碩 路由器 資安&hl=zh-TW&tbm=nws&tbs=qdr:m6
2025-12-10 14:36:08 - [INFO] - form_filler.py:134 - ⚠️ 未偵測到成功文字，但網址已變更，視為提交成功
2025-12-10 14:36:09 - [INFO] - database.py:125 - [DB] 新聞 ID 1 狀態更新為: 'Y'
2025-12-10 14:36:09 - [INFO] - main.py:137 - -> 成功 (ID 1)
2025-12-10 14:36:12 - [INFO] - main.py:128 - [3/14] 填寫中: ASUS Implements...
2025-12-10 14:36:12 - [INFO] - form_filler.py:58 - 前往表單: https://docs.google.com/forms/d/e/1FAIpQLScUld1s4B_RNVnCqSmK_dzgC7fS0cNrZZxAAIrwmyGZdqS7Yg/viewform?usp=publish-editor
2025-12-10 14:36:14 - [INFO] - form_filler.py:75 - 偵測到 5 個輸入框
2025-12-10 14:36:14 - [INFO] - scraper.py:192 - [Google News (TW)] 找到 10 筆原始資料
2025-12-10 14:36:15 - [INFO] - scraper.py:232 - [Google News (TW)] 保留 10 筆有效資料
2025-12-10 14:36:16 - [INFO] - form_filler.py:101 - 欄位填寫完畢，嘗試提交...
2025-12-10 14:36:17 - [INFO] - main.py:48 - 執行任務: 官方資源...
2025-12-10 14:36:17 - [INFO] - scraper.py:164 - [官方資源 | en] 前往搜尋: https://www.google.com/search?q=site:asus.com security router&hl=en&tbs=qdr:y
2025-12-10 14:36:23 - [INFO] - form_filler.py:134 - ⚠️ 未偵測到成功文字，但網址已變更，視為提交成功
2025-12-10 14:36:23 - [INFO] - database.py:125 - [DB] 新聞 ID 4 狀態更新為: 'Y'
2025-12-10 14:36:23 - [INFO] - main.py:137 - -> 成功 (ID 4)
2025-12-10 14:36:26 - [INFO] - main.py:128 - [4/14] 填寫中: PolarEdge Targe...
2025-12-10 14:36:27 - [INFO] - form_filler.py:58 - 前往表單: https://docs.google.com/forms/d/e/1FAIpQLScUld1s4B_RNVnCqSmK_dzgC7fS0cNrZZxAAIrwmyGZdqS7Yg/viewform?usp=publish-editor
2025-12-10 14:36:28 - [INFO] - form_filler.py:75 - 偵測到 5 個輸入框
2025-12-10 14:36:29 - [INFO] - form_filler.py:101 - 欄位填寫完畢，嘗試提交...
2025-12-10 14:36:35 - [INFO] - scraper.py:192 - [官方資源] 找到 0 筆原始資料
2025-12-10 14:36:35 - [INFO] - scraper.py:232 - [官方資源] 保留 0 筆有效資料
2025-12-10 14:36:36 - [INFO] - form_filler.py:134 - ⚠️ 未偵測到成功文字，但網址已變更，視為提交成功
2025-12-10 14:36:36 - [INFO] - database.py:125 - [DB] 新聞 ID 12 狀態更新為: 'Y'
2025-12-10 14:36:36 - [INFO] - main.py:137 - -> 成功 (ID 12)
2025-12-10 14:36:37 - [INFO] - main.py:48 - 執行任務: 資安通報...
2025-12-10 14:36:37 - [INFO] - scraper.py:164 - [資安通報 | en] 前往搜尋: https://www.google.com/search?q=site:bleepingcomputer.com OR site:thehackernews.com ASUS&hl=en&tbm=nws&tbs=qdr:m6
2025-12-10 14:36:39 - [INFO] - main.py:128 - [5/14] 填寫中: Critical CVE-20...
2025-12-10 14:36:40 - [INFO] - form_filler.py:58 - 前往表單: https://docs.google.com/forms/d/e/1FAIpQLScUld1s4B_RNVnCqSmK_dzgC7fS0cNrZZxAAIrwmyGZdqS7Yg/viewform?usp=publish-editor
2025-12-10 14:36:41 - [INFO] - form_filler.py:75 - 偵測到 5 個輸入框
2025-12-10 14:36:43 - [INFO] - form_filler.py:101 - 欄位填寫完畢，嘗試提交...
2025-12-10 14:36:45 - [INFO] - scraper.py:192 - [資安通報] 找到 10 筆原始資料
2025-12-10 14:36:45 - [INFO] - scraper.py:232 - [資安通報] 保留 7 筆有效資料
2025-12-10 14:36:47 - [INFO] - main.py:64 - 搜尋完成，共 15 筆，開始閱讀內文...
2025-12-10 14:36:47 - [INFO] - scraper.py:90 - 正在閱讀內文: https://press.asus.com/news/statements/asus-securi...
2025-12-10 14:36:49 - [INFO] - form_filler.py:134 - ⚠️ 未偵測到成功文字，但網址已變更，視為提交成功
2025-12-10 14:36:50 - [INFO] - database.py:125 - [DB] 新聞 ID 3 狀態更新為: 'Y'
2025-12-10 14:36:50 - [INFO] - main.py:137 - -> 成功 (ID 3)
2025-12-10 14:36:50 - [INFO] - scraper.py:90 - 正在閱讀內文: https://thehackernews.com/2025/11/wrthug-exploits-...
2025-12-10 14:36:53 - [INFO] - main.py:128 - [6/14] 填寫中: WrtHug Exploits...
2025-12-10 14:36:53 - [INFO] - scraper.py:90 - 正在閱讀內文: https://securityaffairs.com/184636/security/critic...
2025-12-10 14:36:53 - [INFO] - form_filler.py:58 - 前往表單: https://docs.google.com/forms/d/e/1FAIpQLScUld1s4B_RNVnCqSmK_dzgC7fS0cNrZZxAAIrwmyGZdqS7Yg/viewform?usp=publish-editor
2025-12-10 14:36:54 - [INFO] - form_filler.py:75 - 偵測到 5 個輸入框
2025-12-10 14:36:56 - [INFO] - form_filler.py:101 - 欄位填寫完畢，嘗試提交...
2025-12-10 14:36:57 - [INFO] - scraper.py:90 - 正在閱讀內文: https://tech.yahoo.com/cybersecurity/articles/asus...
2025-12-10 14:37:02 - [INFO] - scraper.py:90 - 正在閱讀內文: https://www.techpowerup.com/339333/asus-implements...
2025-12-10 14:37:03 - [INFO] - form_filler.py:134 - ⚠️ 未偵測到成功文字，但網址已變更，視為提交成功
2025-12-10 14:37:03 - [INFO] - database.py:125 - [DB] 新聞 ID 2 狀態更新為: 'Y'
2025-12-10 14:37:03 - [INFO] - main.py:137 - -> 成功 (ID 2)
2025-12-10 14:37:05 - [INFO] - scraper.py:90 - 正在閱讀內文: https://www.ithome.com.tw/news/172360...
2025-12-10 14:37:06 - [INFO] - main.py:128 - [7/14] 填寫中: China-linked ha...
2025-12-10 14:37:07 - [INFO] - form_filler.py:58 - 前往表單: https://docs.google.com/forms/d/e/1FAIpQLScUld1s4B_RNVnCqSmK_dzgC7fS0cNrZZxAAIrwmyGZdqS7Yg/viewform?usp=publish-editor
2025-12-10 14:37:08 - [INFO] - form_filler.py:75 - 偵測到 5 個輸入框
2025-12-10 14:37:09 - [INFO] - scraper.py:90 - 正在閱讀內文: https://www.informationsecurity.com.tw/article/art...
2025-12-10 14:37:10 - [INFO] - form_filler.py:101 - 欄位填寫完畢，嘗試提交...
2025-12-10 14:37:12 - [INFO] - scraper.py:90 - 正在閱讀內文: https://3c.ltn.com.tw/news/63982...
2025-12-10 14:37:16 - [INFO] - scraper.py:90 - 正在閱讀內文: https://www.ithome.com.tw/news/172369...
2025-12-10 14:37:16 - [INFO] - form_filler.py:134 - ⚠️ 未偵測到成功文字，但網址已變更，視為提交成功
2025-12-10 14:37:17 - [INFO] - database.py:125 - [DB] 新聞 ID 5 狀態更新為: 'Y'
2025-12-10 14:37:17 - [INFO] - main.py:137 - -> 成功 (ID 5)
2025-12-10 14:37:19 - [INFO] - scraper.py:90 - 正在閱讀內文: https://blog.billows.com.tw/?p=4019...
2025-12-10 14:37:20 - [INFO] - main.py:128 - [8/14] 填寫中: 華碩路由器已知漏洞遭到利用，中...
2025-12-10 14:37:20 - [INFO] - form_filler.py:58 - 前往表單: https://docs.google.com/forms/d/e/1FAIpQLScUld1s4B_RNVnCqSmK_dzgC7fS0cNrZZxAAIrwmyGZdqS7Yg/viewform?usp=publish-editor
2025-12-10 14:37:21 - [INFO] - form_filler.py:75 - 偵測到 5 個輸入框
2025-12-10 14:37:22 - [INFO] - scraper.py:90 - 正在閱讀內文: https://thehackernews.com/2025/11/wrthug-exploits-...
2025-12-10 14:37:25 - [INFO] - form_filler.py:101 - 欄位填寫完畢，嘗試提交...
2025-12-10 14:37:25 - [INFO] - scraper.py:90 - 正在閱讀內文: https://thehackernews.com/2025/10/polaredge-target...
2025-12-10 14:37:28 - [INFO] - scraper.py:90 - 正在閱讀內文: https://www.bleepingcomputer.com/news/security/new...
2025-12-10 14:37:31 - [INFO] - form_filler.py:134 - ⚠️ 未偵測到成功文字，但網址已變更，視為提交成功
2025-12-10 14:37:33 - [INFO] - database.py:125 - [DB] 新聞 ID 6 狀態更新為: 'Y'
2025-12-10 14:37:33 - [INFO] - main.py:137 - -> 成功 (ID 6)
2025-12-10 14:37:36 - [INFO] - main.py:128 - [9/14] 填寫中: ASUS 緊急修補 DSL 路...
2025-12-10 14:37:37 - [INFO] - form_filler.py:58 - 前往表單: https://docs.google.com/forms/d/e/1FAIpQLScUld1s4B_RNVnCqSmK_dzgC7fS0cNrZZxAAIrwmyGZdqS7Yg/viewform?usp=publish-editor
2025-12-10 14:37:39 - [INFO] - form_filler.py:75 - 偵測到 5 個輸入框
2025-12-10 14:37:42 - [INFO] - form_filler.py:101 - 欄位填寫完畢，嘗試提交...
2025-12-10 14:37:49 - [INFO] - form_filler.py:134 - ⚠️ 未偵測到成功文字，但網址已變更，視為提交成功
2025-12-10 14:37:49 - [INFO] - database.py:125 - [DB] 新聞 ID 7 狀態更新為: 'Y'
2025-12-10 14:37:49 - [INFO] - main.py:137 - -> 成功 (ID 7)
2025-12-10 14:37:52 - [INFO] - main.py:128 - [10/14] 填寫中: 華碩用戶注意！大量路由器遭駭客...
2025-12-10 14:37:53 - [INFO] - form_filler.py:58 - 前往表單: https://docs.google.com/forms/d/e/1FAIpQLScUld1s4B_RNVnCqSmK_dzgC7fS0cNrZZxAAIrwmyGZdqS7Yg/viewform?usp=publish-editor
2025-12-10 14:37:55 - [INFO] - form_filler.py:75 - 偵測到 5 個輸入框
2025-12-10 14:37:57 - [INFO] - form_filler.py:101 - 欄位填寫完畢，嘗試提交...
2025-12-10 14:38:04 - [INFO] - form_filler.py:134 - ⚠️ 未偵測到成功文字，但網址已變更，視為提交成功
2025-12-10 14:38:04 - [INFO] - database.py:125 - [DB] 新聞 ID 8 狀態更新為: 'Y'
2025-12-10 14:38:04 - [INFO] - main.py:137 - -> 成功 (ID 8)
2025-12-10 14:38:07 - [INFO] - main.py:128 - [11/14] 填寫中: 【資安日報】11月20日，華碩...
2025-12-10 14:38:08 - [INFO] - form_filler.py:58 - 前往表單: https://docs.google.com/forms/d/e/1FAIpQLScUld1s4B_RNVnCqSmK_dzgC7fS0cNrZZxAAIrwmyGZdqS7Yg/viewform?usp=publish-editor
2025-12-10 14:38:10 - [INFO] - form_filler.py:75 - 偵測到 5 個輸入框
2025-12-10 14:38:12 - [INFO] - form_filler.py:101 - 欄位填寫完畢，嘗試提交...
2025-12-10 14:38:19 - [INFO] - form_filler.py:134 - ⚠️ 未偵測到成功文字，但網址已變更，視為提交成功
2025-12-10 14:38:19 - [INFO] - database.py:125 - [DB] 新聞 ID 9 狀態更新為: 'Y'
2025-12-10 14:38:19 - [INFO] - main.py:137 - -> 成功 (ID 9)
2025-12-10 14:38:22 - [INFO] - main.py:128 - [12/14] 填寫中: Operation WrtHu...
2025-12-10 14:38:23 - [INFO] - form_filler.py:58 - 前往表單: https://docs.google.com/forms/d/e/1FAIpQLScUld1s4B_RNVnCqSmK_dzgC7fS0cNrZZxAAIrwmyGZdqS7Yg/viewform?usp=publish-editor
2025-12-10 14:38:24 - [INFO] - form_filler.py:75 - 偵測到 5 個輸入框
2025-12-10 14:38:27 - [INFO] - form_filler.py:101 - 欄位填寫完畢，嘗試提交...
2025-12-10 14:38:34 - [INFO] - form_filler.py:134 - ⚠️ 未偵測到成功文字，但網址已變更，視為提交成功
2025-12-10 14:38:34 - [INFO] - database.py:125 - [DB] 新聞 ID 10 狀態更新為: 'Y'
2025-12-10 14:38:34 - [INFO] - main.py:137 - -> 成功 (ID 10)
2025-12-10 14:38:37 - [INFO] - main.py:128 - [13/14] 填寫中: New WrtHug camp...
2025-12-10 14:38:38 - [INFO] - form_filler.py:58 - 前往表單: https://docs.google.com/forms/d/e/1FAIpQLScUld1s4B_RNVnCqSmK_dzgC7fS0cNrZZxAAIrwmyGZdqS7Yg/viewform?usp=publish-editor
2025-12-10 14:38:38 - [INFO] - form_filler.py:75 - 偵測到 5 個輸入框
2025-12-10 14:38:40 - [INFO] - form_filler.py:101 - 欄位填寫完畢，嘗試提交...
2025-12-10 14:38:47 - [INFO] - form_filler.py:134 - ⚠️ 未偵測到成功文字，但網址已變更，視為提交成功
2025-12-10 14:38:47 - [INFO] - database.py:125 - [DB] 新聞 ID 13 狀態更新為: 'Y'
2025-12-10 14:38:47 - [INFO] - main.py:137 - -> 成功 (ID 13)
2025-12-10 14:38:50 - [INFO] - main.py:128 - [14/14] 填寫中: ASUS warns of n...
2025-12-10 14:38:51 - [INFO] - form_filler.py:58 - 前往表單: https://docs.google.com/forms/d/e/1FAIpQLScUld1s4B_RNVnCqSmK_dzgC7fS0cNrZZxAAIrwmyGZdqS7Yg/viewform?usp=publish-editor
2025-12-10 14:38:52 - [INFO] - form_filler.py:75 - 偵測到 5 個輸入框
2025-12-10 14:38:53 - [INFO] - form_filler.py:101 - 欄位填寫完畢，嘗試提交...
2025-12-10 14:39:00 - [INFO] - form_filler.py:134 - ⚠️ 未偵測到成功文字，但網址已變更，視為提交成功
2025-12-10 14:39:00 - [INFO] - database.py:125 - [DB] 新聞 ID 14 狀態更新為: 'Y'
2025-12-10 14:39:00 - [INFO] - main.py:137 - -> 成功 (ID 14)
2025-12-10 14:39:03 - [INFO] - main.py:169 - === 全部完成 ===
2025-12-10 14:39:03 - [INFO] - main.py:171 - 執行統計: 總共 14 筆 | 成功: 14 筆 | 失敗: 0 筆
2025-12-10 14:39:03 - [INFO] - main.py:178 - 進入待機模式，24.0 小時後將再次執行...
2025-12-10 14:40:47 - [INFO] - scraper.py:64 - 爬蟲已結束並關閉
2025-12-10 14:42:10 - [INFO] - main.py:157 - === 系統啟動：進入自動化排程模式 ===
2025-12-10 14:42:12 - [INFO] - main.py:41 - === 階段一: 雙語多源爬蟲啟動 ===
2025-12-10 14:42:12 - [INFO] - scraper.py:28 - 啟動 Chrome Driver (V14 Final)...
2025-12-10 14:42:18 - [INFO] - main.py:157 - === 系統啟動：進入自動化排程模式 ===
2025-12-10 14:42:19 - [INFO] - main.py:48 - 執行任務: Google News (EN)...
2025-12-10 14:42:19 - [INFO] - scraper.py:164 - [Google News (EN) | en] 前往搜尋: https://www.google.com/search?q=ASUS router security&hl=en&tbm=nws&tbs=qdr:m6
2025-12-10 14:42:20 - [INFO] - main.py:41 - === 階段一: 雙語多源爬蟲啟動 ===
2025-12-10 14:42:20 - [INFO] - scraper.py:28 - 啟動 Chrome Driver (V14 Final)...
2025-12-10 14:42:21 - [INFO] - main.py:48 - 執行任務: Google News (EN)...
2025-12-10 14:42:21 - [INFO] - scraper.py:164 - [Google News (EN) | en] 前往搜尋: https://www.google.com/search?q=ASUS router security&hl=en&tbm=nws&tbs=qdr:m6
2025-12-10 14:42:27 - [INFO] - scraper.py:192 - [Google News (EN)] 找到 10 筆原始資料
2025-12-10 14:42:27 - [INFO] - scraper.py:232 - [Google News (EN)] 保留 10 筆有效資料
2025-12-10 14:42:28 - [INFO] - scraper.py:192 - [Google News (EN)] 找到 10 筆原始資料
2025-12-10 14:42:29 - [INFO] - scraper.py:232 - [Google News (EN)] 保留 10 筆有效資料
2025-12-10 14:42:29 - [INFO] - main.py:48 - 執行任務: Google News (TW)...
2025-12-10 14:42:29 - [INFO] - scraper.py:164 - [Google News (TW) | zh-TW] 前往搜尋: https://www.google.com/search?q=華碩 路由器 資安&hl=zh-TW&tbm=nws&tbs=qdr:m6
2025-12-10 14:42:31 - [INFO] - main.py:48 - 執行任務: Google News (TW)...
2025-12-10 14:42:31 - [INFO] - scraper.py:164 - [Google News (TW) | zh-TW] 前往搜尋: https://www.google.com/search?q=華碩 路由器 資安&hl=zh-TW&tbm=nws&tbs=qdr:m6
2025-12-10 14:42:37 - [INFO] - scraper.py:192 - [Google News (TW)] 找到 10 筆原始資料
2025-12-10 14:42:38 - [INFO] - scraper.py:232 - [Google News (TW)] 保留 10 筆有效資料
2025-12-10 14:42:39 - [INFO] - scraper.py:192 - [Google News (TW)] 找到 10 筆原始資料
2025-12-10 14:42:39 - [INFO] - scraper.py:232 - [Google News (TW)] 保留 10 筆有效資料
2025-12-10 14:42:40 - [INFO] - main.py:48 - 執行任務: 官方資源...
2025-12-10 14:42:40 - [INFO] - scraper.py:164 - [官方資源 | en] 前往搜尋: https://www.google.com/search?q=site:asus.com security router&hl=en&tbs=qdr:y
2025-12-10 14:42:41 - [INFO] - main.py:48 - 執行任務: 官方資源...
2025-12-10 14:42:41 - [INFO] - scraper.py:164 - [官方資源 | en] 前往搜尋: https://www.google.com/search?q=site:asus.com security router&hl=en&tbs=qdr:y
2025-12-10 14:42:58 - [INFO] - scraper.py:192 - [官方資源] 找到 0 筆原始資料
2025-12-10 14:42:58 - [INFO] - scraper.py:232 - [官方資源] 保留 0 筆有效資料
2025-12-10 14:42:59 - [INFO] - scraper.py:192 - [官方資源] 找到 0 筆原始資料
2025-12-10 14:42:59 - [INFO] - scraper.py:232 - [官方資源] 保留 0 筆有效資料
2025-12-10 14:43:00 - [INFO] - main.py:48 - 執行任務: 資安通報...
2025-12-10 14:43:00 - [INFO] - scraper.py:164 - [資安通報 | en] 前往搜尋: https://www.google.com/search?q=site:bleepingcomputer.com OR site:thehackernews.com ASUS&hl=en&tbm=nws&tbs=qdr:m6
2025-12-10 14:43:01 - [INFO] - main.py:48 - 執行任務: 資安通報...
2025-12-10 14:43:01 - [INFO] - scraper.py:164 - [資安通報 | en] 前往搜尋: https://www.google.com/search?q=site:bleepingcomputer.com OR site:thehackernews.com ASUS&hl=en&tbm=nws&tbs=qdr:m6
2025-12-10 14:43:07 - [INFO] - scraper.py:192 - [資安通報] 找到 10 筆原始資料
2025-12-10 14:43:08 - [INFO] - scraper.py:232 - [資安通報] 保留 7 筆有效資料
2025-12-10 14:43:08 - [INFO] - scraper.py:192 - [資安通報] 找到 10 筆原始資料
2025-12-10 14:43:09 - [INFO] - scraper.py:232 - [資安通報] 保留 7 筆有效資料
2025-12-10 14:43:10 - [INFO] - main.py:64 - 搜尋完成，共 15 筆，開始閱讀內文...
2025-12-10 14:43:10 - [INFO] - scraper.py:90 - 正在閱讀內文: https://press.asus.com/news/statements/asus-securi...
2025-12-10 14:43:11 - [INFO] - main.py:64 - 搜尋完成，共 15 筆，開始閱讀內文...
2025-12-10 14:43:11 - [INFO] - scraper.py:90 - 正在閱讀內文: https://press.asus.com/news/statements/asus-securi...
2025-12-10 14:43:12 - [INFO] - scraper.py:90 - 正在閱讀內文: https://thehackernews.com/2025/11/wrthug-exploits-...
2025-12-10 14:43:14 - [INFO] - scraper.py:90 - 正在閱讀內文: https://thehackernews.com/2025/11/wrthug-exploits-...
2025-12-10 14:43:15 - [INFO] - scraper.py:90 - 正在閱讀內文: https://securityaffairs.com/184636/security/critic...
2025-12-10 14:43:16 - [INFO] - scraper.py:90 - 正在閱讀內文: https://securityaffairs.com/184636/security/critic...
2025-12-10 14:43:20 - [INFO] - scraper.py:90 - 正在閱讀內文: https://tech.yahoo.com/cybersecurity/articles/asus...
2025-12-10 14:43:21 - [INFO] - scraper.py:90 - 正在閱讀內文: https://www.techpowerup.com/339333/asus-implements...
2025-12-10 14:43:24 - [INFO] - scraper.py:90 - 正在閱讀內文: https://www.scworld.com/brief/china-linked-hackers...
2025-12-10 14:43:32 - [INFO] - scraper.py:90 - 正在閱讀內文: https://www.ithome.com.tw/news/172360...
2025-12-10 14:43:32 - [INFO] - scraper.py:90 - 正在閱讀內文: https://www.techpowerup.com/339333/asus-implements...
2025-12-10 14:43:35 - [INFO] - scraper.py:90 - 正在閱讀內文: https://www.informationsecurity.com.tw/article/art...
2025-12-10 14:43:35 - [INFO] - scraper.py:90 - 正在閱讀內文: https://www.ithome.com.tw/news/172360...
2025-12-10 14:43:37 - [INFO] - scraper.py:90 - 正在閱讀內文: https://3c.ltn.com.tw/news/63982...
2025-12-10 14:43:38 - [INFO] - scraper.py:90 - 正在閱讀內文: https://www.informationsecurity.com.tw/article/art...
2025-12-10 14:43:41 - [INFO] - scraper.py:90 - 正在閱讀內文: https://www.ithome.com.tw/news/172369...
2025-12-10 14:43:41 - [INFO] - scraper.py:90 - 正在閱讀內文: https://3c.ltn.com.tw/news/63982...
2025-12-10 14:43:44 - [INFO] - scraper.py:90 - 正在閱讀內文: https://www.ithome.com.tw/news/172369...
2025-12-10 14:43:45 - [INFO] - scraper.py:90 - 正在閱讀內文: https://blog.billows.com.tw/?p=4019...
2025-12-10 14:43:47 - [INFO] - scraper.py:90 - 正在閱讀內文: https://thehackernews.com/2025/11/wrthug-exploits-...
2025-12-10 14:43:48 - [INFO] - scraper.py:90 - 正在閱讀內文: https://blog.billows.com.tw/?p=4019...
2025-12-10 14:43:50 - [INFO] - scraper.py:90 - 正在閱讀內文: https://thehackernews.com/2025/10/polaredge-target...
2025-12-10 14:43:52 - [INFO] - scraper.py:90 - 正在閱讀內文: https://thehackernews.com/2025/11/wrthug-exploits-...
2025-12-10 14:43:53 - [INFO] - scraper.py:90 - 正在閱讀內文: https://www.bleepingcomputer.com/news/security/new...
2025-12-10 14:43:54 - [INFO] - scraper.py:90 - 正在閱讀內文: https://thehackernews.com/2025/10/polaredge-target...
2025-12-10 14:43:56 - [INFO] - scraper.py:90 - 正在閱讀內文: https://www.bleepingcomputer.com/news/security/new...
2025-12-10 14:44:09 - [INFO] - scraper.py:90 - 正在閱讀內文: https://www.bleepingcomputer.com/news/security/asu...
2025-12-10 14:44:10 - [INFO] - scraper.py:90 - 正在閱讀內文: https://www.bleepingcomputer.com/news/security/asu...
2025-12-10 14:44:15 - [INFO] - scraper.py:90 - 正在閱讀內文: https://www.bleepingcomputer.com/news/security/asu...
2025-12-10 14:44:16 - [INFO] - scraper.py:90 - 正在閱讀內文: https://www.bleepingcomputer.com/news/security/asu...
2025-12-10 14:44:24 - [INFO] - database.py:75 - [DB] 批次作業結束: 輸入 15 筆 -> 實際新增 14 筆
2025-12-10 14:44:24 - [INFO] - main.py:97 - 階段一結束。資料庫實際新增: 14 筆。
2025-12-10 14:44:24 - [ERROR] - database.py:80 - [DB Error] 寫入失敗: 1213 (40001): Deadlock found when trying to get lock; try restarting transaction
2025-12-10 14:44:24 - [INFO] - main.py:97 - 階段一結束。資料庫實際新增: 0 筆。
2025-12-10 14:44:25 - [INFO] - scraper.py:64 - 爬蟲已結束並關閉
2025-12-10 14:44:25 - [INFO] - scraper.py:64 - 爬蟲已結束並關閉
2025-12-10 14:44:27 - [INFO] - main.py:109 - === 階段二: 填寫表單 (Status='N') ===
2025-12-10 14:44:27 - [INFO] - main.py:109 - === 階段二: 填寫表單 (Status='N') ===
2025-12-10 14:44:27 - [INFO] - main.py:123 - 發現 14 筆任務，啟動填表機器人...
2025-12-10 14:44:27 - [INFO] - main.py:123 - 發現 14 筆任務，啟動填表機器人...
2025-12-10 14:44:27 - [INFO] - main.py:128 - [1/14] 填寫中: ASUS Armoury Cr...
2025-12-10 14:44:27 - [INFO] - main.py:128 - [1/14] 填寫中: ASUS Armoury Cr...
2025-12-10 14:44:29 - [INFO] - form_filler.py:58 - 前往表單: https://docs.google.com/forms/d/e/1FAIpQLScUld1s4B_RNVnCqSmK_dzgC7fS0cNrZZxAAIrwmyGZdqS7Yg/viewform?usp=publish-editor
2025-12-10 14:44:29 - [INFO] - form_filler.py:58 - 前往表單: https://docs.google.com/forms/d/e/1FAIpQLScUld1s4B_RNVnCqSmK_dzgC7fS0cNrZZxAAIrwmyGZdqS7Yg/viewform?usp=publish-editor
2025-12-10 14:44:30 - [INFO] - form_filler.py:75 - 偵測到 5 個輸入框
2025-12-10 14:44:30 - [INFO] - form_filler.py:75 - 偵測到 5 個輸入框
2025-12-10 14:44:32 - [INFO] - form_filler.py:101 - 欄位填寫完畢，嘗試提交...
2025-12-10 14:44:32 - [INFO] - form_filler.py:101 - 欄位填寫完畢，嘗試提交...
2025-12-10 14:44:39 - [INFO] - form_filler.py:134 - ⚠️ 未偵測到成功文字，但網址已變更，視為提交成功
2025-12-10 14:44:39 - [INFO] - database.py:125 - [DB] 新聞 ID 16 狀態更新為: 'Y'
2025-12-10 14:44:39 - [INFO] - main.py:137 - -> 成功 (ID 16)
2025-12-10 14:44:40 - [INFO] - form_filler.py:134 - ⚠️ 未偵測到成功文字，但網址已變更，視為提交成功
2025-12-10 14:44:40 - [INFO] - database.py:125 - [DB] 新聞 ID 16 狀態更新為: 'Y'
2025-12-10 14:44:40 - [INFO] - main.py:137 - -> 成功 (ID 16)
2025-12-10 14:44:42 - [INFO] - main.py:128 - [2/14] 填寫中: ASUS implements...
2025-12-10 14:44:43 - [INFO] - main.py:128 - [2/14] 填寫中: ASUS implements...
2025-12-10 14:44:43 - [INFO] - form_filler.py:58 - 前往表單: https://docs.google.com/forms/d/e/1FAIpQLScUld1s4B_RNVnCqSmK_dzgC7fS0cNrZZxAAIrwmyGZdqS7Yg/viewform?usp=publish-editor
2025-12-10 14:44:44 - [INFO] - form_filler.py:58 - 前往表單: https://docs.google.com/forms/d/e/1FAIpQLScUld1s4B_RNVnCqSmK_dzgC7fS0cNrZZxAAIrwmyGZdqS7Yg/viewform?usp=publish-editor
2025-12-10 14:44:44 - [INFO] - form_filler.py:75 - 偵測到 5 個輸入框
2025-12-10 14:44:45 - [INFO] - form_filler.py:75 - 偵測到 5 個輸入框
2025-12-10 14:44:46 - [INFO] - form_filler.py:101 - 欄位填寫完畢，嘗試提交...
2025-12-10 14:44:47 - [INFO] - form_filler.py:101 - 欄位填寫完畢，嘗試提交...
2025-12-10 14:44:53 - [INFO] - form_filler.py:134 - ⚠️ 未偵測到成功文字，但網址已變更，視為提交成功
2025-12-10 14:44:53 - [INFO] - database.py:125 - [DB] 新聞 ID 2 狀態更新為: 'Y'
2025-12-10 14:44:53 - [INFO] - main.py:137 - -> 成功 (ID 2)
2025-12-10 14:44:54 - [INFO] - form_filler.py:134 - ⚠️ 未偵測到成功文字，但網址已變更，視為提交成功
2025-12-10 14:44:54 - [INFO] - database.py:125 - [DB] 新聞 ID 2 狀態更新為: 'Y'
2025-12-10 14:44:54 - [INFO] - main.py:137 - -> 成功 (ID 2)
2025-12-10 14:44:56 - [INFO] - main.py:128 - [3/14] 填寫中: ASUS Implements...
2025-12-10 14:44:57 - [INFO] - main.py:128 - [3/14] 填寫中: ASUS Implements...
2025-12-10 14:44:57 - [INFO] - form_filler.py:58 - 前往表單: https://docs.google.com/forms/d/e/1FAIpQLScUld1s4B_RNVnCqSmK_dzgC7fS0cNrZZxAAIrwmyGZdqS7Yg/viewform?usp=publish-editor
2025-12-10 14:44:58 - [INFO] - form_filler.py:58 - 前往表單: https://docs.google.com/forms/d/e/1FAIpQLScUld1s4B_RNVnCqSmK_dzgC7fS0cNrZZxAAIrwmyGZdqS7Yg/viewform?usp=publish-editor
2025-12-10 14:44:58 - [INFO] - form_filler.py:75 - 偵測到 5 個輸入框
2025-12-10 14:44:59 - [INFO] - form_filler.py:75 - 偵測到 5 個輸入框
2025-12-10 14:45:00 - [INFO] - form_filler.py:101 - 欄位填寫完畢，嘗試提交...
2025-12-10 14:45:01 - [INFO] - form_filler.py:101 - 欄位填寫完畢，嘗試提交...
2025-12-10 14:45:07 - [INFO] - form_filler.py:134 - ⚠️ 未偵測到成功文字，但網址已變更，視為提交成功
2025-12-10 14:45:07 - [INFO] - database.py:125 - [DB] 新聞 ID 5 狀態更新為: 'Y'
2025-12-10 14:45:07 - [INFO] - main.py:137 - -> 成功 (ID 5)
2025-12-10 14:45:08 - [INFO] - form_filler.py:134 - ⚠️ 未偵測到成功文字，但網址已變更，視為提交成功
2025-12-10 14:45:08 - [INFO] - database.py:125 - [DB] 新聞 ID 5 狀態更新為: 'Y'
2025-12-10 14:45:08 - [INFO] - main.py:137 - -> 成功 (ID 5)
2025-12-10 14:45:10 - [INFO] - main.py:128 - [4/14] 填寫中: PolarEdge Targe...
2025-12-10 14:45:11 - [INFO] - main.py:128 - [4/14] 填寫中: PolarEdge Targe...
2025-12-10 14:45:11 - [INFO] - form_filler.py:58 - 前往表單: https://docs.google.com/forms/d/e/1FAIpQLScUld1s4B_RNVnCqSmK_dzgC7fS0cNrZZxAAIrwmyGZdqS7Yg/viewform?usp=publish-editor
2025-12-10 14:45:12 - [INFO] - form_filler.py:58 - 前往表單: https://docs.google.com/forms/d/e/1FAIpQLScUld1s4B_RNVnCqSmK_dzgC7fS0cNrZZxAAIrwmyGZdqS7Yg/viewform?usp=publish-editor
2025-12-10 14:45:13 - [INFO] - form_filler.py:75 - 偵測到 5 個輸入框
2025-12-10 14:45:14 - [INFO] - form_filler.py:75 - 偵測到 5 個輸入框
2025-12-10 14:45:15 - [INFO] - form_filler.py:101 - 欄位填寫完畢，嘗試提交...
2025-12-10 14:45:15 - [INFO] - form_filler.py:101 - 欄位填寫完畢，嘗試提交...
2025-12-10 14:45:21 - [INFO] - form_filler.py:134 - ⚠️ 未偵測到成功文字，但網址已變更，視為提交成功
2025-12-10 14:45:22 - [INFO] - database.py:125 - [DB] 新聞 ID 13 狀態更新為: 'Y'
2025-12-10 14:45:22 - [INFO] - main.py:137 - -> 成功 (ID 13)
2025-12-10 14:45:22 - [INFO] - form_filler.py:134 - ⚠️ 未偵測到成功文字，但網址已變更，視為提交成功
2025-12-10 14:45:22 - [INFO] - database.py:125 - [DB] 新聞 ID 13 狀態更新為: 'Y'
2025-12-10 14:45:22 - [INFO] - main.py:137 - -> 成功 (ID 13)
2025-12-10 14:45:25 - [INFO] - main.py:128 - [5/14] 填寫中: Critical CVE-20...
2025-12-10 14:45:25 - [INFO] - main.py:128 - [5/14] 填寫中: Critical CVE-20...
2025-12-10 14:45:26 - [INFO] - form_filler.py:58 - 前往表單: https://docs.google.com/forms/d/e/1FAIpQLScUld1s4B_RNVnCqSmK_dzgC7fS0cNrZZxAAIrwmyGZdqS7Yg/viewform?usp=publish-editor
2025-12-10 14:45:26 - [INFO] - form_filler.py:58 - 前往表單: https://docs.google.com/forms/d/e/1FAIpQLScUld1s4B_RNVnCqSmK_dzgC7fS0cNrZZxAAIrwmyGZdqS7Yg/viewform?usp=publish-editor
2025-12-10 14:45:27 - [INFO] - form_filler.py:75 - 偵測到 5 個輸入框
2025-12-10 14:45:27 - [INFO] - form_filler.py:75 - 偵測到 5 個輸入框
2025-12-10 14:45:29 - [INFO] - form_filler.py:101 - 欄位填寫完畢，嘗試提交...
2025-12-10 14:45:29 - [INFO] - form_filler.py:101 - 欄位填寫完畢，嘗試提交...
2025-12-10 14:45:36 - [INFO] - form_filler.py:134 - ⚠️ 未偵測到成功文字，但網址已變更，視為提交成功
2025-12-10 14:45:36 - [INFO] - database.py:125 - [DB] 新聞 ID 4 狀態更新為: 'Y'
2025-12-10 14:45:36 - [INFO] - main.py:137 - -> 成功 (ID 4)
2025-12-10 14:45:36 - [INFO] - form_filler.py:134 - ⚠️ 未偵測到成功文字，但網址已變更，視為提交成功
2025-12-10 14:45:36 - [INFO] - database.py:125 - [DB] 新聞 ID 4 狀態更新為: 'Y'
2025-12-10 14:45:36 - [INFO] - main.py:137 - -> 成功 (ID 4)
2025-12-10 14:45:39 - [INFO] - main.py:128 - [6/14] 填寫中: WrtHug Exploits...
2025-12-10 14:45:40 - [INFO] - main.py:128 - [6/14] 填寫中: WrtHug Exploits...
2025-12-10 14:45:40 - [INFO] - form_filler.py:58 - 前往表單: https://docs.google.com/forms/d/e/1FAIpQLScUld1s4B_RNVnCqSmK_dzgC7fS0cNrZZxAAIrwmyGZdqS7Yg/viewform?usp=publish-editor
2025-12-10 14:45:40 - [INFO] - form_filler.py:58 - 前往表單: https://docs.google.com/forms/d/e/1FAIpQLScUld1s4B_RNVnCqSmK_dzgC7fS0cNrZZxAAIrwmyGZdqS7Yg/viewform?usp=publish-editor
2025-12-10 14:45:41 - [INFO] - form_filler.py:75 - 偵測到 5 個輸入框
2025-12-10 14:45:41 - [INFO] - form_filler.py:75 - 偵測到 5 個輸入框
2025-12-10 14:45:43 - [INFO] - form_filler.py:101 - 欄位填寫完畢，嘗試提交...
2025-12-10 14:45:43 - [INFO] - form_filler.py:101 - 欄位填寫完畢，嘗試提交...
2025-12-10 14:45:50 - [INFO] - form_filler.py:134 - ⚠️ 未偵測到成功文字，但網址已變更，視為提交成功
2025-12-10 14:45:50 - [INFO] - database.py:125 - [DB] 新聞 ID 3 狀態更新為: 'Y'
2025-12-10 14:45:50 - [INFO] - main.py:137 - -> 成功 (ID 3)
2025-12-10 14:45:50 - [INFO] - form_filler.py:134 - ⚠️ 未偵測到成功文字，但網址已變更，視為提交成功
2025-12-10 14:45:50 - [INFO] - database.py:125 - [DB] 新聞 ID 3 狀態更新為: 'Y'
2025-12-10 14:45:50 - [INFO] - main.py:137 - -> 成功 (ID 3)
2025-12-10 14:45:53 - [INFO] - main.py:128 - [7/14] 填寫中: China-linked ha...
2025-12-10 14:45:53 - [INFO] - main.py:128 - [7/14] 填寫中: China-linked ha...
2025-12-10 14:45:54 - [INFO] - form_filler.py:58 - 前往表單: https://docs.google.com/forms/d/e/1FAIpQLScUld1s4B_RNVnCqSmK_dzgC7fS0cNrZZxAAIrwmyGZdqS7Yg/viewform?usp=publish-editor
2025-12-10 14:45:54 - [INFO] - form_filler.py:58 - 前往表單: https://docs.google.com/forms/d/e/1FAIpQLScUld1s4B_RNVnCqSmK_dzgC7fS0cNrZZxAAIrwmyGZdqS7Yg/viewform?usp=publish-editor
2025-12-10 14:45:54 - [INFO] - form_filler.py:75 - 偵測到 5 個輸入框
2025-12-10 14:45:55 - [INFO] - form_filler.py:75 - 偵測到 5 個輸入框
2025-12-10 14:45:56 - [INFO] - form_filler.py:101 - 欄位填寫完畢，嘗試提交...
2025-12-10 14:45:57 - [INFO] - form_filler.py:101 - 欄位填寫完畢，嘗試提交...
2025-12-10 14:46:03 - [INFO] - form_filler.py:134 - ⚠️ 未偵測到成功文字，但網址已變更，視為提交成功
2025-12-10 14:46:03 - [INFO] - database.py:125 - [DB] 新聞 ID 6 狀態更新為: 'Y'
2025-12-10 14:46:03 - [INFO] - main.py:137 - -> 成功 (ID 6)
2025-12-10 14:46:04 - [INFO] - form_filler.py:134 - ⚠️ 未偵測到成功文字，但網址已變更，視為提交成功
2025-12-10 14:46:04 - [INFO] - database.py:125 - [DB] 新聞 ID 6 狀態更新為: 'Y'
2025-12-10 14:46:04 - [INFO] - main.py:137 - -> 成功 (ID 6)
2025-12-10 14:46:06 - [INFO] - main.py:128 - [8/14] 填寫中: 華碩路由器已知漏洞遭到利用，中...
2025-12-10 14:46:07 - [INFO] - main.py:128 - [8/14] 填寫中: 華碩路由器已知漏洞遭到利用，中...
2025-12-10 14:46:07 - [INFO] - form_filler.py:58 - 前往表單: https://docs.google.com/forms/d/e/1FAIpQLScUld1s4B_RNVnCqSmK_dzgC7fS0cNrZZxAAIrwmyGZdqS7Yg/viewform?usp=publish-editor
2025-12-10 14:46:08 - [INFO] - form_filler.py:58 - 前往表單: https://docs.google.com/forms/d/e/1FAIpQLScUld1s4B_RNVnCqSmK_dzgC7fS0cNrZZxAAIrwmyGZdqS7Yg/viewform?usp=publish-editor
2025-12-10 14:46:08 - [INFO] - form_filler.py:75 - 偵測到 5 個輸入框
2025-12-10 14:46:09 - [INFO] - form_filler.py:75 - 偵測到 5 個輸入框
2025-12-10 14:46:11 - [INFO] - form_filler.py:101 - 欄位填寫完畢，嘗試提交...
2025-12-10 14:46:12 - [INFO] - form_filler.py:101 - 欄位填寫完畢，嘗試提交...
2025-12-10 14:46:18 - [INFO] - form_filler.py:134 - ⚠️ 未偵測到成功文字，但網址已變更，視為提交成功
2025-12-10 14:46:18 - [INFO] - database.py:125 - [DB] 新聞 ID 7 狀態更新為: 'Y'
2025-12-10 14:46:18 - [INFO] - main.py:137 - -> 成功 (ID 7)
2025-12-10 14:46:19 - [INFO] - form_filler.py:134 - ⚠️ 未偵測到成功文字，但網址已變更，視為提交成功
2025-12-10 14:46:19 - [INFO] - database.py:125 - [DB] 新聞 ID 7 狀態更新為: 'Y'
2025-12-10 14:46:19 - [INFO] - main.py:137 - -> 成功 (ID 7)
2025-12-10 14:46:21 - [INFO] - main.py:128 - [9/14] 填寫中: ASUS 緊急修補 DSL 路...
2025-12-10 14:46:22 - [INFO] - main.py:128 - [9/14] 填寫中: ASUS 緊急修補 DSL 路...
2025-12-10 14:46:22 - [INFO] - form_filler.py:58 - 前往表單: https://docs.google.com/forms/d/e/1FAIpQLScUld1s4B_RNVnCqSmK_dzgC7fS0cNrZZxAAIrwmyGZdqS7Yg/viewform?usp=publish-editor
2025-12-10 14:46:23 - [INFO] - form_filler.py:58 - 前往表單: https://docs.google.com/forms/d/e/1FAIpQLScUld1s4B_RNVnCqSmK_dzgC7fS0cNrZZxAAIrwmyGZdqS7Yg/viewform?usp=publish-editor
2025-12-10 14:46:23 - [INFO] - form_filler.py:75 - 偵測到 5 個輸入框
2025-12-10 14:46:24 - [INFO] - form_filler.py:75 - 偵測到 5 個輸入框
2025-12-10 14:46:27 - [INFO] - form_filler.py:101 - 欄位填寫完畢，嘗試提交...
2025-12-10 14:46:27 - [INFO] - form_filler.py:101 - 欄位填寫完畢，嘗試提交...
2025-12-10 14:46:34 - [INFO] - form_filler.py:134 - ⚠️ 未偵測到成功文字，但網址已變更，視為提交成功
2025-12-10 14:46:34 - [INFO] - database.py:125 - [DB] 新聞 ID 8 狀態更新為: 'Y'
2025-12-10 14:46:34 - [INFO] - main.py:137 - -> 成功 (ID 8)
2025-12-10 14:46:34 - [INFO] - form_filler.py:134 - ⚠️ 未偵測到成功文字，但網址已變更，視為提交成功
2025-12-10 14:46:34 - [INFO] - database.py:125 - [DB] 新聞 ID 8 狀態更新為: 'Y'
2025-12-10 14:46:34 - [INFO] - main.py:137 - -> 成功 (ID 8)
2025-12-10 14:46:37 - [INFO] - main.py:128 - [10/14] 填寫中: 華碩用戶注意！大量路由器遭駭客...
2025-12-10 14:46:37 - [INFO] - main.py:128 - [10/14] 填寫中: 華碩用戶注意！大量路由器遭駭客...
2025-12-10 14:46:38 - [INFO] - form_filler.py:58 - 前往表單: https://docs.google.com/forms/d/e/1FAIpQLScUld1s4B_RNVnCqSmK_dzgC7fS0cNrZZxAAIrwmyGZdqS7Yg/viewform?usp=publish-editor
2025-12-10 14:46:38 - [INFO] - form_filler.py:58 - 前往表單: https://docs.google.com/forms/d/e/1FAIpQLScUld1s4B_RNVnCqSmK_dzgC7fS0cNrZZxAAIrwmyGZdqS7Yg/viewform?usp=publish-editor
2025-12-10 14:46:39 - [INFO] - form_filler.py:75 - 偵測到 5 個輸入框
2025-12-10 14:46:39 - [INFO] - form_filler.py:75 - 偵測到 5 個輸入框
2025-12-10 14:46:42 - [INFO] - form_filler.py:101 - 欄位填寫完畢，嘗試提交...
2025-12-10 14:46:42 - [INFO] - form_filler.py:101 - 欄位填寫完畢，嘗試提交...
2025-12-10 14:46:49 - [INFO] - form_filler.py:134 - ⚠️ 未偵測到成功文字，但網址已變更，視為提交成功
2025-12-10 14:46:49 - [INFO] - database.py:125 - [DB] 新聞 ID 9 狀態更新為: 'Y'
2025-12-10 14:46:49 - [INFO] - main.py:137 - -> 成功 (ID 9)
2025-12-10 14:46:49 - [INFO] - form_filler.py:134 - ⚠️ 未偵測到成功文字，但網址已變更，視為提交成功
2025-12-10 14:46:50 - [INFO] - database.py:125 - [DB] 新聞 ID 9 狀態更新為: 'Y'
2025-12-10 14:46:50 - [INFO] - main.py:137 - -> 成功 (ID 9)
2025-12-10 14:46:52 - [INFO] - main.py:128 - [11/14] 填寫中: 【資安日報】11月20日，華碩...
2025-12-10 14:46:53 - [INFO] - main.py:128 - [11/14] 填寫中: 【資安日報】11月20日，華碩...
2025-12-10 14:46:53 - [INFO] - form_filler.py:58 - 前往表單: https://docs.google.com/forms/d/e/1FAIpQLScUld1s4B_RNVnCqSmK_dzgC7fS0cNrZZxAAIrwmyGZdqS7Yg/viewform?usp=publish-editor
2025-12-10 14:46:54 - [INFO] - form_filler.py:58 - 前往表單: https://docs.google.com/forms/d/e/1FAIpQLScUld1s4B_RNVnCqSmK_dzgC7fS0cNrZZxAAIrwmyGZdqS7Yg/viewform?usp=publish-editor
2025-12-10 14:46:55 - [INFO] - form_filler.py:75 - 偵測到 5 個輸入框
2025-12-10 14:46:55 - [INFO] - form_filler.py:75 - 偵測到 5 個輸入框
2025-12-10 14:46:58 - [INFO] - form_filler.py:101 - 欄位填寫完畢，嘗試提交...
2025-12-10 14:46:58 - [INFO] - form_filler.py:101 - 欄位填寫完畢，嘗試提交...
2025-12-10 14:47:05 - [INFO] - form_filler.py:134 - ⚠️ 未偵測到成功文字，但網址已變更，視為提交成功
2025-12-10 14:47:05 - [INFO] - database.py:125 - [DB] 新聞 ID 10 狀態更新為: 'Y'
2025-12-10 14:47:05 - [INFO] - main.py:137 - -> 成功 (ID 10)
2025-12-10 14:47:05 - [INFO] - form_filler.py:134 - ⚠️ 未偵測到成功文字，但網址已變更，視為提交成功
2025-12-10 14:47:05 - [INFO] - database.py:125 - [DB] 新聞 ID 10 狀態更新為: 'Y'
2025-12-10 14:47:05 - [INFO] - main.py:137 - -> 成功 (ID 10)
2025-12-10 14:47:08 - [INFO] - main.py:128 - [12/14] 填寫中: Operation WrtHu...
2025-12-10 14:47:08 - [INFO] - main.py:128 - [12/14] 填寫中: Operation WrtHu...
2025-12-10 14:47:09 - [INFO] - form_filler.py:58 - 前往表單: https://docs.google.com/forms/d/e/1FAIpQLScUld1s4B_RNVnCqSmK_dzgC7fS0cNrZZxAAIrwmyGZdqS7Yg/viewform?usp=publish-editor
2025-12-10 14:47:09 - [INFO] - form_filler.py:58 - 前往表單: https://docs.google.com/forms/d/e/1FAIpQLScUld1s4B_RNVnCqSmK_dzgC7fS0cNrZZxAAIrwmyGZdqS7Yg/viewform?usp=publish-editor
2025-12-10 14:47:10 - [INFO] - form_filler.py:75 - 偵測到 5 個輸入框
2025-12-10 14:47:10 - [INFO] - form_filler.py:75 - 偵測到 5 個輸入框
2025-12-10 14:47:14 - [INFO] - form_filler.py:101 - 欄位填寫完畢，嘗試提交...
2025-12-10 14:47:14 - [INFO] - form_filler.py:101 - 欄位填寫完畢，嘗試提交...
2025-12-10 14:47:21 - [INFO] - form_filler.py:134 - ⚠️ 未偵測到成功文字，但網址已變更，視為提交成功
2025-12-10 14:47:21 - [INFO] - form_filler.py:134 - ⚠️ 未偵測到成功文字，但網址已變更，視為提交成功
2025-12-10 14:47:21 - [INFO] - database.py:125 - [DB] 新聞 ID 11 狀態更新為: 'Y'
2025-12-10 14:47:21 - [INFO] - main.py:137 - -> 成功 (ID 11)
2025-12-10 14:47:21 - [INFO] - database.py:125 - [DB] 新聞 ID 11 狀態更新為: 'Y'
2025-12-10 14:47:21 - [INFO] - main.py:137 - -> 成功 (ID 11)
2025-12-10 14:47:24 - [INFO] - main.py:128 - [13/14] 填寫中: New WrtHug camp...
2025-12-10 14:47:24 - [INFO] - main.py:128 - [13/14] 填寫中: New WrtHug camp...
2025-12-10 14:47:25 - [INFO] - form_filler.py:58 - 前往表單: https://docs.google.com/forms/d/e/1FAIpQLScUld1s4B_RNVnCqSmK_dzgC7fS0cNrZZxAAIrwmyGZdqS7Yg/viewform?usp=publish-editor
2025-12-10 14:47:25 - [INFO] - form_filler.py:58 - 前往表單: https://docs.google.com/forms/d/e/1FAIpQLScUld1s4B_RNVnCqSmK_dzgC7fS0cNrZZxAAIrwmyGZdqS7Yg/viewform?usp=publish-editor
2025-12-10 14:47:26 - [INFO] - form_filler.py:75 - 偵測到 5 個輸入框
2025-12-10 14:47:26 - [INFO] - form_filler.py:75 - 偵測到 5 個輸入框
2025-12-10 14:47:28 - [INFO] - form_filler.py:101 - 欄位填寫完畢，嘗試提交...
2025-12-10 14:47:29 - [INFO] - form_filler.py:101 - 欄位填寫完畢，嘗試提交...
2025-12-10 14:47:35 - [INFO] - form_filler.py:134 - ⚠️ 未偵測到成功文字，但網址已變更，視為提交成功
2025-12-10 14:47:36 - [INFO] - database.py:125 - [DB] 新聞 ID 14 狀態更新為: 'Y'
2025-12-10 14:47:36 - [INFO] - main.py:137 - -> 成功 (ID 14)
2025-12-10 14:47:36 - [INFO] - form_filler.py:134 - ⚠️ 未偵測到成功文字，但網址已變更，視為提交成功
2025-12-10 14:47:36 - [INFO] - database.py:125 - [DB] 新聞 ID 14 狀態更新為: 'Y'
2025-12-10 14:47:36 - [INFO] - main.py:137 - -> 成功 (ID 14)
2025-12-10 14:47:39 - [INFO] - main.py:128 - [14/14] 填寫中: ASUS warns of n...
2025-12-10 14:47:39 - [INFO] - main.py:128 - [14/14] 填寫中: ASUS warns of n...
2025-12-10 14:47:40 - [INFO] - form_filler.py:58 - 前往表單: https://docs.google.com/forms/d/e/1FAIpQLScUld1s4B_RNVnCqSmK_dzgC7fS0cNrZZxAAIrwmyGZdqS7Yg/viewform?usp=publish-editor
2025-12-10 14:47:40 - [INFO] - form_filler.py:58 - 前往表單: https://docs.google.com/forms/d/e/1FAIpQLScUld1s4B_RNVnCqSmK_dzgC7fS0cNrZZxAAIrwmyGZdqS7Yg/viewform?usp=publish-editor
2025-12-10 14:47:41 - [INFO] - form_filler.py:75 - 偵測到 5 個輸入框
2025-12-10 14:47:41 - [INFO] - form_filler.py:75 - 偵測到 5 個輸入框
2025-12-10 14:47:43 - [INFO] - form_filler.py:101 - 欄位填寫完畢，嘗試提交...
2025-12-10 14:47:43 - [INFO] - form_filler.py:101 - 欄位填寫完畢，嘗試提交...
2025-12-10 14:47:49 - [INFO] - form_filler.py:134 - ⚠️ 未偵測到成功文字，但網址已變更，視為提交成功
2025-12-10 14:47:50 - [INFO] - database.py:125 - [DB] 新聞 ID 15 狀態更新為: 'Y'
2025-12-10 14:47:50 - [INFO] - main.py:137 - -> 成功 (ID 15)
2025-12-10 14:47:50 - [INFO] - form_filler.py:134 - ⚠️ 未偵測到成功文字，但網址已變更，視為提交成功
2025-12-10 14:47:50 - [INFO] - database.py:125 - [DB] 新聞 ID 15 狀態更新為: 'Y'
2025-12-10 14:47:50 - [INFO] - main.py:137 - -> 成功 (ID 15)
2025-12-10 14:47:53 - [INFO] - main.py:169 - === 全部完成 ===
2025-12-10 14:47:53 - [INFO] - main.py:171 - 執行統計: 總共 14 筆 | 成功: 14 筆 | 失敗: 0 筆
2025-12-10 14:47:53 - [INFO] - main.py:178 - 進入待機模式，24.0 小時後將再次執行...
2025-12-10 14:47:53 - [INFO] - main.py:169 - === 全部完成 ===
2025-12-10 14:47:53 - [INFO] - main.py:171 - 執行統計: 總共 14 筆 | 成功: 14 筆 | 失敗: 0 筆
2025-12-10 14:47:53 - [INFO] - main.py:178 - 進入待機模式，24.0 小時後將再次執行...
2025-12-10 14:50:15 - [INFO] - main.py:157 - === 系統啟動：進入自動化排程模式 ===
2025-12-10 14:50:17 - [INFO] - main.py:41 - === 階段一: 雙語多源爬蟲啟動 ===
2025-12-10 14:50:17 - [INFO] - scraper.py:28 - 啟動 Chrome Driver (V14 Final)...
2025-12-10 14:50:19 - [INFO] - main.py:48 - 執行任務: Google News (EN)...
2025-12-10 14:50:19 - [INFO] - scraper.py:164 - [Google News (EN) | en] 前往搜尋: https://www.google.com/search?q=ASUS router security&hl=en&tbm=nws&tbs=qdr:m6
2025-12-10 14:50:27 - [INFO] - scraper.py:192 - [Google News (EN)] 找到 10 筆原始資料
2025-12-10 14:50:28 - [INFO] - scraper.py:232 - [Google News (EN)] 保留 10 筆有效資料
2025-12-10 14:50:30 - [INFO] - main.py:48 - 執行任務: Google News (TW)...
2025-12-10 14:50:30 - [INFO] - scraper.py:164 - [Google News (TW) | zh-TW] 前往搜尋: https://www.google.com/search?q=華碩 路由器 資安&hl=zh-TW&tbm=nws&tbs=qdr:m6
2025-12-10 14:50:38 - [INFO] - scraper.py:192 - [Google News (TW)] 找到 10 筆原始資料
2025-12-10 14:50:39 - [INFO] - scraper.py:232 - [Google News (TW)] 保留 10 筆有效資料
2025-12-10 14:50:41 - [INFO] - main.py:48 - 執行任務: 官方資源...
2025-12-10 14:50:41 - [INFO] - scraper.py:164 - [官方資源 | en] 前往搜尋: https://www.google.com/search?q=site:asus.com security router&hl=en&tbs=qdr:y
2025-12-10 14:50:48 - [INFO] - scraper.py:192 - [官方資源] 找到 0 筆原始資料
2025-12-10 14:50:48 - [INFO] - scraper.py:232 - [官方資源] 保留 0 筆有效資料
2025-12-10 14:50:50 - [INFO] - main.py:48 - 執行任務: 資安通報...
2025-12-10 14:50:50 - [INFO] - scraper.py:164 - [資安通報 | en] 前往搜尋: https://www.google.com/search?q=site:bleepingcomputer.com OR site:thehackernews.com ASUS&hl=en&tbm=nws&tbs=qdr:m6
2025-12-10 14:50:58 - [INFO] - scraper.py:192 - [資安通報] 找到 10 筆原始資料
2025-12-10 14:50:58 - [INFO] - scraper.py:232 - [資安通報] 保留 7 筆有效資料
2025-12-10 14:51:00 - [INFO] - main.py:64 - 搜尋完成，共 15 筆，開始閱讀內文...
2025-12-10 14:51:00 - [INFO] - scraper.py:90 - 正在閱讀內文: https://press.asus.com/news/statements/asus-securi...
2025-12-10 14:51:03 - [INFO] - scraper.py:90 - 正在閱讀內文: https://thehackernews.com/2025/11/wrthug-exploits-...
2025-12-10 14:51:06 - [INFO] - scraper.py:90 - 正在閱讀內文: https://securityaffairs.com/184636/security/critic...
2025-12-10 14:51:12 - [INFO] - scraper.py:90 - 正在閱讀內文: https://tech.yahoo.com/cybersecurity/articles/asus...
2025-12-10 14:51:19 - [INFO] - scraper.py:90 - 正在閱讀內文: https://www.techpowerup.com/339333/asus-implements...
2025-12-10 14:51:24 - [INFO] - scraper.py:90 - 正在閱讀內文: https://www.ithome.com.tw/news/172360...
2025-12-10 14:51:26 - [INFO] - scraper.py:90 - 正在閱讀內文: https://www.informationsecurity.com.tw/article/art...
2025-12-10 14:51:28 - [INFO] - scraper.py:90 - 正在閱讀內文: https://3c.ltn.com.tw/news/63982...
2025-12-10 14:51:32 - [INFO] - scraper.py:90 - 正在閱讀內文: https://www.ithome.com.tw/news/172369...
2025-12-10 14:51:35 - [INFO] - scraper.py:90 - 正在閱讀內文: https://blog.billows.com.tw/?p=4019...
2025-12-10 14:51:40 - [INFO] - scraper.py:90 - 正在閱讀內文: https://thehackernews.com/2025/11/wrthug-exploits-...
2025-12-10 14:51:42 - [INFO] - scraper.py:90 - 正在閱讀內文: https://thehackernews.com/2025/10/polaredge-target...
2025-12-10 14:51:44 - [INFO] - scraper.py:90 - 正在閱讀內文: https://www.bleepingcomputer.com/news/security/new...
2025-12-10 14:51:55 - [INFO] - scraper.py:90 - 正在閱讀內文: https://www.bleepingcomputer.com/news/security/asu...
2025-12-10 14:52:00 - [INFO] - scraper.py:90 - 正在閱讀內文: https://www.bleepingcomputer.com/news/security/asu...
2025-12-10 14:52:05 - [INFO] - database.py:75 - [DB] 批次作業結束: 輸入 15 筆 -> 實際新增 1 筆
2025-12-10 14:52:05 - [INFO] - main.py:97 - 階段一結束。資料庫實際新增: 1 筆。
2025-12-10 14:52:06 - [INFO] - scraper.py:64 - 爬蟲已結束並關閉
2025-12-10 14:52:09 - [INFO] - main.py:109 - === 階段二: 填寫表單 (Status='N') ===
2025-12-10 14:52:09 - [INFO] - main.py:123 - 發現 1 筆任務，啟動填表機器人...
2025-12-10 14:52:09 - [INFO] - main.py:128 - [1/1] 填寫中: Asus warns of n...
2025-12-10 14:52:13 - [INFO] - form_filler.py:58 - 前往表單: https://docs.google.com/forms/d/e/1FAIpQLScUld1s4B_RNVnCqSmK_dzgC7fS0cNrZZxAAIrwmyGZdqS7Yg/viewform?usp=publish-editor
2025-12-10 14:52:14 - [INFO] - form_filler.py:75 - 偵測到 5 個輸入框
2025-12-10 14:52:16 - [INFO] - form_filler.py:101 - 欄位填寫完畢，嘗試提交...
2025-12-10 14:52:22 - [INFO] - form_filler.py:134 - ⚠️ 未偵測到成功文字，但網址已變更，視為提交成功
2025-12-10 14:52:22 - [INFO] - database.py:125 - [DB] 新聞 ID 20 狀態更新為: 'Y'
2025-12-10 14:52:22 - [INFO] - main.py:137 - -> 成功 (ID 20)
2025-12-10 14:52:25 - [INFO] - main.py:169 - === 全部完成 ===
2025-12-10 14:52:25 - [INFO] - main.py:171 - 執行統計: 總共 1 筆 | 成功: 1 筆 | 失敗: 0 筆
2025-12-10 14:52:25 - [INFO] - main.py:178 - 進入待機模式，24.0 小時後將再次執行...
2025-12-10 15:11:44 - [INFO] - main.py:157 - === 系統啟動：進入自動化排程模式 ===
2025-12-10 15:11:46 - [INFO] - main.py:41 - === 階段一: 雙語多源爬蟲啟動 ===
2025-12-10 15:11:46 - [INFO] - scraper.py:28 - 啟動 Chrome Driver (V14 Final)...
2025-12-10 15:11:52 - [INFO] - main.py:48 - 執行任務: Google News (EN)...
2025-12-10 15:11:52 - [INFO] - scraper.py:164 - [Google News (EN) | en] 前往搜尋: https://www.google.com/search?q=ASUS router security&hl=en&tbm=nws&tbs=qdr:m6
2025-12-10 15:12:00 - [INFO] - scraper.py:192 - [Google News (EN)] 找到 10 筆原始資料
2025-12-10 15:12:01 - [INFO] - scraper.py:232 - [Google News (EN)] 保留 10 筆有效資料
2025-12-10 15:12:03 - [INFO] - main.py:48 - 執行任務: Google News (TW)...
2025-12-10 15:12:03 - [INFO] - scraper.py:164 - [Google News (TW) | zh-TW] 前往搜尋: https://www.google.com/search?q=華碩 路由器 資安&hl=zh-TW&tbm=nws&tbs=qdr:m6
2025-12-10 15:12:10 - [INFO] - scraper.py:192 - [Google News (TW)] 找到 10 筆原始資料
2025-12-10 15:12:12 - [INFO] - scraper.py:232 - [Google News (TW)] 保留 10 筆有效資料
2025-12-10 15:12:14 - [INFO] - main.py:48 - 執行任務: 官方資源...
2025-12-10 15:12:14 - [INFO] - scraper.py:164 - [官方資源 | en] 前往搜尋: https://www.google.com/search?q=site:asus.com security router&hl=en&tbs=qdr:y
2025-12-10 15:12:31 - [INFO] - scraper.py:192 - [官方資源] 找到 0 筆原始資料
2025-12-10 15:12:31 - [INFO] - scraper.py:232 - [官方資源] 保留 0 筆有效資料
2025-12-10 15:12:33 - [INFO] - main.py:48 - 執行任務: 資安通報...
2025-12-10 15:12:33 - [INFO] - scraper.py:164 - [資安通報 | en] 前往搜尋: https://www.google.com/search?q=site:bleepingcomputer.com OR site:thehackernews.com ASUS&hl=en&tbm=nws&tbs=qdr:m6
2025-12-10 15:12:41 - [INFO] - scraper.py:192 - [資安通報] 找到 10 筆原始資料
2025-12-10 15:12:42 - [INFO] - scraper.py:232 - [資安通報] 保留 7 筆有效資料
2025-12-10 15:12:44 - [INFO] - main.py:64 - 搜尋完成，共 15 筆，開始閱讀內文...
2025-12-10 15:12:44 - [INFO] - scraper.py:90 - 正在閱讀內文: https://press.asus.com/news/statements/asus-securi...
2025-12-10 15:12:47 - [INFO] - scraper.py:90 - 正在閱讀內文: https://thehackernews.com/2025/11/wrthug-exploits-...
2025-12-10 15:12:50 - [INFO] - scraper.py:90 - 正在閱讀內文: https://securityaffairs.com/184636/security/critic...
2025-12-10 15:12:55 - [INFO] - scraper.py:90 - 正在閱讀內文: https://www.techpowerup.com/339333/asus-implements...
2025-12-10 15:13:00 - [INFO] - scraper.py:90 - 正在閱讀內文: https://www.scworld.com/brief/china-linked-hackers...
2025-12-10 15:13:06 - [INFO] - scraper.py:90 - 正在閱讀內文: https://www.ithome.com.tw/news/172360...
2025-12-10 15:13:10 - [INFO] - scraper.py:90 - 正在閱讀內文: https://www.informationsecurity.com.tw/article/art...
2025-12-10 15:13:12 - [INFO] - scraper.py:90 - 正在閱讀內文: https://3c.ltn.com.tw/news/63982...
2025-12-10 15:13:21 - [INFO] - scraper.py:90 - 正在閱讀內文: https://www.ithome.com.tw/news/172369...
2025-12-10 15:13:27 - [INFO] - scraper.py:90 - 正在閱讀內文: https://blog.billows.com.tw/?p=4019...
2025-12-10 15:13:30 - [INFO] - scraper.py:90 - 正在閱讀內文: https://thehackernews.com/2025/11/wrthug-exploits-...
2025-12-10 15:13:33 - [INFO] - scraper.py:90 - 正在閱讀內文: https://thehackernews.com/2025/10/polaredge-target...
2025-12-10 15:13:35 - [INFO] - scraper.py:90 - 正在閱讀內文: https://www.bleepingcomputer.com/news/security/new...
2025-12-10 15:13:47 - [INFO] - scraper.py:90 - 正在閱讀內文: https://www.bleepingcomputer.com/news/security/asu...
2025-12-10 15:14:06 - [INFO] - scraper.py:90 - 正在閱讀內文: https://www.bleepingcomputer.com/news/security/asu...
2025-12-10 15:14:13 - [INFO] - database.py:75 - [DB] 批次作業結束: 輸入 15 筆 -> 實際新增 13 筆
2025-12-10 15:14:13 - [INFO] - main.py:97 - 階段一結束。資料庫實際新增: 13 筆。
2025-12-10 15:14:14 - [INFO] - scraper.py:64 - 爬蟲已結束並關閉
2025-12-10 15:14:16 - [INFO] - main.py:109 - === 階段二: 填寫表單 (Status='N') ===
2025-12-10 15:14:16 - [INFO] - main.py:123 - 發現 13 筆任務，啟動填表機器人...
2025-12-10 15:14:16 - [INFO] - main.py:128 - [1/13] 填寫中: ASUS Armoury Cr...
2025-12-10 15:14:19 - [INFO] - form_filler.py:58 - 前往表單: https://docs.google.com/forms/d/e/1FAIpQLScUld1s4B_RNVnCqSmK_dzgC7fS0cNrZZxAAIrwmyGZdqS7Yg/viewform?usp=publish-editor
2025-12-10 15:14:21 - [INFO] - form_filler.py:75 - 偵測到 5 個輸入框
2025-12-10 15:14:25 - [INFO] - form_filler.py:101 - 欄位填寫完畢，嘗試提交...
2025-12-10 15:14:32 - [INFO] - form_filler.py:134 - ⚠️ 未偵測到成功文字，但網址已變更，視為提交成功
2025-12-10 15:14:32 - [INFO] - database.py:125 - [DB] 新聞 ID 15 狀態更新為: 'Y'
2025-12-10 15:14:32 - [INFO] - main.py:137 - -> 成功 (ID 15)
2025-12-10 15:14:36 - [INFO] - main.py:128 - [2/13] 填寫中: ASUS implements...
2025-12-10 15:14:37 - [INFO] - form_filler.py:58 - 前往表單: https://docs.google.com/forms/d/e/1FAIpQLScUld1s4B_RNVnCqSmK_dzgC7fS0cNrZZxAAIrwmyGZdqS7Yg/viewform?usp=publish-editor
2025-12-10 15:14:38 - [INFO] - form_filler.py:75 - 偵測到 5 個輸入框
2025-12-10 15:14:42 - [INFO] - form_filler.py:101 - 欄位填寫完畢，嘗試提交...
2025-12-10 15:14:48 - [INFO] - form_filler.py:134 - ⚠️ 未偵測到成功文字，但網址已變更，視為提交成功
2025-12-10 15:14:49 - [INFO] - database.py:125 - [DB] 新聞 ID 1 狀態更新為: 'Y'
2025-12-10 15:14:49 - [INFO] - main.py:137 - -> 成功 (ID 1)
2025-12-10 15:14:52 - [INFO] - main.py:128 - [3/13] 填寫中: PolarEdge Targe...
2025-12-10 15:14:54 - [INFO] - form_filler.py:58 - 前往表單: https://docs.google.com/forms/d/e/1FAIpQLScUld1s4B_RNVnCqSmK_dzgC7fS0cNrZZxAAIrwmyGZdqS7Yg/viewform?usp=publish-editor
2025-12-10 15:14:56 - [INFO] - form_filler.py:75 - 偵測到 5 個輸入框
2025-12-10 15:14:59 - [INFO] - form_filler.py:101 - 欄位填寫完畢，嘗試提交...
2025-12-10 15:15:06 - [INFO] - form_filler.py:134 - ⚠️ 未偵測到成功文字，但網址已變更，視為提交成功
2025-12-10 15:15:06 - [INFO] - database.py:125 - [DB] 新聞 ID 12 狀態更新為: 'Y'
2025-12-10 15:15:06 - [INFO] - main.py:137 - -> 成功 (ID 12)
2025-12-10 15:15:09 - [INFO] - main.py:128 - [4/13] 填寫中: Critical CVE-20...
2025-12-10 15:15:11 - [INFO] - form_filler.py:58 - 前往表單: https://docs.google.com/forms/d/e/1FAIpQLScUld1s4B_RNVnCqSmK_dzgC7fS0cNrZZxAAIrwmyGZdqS7Yg/viewform?usp=publish-editor
2025-12-10 15:15:12 - [INFO] - form_filler.py:75 - 偵測到 5 個輸入框
2025-12-10 15:15:14 - [INFO] - form_filler.py:101 - 欄位填寫完畢，嘗試提交...
2025-12-10 15:15:21 - [INFO] - form_filler.py:134 - ⚠️ 未偵測到成功文字，但網址已變更，視為提交成功
2025-12-10 15:15:21 - [INFO] - database.py:125 - [DB] 新聞 ID 3 狀態更新為: 'Y'
2025-12-10 15:15:21 - [INFO] - main.py:137 - -> 成功 (ID 3)
2025-12-10 15:15:24 - [INFO] - main.py:128 - [5/13] 填寫中: WrtHug Exploits...
2025-12-10 15:15:27 - [INFO] - form_filler.py:58 - 前往表單: https://docs.google.com/forms/d/e/1FAIpQLScUld1s4B_RNVnCqSmK_dzgC7fS0cNrZZxAAIrwmyGZdqS7Yg/viewform?usp=publish-editor
2025-12-10 15:15:29 - [INFO] - form_filler.py:75 - 偵測到 5 個輸入框
2025-12-10 15:15:31 - [INFO] - form_filler.py:101 - 欄位填寫完畢，嘗試提交...
2025-12-10 15:15:38 - [INFO] - form_filler.py:134 - ⚠️ 未偵測到成功文字，但網址已變更，視為提交成功
2025-12-10 15:15:38 - [INFO] - database.py:125 - [DB] 新聞 ID 2 狀態更新為: 'Y'
2025-12-10 15:15:38 - [INFO] - main.py:137 - -> 成功 (ID 2)
2025-12-10 15:15:41 - [INFO] - main.py:128 - [6/13] 填寫中: China-linked ha...
2025-12-10 15:15:42 - [INFO] - form_filler.py:58 - 前往表單: https://docs.google.com/forms/d/e/1FAIpQLScUld1s4B_RNVnCqSmK_dzgC7fS0cNrZZxAAIrwmyGZdqS7Yg/viewform?usp=publish-editor
2025-12-10 15:15:43 - [INFO] - form_filler.py:75 - 偵測到 5 個輸入框
2025-12-10 15:15:45 - [INFO] - form_filler.py:101 - 欄位填寫完畢，嘗試提交...
2025-12-10 15:15:52 - [INFO] - form_filler.py:134 - ⚠️ 未偵測到成功文字，但網址已變更，視為提交成功
2025-12-10 15:15:52 - [INFO] - database.py:125 - [DB] 新聞 ID 5 狀態更新為: 'Y'
2025-12-10 15:15:52 - [INFO] - main.py:137 - -> 成功 (ID 5)
2025-12-10 15:15:55 - [INFO] - main.py:128 - [7/13] 填寫中: 華碩路由器已知漏洞遭到利用，中...
2025-12-10 15:15:56 - [INFO] - form_filler.py:58 - 前往表單: https://docs.google.com/forms/d/e/1FAIpQLScUld1s4B_RNVnCqSmK_dzgC7fS0cNrZZxAAIrwmyGZdqS7Yg/viewform?usp=publish-editor
2025-12-10 15:15:57 - [INFO] - form_filler.py:75 - 偵測到 5 個輸入框
2025-12-10 15:16:00 - [INFO] - form_filler.py:101 - 欄位填寫完畢，嘗試提交...
2025-12-10 15:16:07 - [INFO] - form_filler.py:134 - ⚠️ 未偵測到成功文字，但網址已變更，視為提交成功
2025-12-10 15:16:07 - [INFO] - database.py:125 - [DB] 新聞 ID 6 狀態更新為: 'Y'
2025-12-10 15:16:07 - [INFO] - main.py:137 - -> 成功 (ID 6)
2025-12-10 15:16:10 - [INFO] - main.py:128 - [8/13] 填寫中: ASUS 緊急修補 DSL 路...
2025-12-10 15:16:11 - [INFO] - form_filler.py:58 - 前往表單: https://docs.google.com/forms/d/e/1FAIpQLScUld1s4B_RNVnCqSmK_dzgC7fS0cNrZZxAAIrwmyGZdqS7Yg/viewform?usp=publish-editor
2025-12-10 15:16:13 - [INFO] - form_filler.py:75 - 偵測到 5 個輸入框
2025-12-10 15:16:16 - [INFO] - form_filler.py:101 - 欄位填寫完畢，嘗試提交...
2025-12-10 15:16:23 - [INFO] - form_filler.py:134 - ⚠️ 未偵測到成功文字，但網址已變更，視為提交成功
2025-12-10 15:16:23 - [INFO] - database.py:125 - [DB] 新聞 ID 7 狀態更新為: 'Y'
2025-12-10 15:16:23 - [INFO] - main.py:137 - -> 成功 (ID 7)
2025-12-10 15:16:26 - [INFO] - main.py:128 - [9/13] 填寫中: 華碩用戶注意！大量路由器遭駭客...
2025-12-10 15:16:27 - [INFO] - form_filler.py:58 - 前往表單: https://docs.google.com/forms/d/e/1FAIpQLScUld1s4B_RNVnCqSmK_dzgC7fS0cNrZZxAAIrwmyGZdqS7Yg/viewform?usp=publish-editor
2025-12-10 15:16:30 - [INFO] - form_filler.py:75 - 偵測到 5 個輸入框
2025-12-10 15:16:33 - [INFO] - form_filler.py:101 - 欄位填寫完畢，嘗試提交...
2025-12-10 15:16:40 - [INFO] - form_filler.py:134 - ⚠️ 未偵測到成功文字，但網址已變更，視為提交成功
2025-12-10 15:16:40 - [INFO] - database.py:125 - [DB] 新聞 ID 8 狀態更新為: 'Y'
2025-12-10 15:16:40 - [INFO] - main.py:137 - -> 成功 (ID 8)
2025-12-10 15:16:43 - [INFO] - main.py:128 - [10/13] 填寫中: 【資安日報】11月20日，華碩...
2025-12-10 15:16:44 - [INFO] - form_filler.py:58 - 前往表單: https://docs.google.com/forms/d/e/1FAIpQLScUld1s4B_RNVnCqSmK_dzgC7fS0cNrZZxAAIrwmyGZdqS7Yg/viewform?usp=publish-editor
2025-12-10 15:16:45 - [INFO] - form_filler.py:75 - 偵測到 5 個輸入框
2025-12-10 15:16:48 - [INFO] - form_filler.py:101 - 欄位填寫完畢，嘗試提交...
2025-12-10 15:16:55 - [INFO] - form_filler.py:134 - ⚠️ 未偵測到成功文字，但網址已變更，視為提交成功
2025-12-10 15:16:55 - [INFO] - database.py:125 - [DB] 新聞 ID 9 狀態更新為: 'Y'
2025-12-10 15:16:55 - [INFO] - main.py:137 - -> 成功 (ID 9)
2025-12-10 15:16:58 - [INFO] - main.py:128 - [11/13] 填寫中: Operation WrtHu...
2025-12-10 15:16:59 - [INFO] - form_filler.py:58 - 前往表單: https://docs.google.com/forms/d/e/1FAIpQLScUld1s4B_RNVnCqSmK_dzgC7fS0cNrZZxAAIrwmyGZdqS7Yg/viewform?usp=publish-editor
2025-12-10 15:17:01 - [INFO] - form_filler.py:75 - 偵測到 5 個輸入框
2025-12-10 15:17:04 - [INFO] - form_filler.py:101 - 欄位填寫完畢，嘗試提交...
2025-12-10 15:17:11 - [INFO] - form_filler.py:134 - ⚠️ 未偵測到成功文字，但網址已變更，視為提交成功
2025-12-10 15:17:11 - [INFO] - database.py:125 - [DB] 新聞 ID 10 狀態更新為: 'Y'
2025-12-10 15:17:11 - [INFO] - main.py:137 - -> 成功 (ID 10)
2025-12-10 15:17:14 - [INFO] - main.py:128 - [12/13] 填寫中: New WrtHug camp...
2025-12-10 15:17:15 - [INFO] - form_filler.py:58 - 前往表單: https://docs.google.com/forms/d/e/1FAIpQLScUld1s4B_RNVnCqSmK_dzgC7fS0cNrZZxAAIrwmyGZdqS7Yg/viewform?usp=publish-editor
2025-12-10 15:17:17 - [INFO] - form_filler.py:75 - 偵測到 5 個輸入框
2025-12-10 15:17:19 - [INFO] - form_filler.py:101 - 欄位填寫完畢，嘗試提交...
2025-12-10 15:17:26 - [INFO] - form_filler.py:134 - ⚠️ 未偵測到成功文字，但網址已變更，視為提交成功
2025-12-10 15:17:26 - [INFO] - database.py:125 - [DB] 新聞 ID 13 狀態更新為: 'Y'
2025-12-10 15:17:26 - [INFO] - main.py:137 - -> 成功 (ID 13)
2025-12-10 15:17:29 - [INFO] - main.py:128 - [13/13] 填寫中: ASUS warns of n...
2025-12-10 15:17:30 - [INFO] - form_filler.py:58 - 前往表單: https://docs.google.com/forms/d/e/1FAIpQLScUld1s4B_RNVnCqSmK_dzgC7fS0cNrZZxAAIrwmyGZdqS7Yg/viewform?usp=publish-editor
2025-12-10 15:17:32 - [INFO] - form_filler.py:75 - 偵測到 5 個輸入框
2025-12-10 15:17:35 - [INFO] - form_filler.py:101 - 欄位填寫完畢，嘗試提交...
2025-12-10 15:17:42 - [INFO] - form_filler.py:134 - ⚠️ 未偵測到成功文字，但網址已變更，視為提交成功
2025-12-10 15:17:42 - [INFO] - database.py:125 - [DB] 新聞 ID 14 狀態更新為: 'Y'
2025-12-10 15:17:42 - [INFO] - main.py:137 - -> 成功 (ID 14)
2025-12-10 15:17:45 - [INFO] - main.py:169 - === 全部完成 ===
2025-12-10 15:17:45 - [INFO] - main.py:171 - 執行統計: 總共 13 筆 | 成功: 13 筆 | 失敗: 0 筆
