2025-12-06 03:02:04 - [INFO] - main.py:46 - === 階段一: 雙語多源爬蟲啟動 ===
2025-12-06 03:02:04 - [INFO] - scraper.py:31 - 啟動 Chrome Driver (Final Stable)...
2025-12-06 03:02:10 - [INFO] - main.py:53 - 執行任務: Google News (EN)...
2025-12-06 03:02:10 - [INFO] - scraper.py:157 - [Google News (EN) | en] 前往搜尋: https://www.google.com/search?q=ASUS router security&hl=en&tbm=nws&tbs=qdr:m6
2025-12-06 03:02:18 - [INFO] - scraper.py:186 - [Google News (EN)] 找到 10 筆原始資料
2025-12-06 03:02:19 - [INFO] - scraper.py:226 - [Google News (EN)] 保留 9 筆有效資料
2025-12-06 03:02:21 - [INFO] - main.py:53 - 執行任務: Google News (TW)...
2025-12-06 03:02:21 - [INFO] - scraper.py:157 - [Google News (TW) | en] 前往搜尋: https://www.google.com/search?q=華碩 路由器 資安&hl=en&tbm=nws&tbs=qdr:m6
2025-12-06 03:02:29 - [INFO] - scraper.py:186 - [Google News (TW)] 找到 10 筆原始資料
2025-12-06 03:02:29 - [INFO] - scraper.py:226 - [Google News (TW)] 保留 10 筆有效資料
2025-12-06 03:02:31 - [INFO] - main.py:53 - 執行任務: 官方資源...
2025-12-06 03:02:31 - [INFO] - scraper.py:157 - [官方資源 | en] 前往搜尋: https://www.google.com/search?q=site:asus.com security router&hl=en&tbs=qdr:y
2025-12-06 03:02:39 - [INFO] - scraper.py:186 - [官方資源] 找到 0 筆原始資料
2025-12-06 03:02:39 - [INFO] - scraper.py:226 - [官方資源] 保留 0 筆有效資料
2025-12-06 03:02:41 - [INFO] - main.py:53 - 執行任務: 資安通報...
2025-12-06 03:02:41 - [INFO] - scraper.py:157 - [資安通報 | en] 前往搜尋: https://www.google.com/search?q=site:bleepingcomputer.com OR site:thehackernews.com ASUS&hl=en&tbm=nws&tbs=qdr:m6
2025-12-06 03:02:48 - [INFO] - scraper.py:186 - [資安通報] 找到 10 筆原始資料
2025-12-06 03:02:49 - [INFO] - scraper.py:226 - [資安通報] 保留 7 筆有效資料
2025-12-06 03:02:51 - [INFO] - main.py:71 - 搜尋完成，共 15 筆，開始閱讀內文...
2025-12-06 03:02:51 - [INFO] - scraper.py:94 - 正在閱讀內文: https://press.asus.com/news/statements/asus-securi...
2025-12-06 03:02:53 - [INFO] - scraper.py:94 - 正在閱讀內文: https://securityaffairs.com/184636/security/critic...
2025-12-06 03:02:57 - [INFO] - scraper.py:94 - 正在閱讀內文: https://www.techpowerup.com/339333/asus-implements...
2025-12-06 03:03:02 - [INFO] - scraper.py:94 - 正在閱讀內文: https://www.notebookcheck.net/Gamers-Nexus-highlig...
2025-12-06 03:03:05 - [INFO] - scraper.py:94 - 正在閱讀內文: https://www.pcgamer.com/hardware/dangerous-securit...
2025-12-06 03:03:12 - [INFO] - scraper.py:94 - 正在閱讀內文: https://www.ithome.com.tw/news/172360...
2025-12-06 03:03:16 - [INFO] - scraper.py:94 - 正在閱讀內文: https://www.informationsecurity.com.tw/article/art...
2025-12-06 03:03:18 - [INFO] - scraper.py:94 - 正在閱讀內文: https://3c.ltn.com.tw/news/63982...
2025-12-06 03:03:22 - [INFO] - scraper.py:94 - 正在閱讀內文: https://www.ithome.com.tw/news/172369...
2025-12-06 03:03:26 - [INFO] - scraper.py:94 - 正在閱讀內文: https://blog.billows.com.tw/?p=4019...
2025-12-06 03:03:29 - [INFO] - scraper.py:94 - 正在閱讀內文: https://thehackernews.com/2025/11/wrthug-exploits-...
2025-12-06 03:03:32 - [INFO] - scraper.py:94 - 正在閱讀內文: https://www.bleepingcomputer.com/news/security/new...
2025-12-06 03:03:38 - [INFO] - scraper.py:94 - 正在閱讀內文: https://thehackernews.com/2025/10/polaredge-target...
2025-12-06 03:03:41 - [INFO] - scraper.py:94 - 正在閱讀內文: https://www.bleepingcomputer.com/news/security/asu...
2025-12-06 03:03:45 - [INFO] - scraper.py:94 - 正在閱讀內文: https://www.bleepingcomputer.com/news/security/asu...
2025-12-06 03:03:49 - [INFO] - database.py:60 - [DB] 批次作業結束: 輸入 15 筆 -> 實際新增 14 筆
2025-12-06 03:03:49 - [INFO] - main.py:99 - 階段一結束。資料庫實際新增: 14 筆。
2025-12-06 03:03:50 - [INFO] - scraper.py:67 - 爬蟲已結束並關閉
2025-12-06 03:03:52 - [INFO] - main.py:109 - === 階段二: 填寫表單 (Status='N') ===
2025-12-06 03:03:52 - [INFO] - main.py:117 - 發現 14 筆任務，啟動填表機器人...
2025-12-06 03:03:52 - [INFO] - main.py:122 - [1/14] 填寫中: Gamers Nexus hi...
2025-12-06 03:04:17 - [ERROR] - form_filler.py:107 - 填表失敗: Message: 
Stacktrace:
#0 0x5ea628faa16a <unknown>
#1 0x5ea628a27c4b <unknown>
#2 0x5ea628a79318 <unk
2025-12-06 03:04:17 - [ERROR] - main.py:136 - -> 失敗 (ID 4): 提交失敗
2025-12-06 03:04:17 - [WARNING] - database.py:141 - [DB] 新聞 ID 4 失敗次數增加為: 1
2025-12-06 03:04:20 - [INFO] - main.py:122 - [2/14] 填寫中: ASUS implements...
2025-12-06 03:04:45 - [ERROR] - form_filler.py:107 - 填表失敗: Message: 
Stacktrace:
#0 0x6505e352116a <unknown>
#1 0x6505e2f9ec4b <unknown>
#2 0x6505e2ff0318 <unk
2025-12-06 03:04:45 - [ERROR] - main.py:136 - -> 失敗 (ID 1): 提交失敗
2025-12-06 03:04:45 - [WARNING] - database.py:141 - [DB] 新聞 ID 1 失敗次數增加為: 1
2025-12-06 03:04:48 - [INFO] - main.py:122 - [3/14] 填寫中: PolarEdge Targe...
2025-12-06 03:05:13 - [ERROR] - form_filler.py:107 - 填表失敗: Message: 
Stacktrace:
#0 0x5a27ce61416a <unknown>
#1 0x5a27ce091c4b <unknown>
#2 0x5a27ce0e3318 <unk
2025-12-06 03:05:13 - [ERROR] - main.py:136 - -> 失敗 (ID 13): 提交失敗
2025-12-06 03:05:13 - [WARNING] - database.py:141 - [DB] 新聞 ID 13 失敗次數增加為: 1
2025-12-06 03:05:16 - [INFO] - main.py:122 - [4/14] 填寫中: Critical CVE-20...
2025-12-06 03:05:41 - [ERROR] - form_filler.py:107 - 填表失敗: Message: 
Stacktrace:
#0 0x63e10bb0016a <unknown>
#1 0x63e10b57dc4b <unknown>
#2 0x63e10b5cf318 <unk
2025-12-06 03:05:41 - [ERROR] - main.py:136 - -> 失敗 (ID 2): 提交失敗
2025-12-06 03:05:41 - [WARNING] - database.py:141 - [DB] 新聞 ID 2 失敗次數增加為: 1
2025-12-06 03:05:44 - [INFO] - main.py:122 - [5/14] 填寫中: ASUS warns of c...
2025-12-06 03:06:09 - [ERROR] - form_filler.py:107 - 填表失敗: Message: 
Stacktrace:
#0 0x61ee5d37916a <unknown>
#1 0x61ee5cdf6c4b <unknown>
#2 0x61ee5ce48318 <unk
2025-12-06 03:06:09 - [ERROR] - main.py:136 - -> 失敗 (ID 15): 提交失敗
2025-12-06 03:06:09 - [WARNING] - database.py:141 - [DB] 新聞 ID 15 失敗次數增加為: 1
2025-12-06 03:06:12 - [INFO] - main.py:122 - [6/14] 填寫中: 華碩路由器已知漏洞遭到利用，中...
2025-12-06 03:06:37 - [ERROR] - form_filler.py:107 - 填表失敗: Message: 
Stacktrace:
#0 0x642b7b43316a <unknown>
#1 0x642b7aeb0c4b <unknown>
#2 0x642b7af02318 <unk
2025-12-06 03:06:37 - [ERROR] - main.py:136 - -> 失敗 (ID 6): 提交失敗
2025-12-06 03:06:38 - [WARNING] - database.py:141 - [DB] 新聞 ID 6 失敗次數增加為: 1
2025-12-06 03:06:41 - [INFO] - main.py:122 - [7/14] 填寫中: ASUS 緊急修補 DSL 路...
2025-12-06 03:07:06 - [ERROR] - form_filler.py:107 - 填表失敗: Message: 
Stacktrace:
#0 0x57d455a3b16a <unknown>
#1 0x57d4554b8c4b <unknown>
#2 0x57d45550a318 <unk
2025-12-06 03:07:06 - [ERROR] - main.py:136 - -> 失敗 (ID 7): 提交失敗
2025-12-06 03:07:06 - [WARNING] - database.py:141 - [DB] 新聞 ID 7 失敗次數增加為: 1
2025-12-06 03:07:09 - [INFO] - main.py:122 - [8/14] 填寫中: 華碩用戶注意！大量路由器遭駭客...
2025-12-06 03:07:35 - [ERROR] - form_filler.py:107 - 填表失敗: Message: 
Stacktrace:
#0 0x64f38d38016a <unknown>
#1 0x64f38cdfdc4b <unknown>
#2 0x64f38ce4f318 <unk
2025-12-06 03:07:35 - [ERROR] - main.py:136 - -> 失敗 (ID 8): 提交失敗
2025-12-06 03:07:35 - [WARNING] - database.py:141 - [DB] 新聞 ID 8 失敗次數增加為: 1
2025-12-06 03:07:38 - [INFO] - main.py:122 - [9/14] 填寫中: 【資安日報】11月20日，華碩...
2025-12-06 03:08:04 - [ERROR] - form_filler.py:107 - 填表失敗: Message: 
Stacktrace:
#0 0x61fcb0d1a16a <unknown>
#1 0x61fcb0797c4b <unknown>
#2 0x61fcb07e9318 <unk
2025-12-06 03:08:04 - [ERROR] - main.py:136 - -> 失敗 (ID 9): 提交失敗
2025-12-06 03:08:04 - [WARNING] - database.py:141 - [DB] 新聞 ID 9 失敗次數增加為: 1
2025-12-06 03:08:07 - [INFO] - main.py:122 - [10/14] 填寫中: Operation WrtHu...
2025-12-06 03:08:33 - [ERROR] - form_filler.py:107 - 填表失敗: Message: 
Stacktrace:
#0 0x5a843e0b616a <unknown>
#1 0x5a843db33c4b <unknown>
#2 0x5a843db85318 <unk
2025-12-06 03:08:33 - [ERROR] - main.py:136 - -> 失敗 (ID 10): 提交失敗
2025-12-06 03:08:33 - [WARNING] - database.py:141 - [DB] 新聞 ID 10 失敗次數增加為: 1
2025-12-06 03:08:36 - [INFO] - main.py:122 - [11/14] 填寫中: WrtHug Exploits...
2025-12-06 03:09:01 - [ERROR] - form_filler.py:107 - 填表失敗: Message: 
Stacktrace:
#0 0x6544db29b16a <unknown>
#1 0x6544dad18c4b <unknown>
#2 0x6544dad6a318 <unk
2025-12-06 03:09:01 - [ERROR] - main.py:136 - -> 失敗 (ID 11): 提交失敗
2025-12-06 03:09:01 - [WARNING] - database.py:141 - [DB] 新聞 ID 11 失敗次數增加為: 1
2025-12-06 03:09:04 - [INFO] - main.py:122 - [12/14] 填寫中: New WrtHug camp...
2025-12-06 03:09:30 - [ERROR] - form_filler.py:107 - 填表失敗: Message: 
Stacktrace:
#0 0x5d6ef130616a <unknown>
#1 0x5d6ef0d83c4b <unknown>
#2 0x5d6ef0dd5318 <unk
2025-12-06 03:09:30 - [ERROR] - main.py:136 - -> 失敗 (ID 12): 提交失敗
2025-12-06 03:09:30 - [WARNING] - database.py:141 - [DB] 新聞 ID 12 失敗次數增加為: 1
2025-12-06 03:09:33 - [INFO] - main.py:122 - [13/14] 填寫中: Got an Asus PC ...
2025-12-06 03:09:58 - [ERROR] - form_filler.py:107 - 填表失敗: Message: 
Stacktrace:
#0 0x624ca888316a <unknown>
#1 0x624ca8300c4b <unknown>
#2 0x624ca8352318 <unk
2025-12-06 03:09:58 - [ERROR] - main.py:136 - -> 失敗 (ID 5): 提交失敗
2025-12-06 03:09:58 - [WARNING] - database.py:141 - [DB] 新聞 ID 5 失敗次數增加為: 1
2025-12-06 03:10:01 - [INFO] - main.py:122 - [14/14] 填寫中: ASUS warns of n...
2025-12-06 03:10:26 - [ERROR] - form_filler.py:107 - 填表失敗: Message: 
Stacktrace:
#0 0x5a957fd0516a <unknown>
#1 0x5a957f782c4b <unknown>
#2 0x5a957f7d4318 <unk
2025-12-06 03:10:26 - [ERROR] - main.py:136 - -> 失敗 (ID 14): 提交失敗
2025-12-06 03:10:26 - [WARNING] - database.py:141 - [DB] 新聞 ID 14 失敗次數增加為: 1
2025-12-06 03:10:29 - [INFO] - main.py:153 - === 全部完成 ===
