2025-12-09 03:03:09 - [INFO] - main.py:41 - === 階段一: 雙語多源爬蟲啟動 ===
2025-12-09 03:03:09 - [INFO] - scraper.py:28 - 啟動 Chrome Driver (V14 Final)...
2025-12-09 03:03:23 - [INFO] - main.py:48 - 執行任務: Google News (EN)...
2025-12-09 03:03:23 - [INFO] - scraper.py:164 - [Google News (EN) | en] 前往搜尋: https://www.google.com/search?q=ASUS router security&hl=en&tbm=nws&tbs=qdr:m6
2025-12-09 03:03:32 - [INFO] - scraper.py:192 - [Google News (EN)] 找到 10 筆原始資料
2025-12-09 03:03:33 - [INFO] - scraper.py:232 - [Google News (EN)] 保留 10 筆有效資料
2025-12-09 03:03:35 - [INFO] - main.py:48 - 執行任務: Google News (TW)...
2025-12-09 03:03:35 - [INFO] - scraper.py:164 - [Google News (TW) | zh-TW] 前往搜尋: https://www.google.com/search?q=華碩 路由器 資安&hl=zh-TW&tbm=nws&tbs=qdr:m6
2025-12-09 03:03:47 - [INFO] - main.py:41 - === 階段一: 雙語多源爬蟲啟動 ===
2025-12-09 03:03:47 - [INFO] - scraper.py:28 - 啟動 Chrome Driver (V14 Final)...
2025-12-09 03:03:49 - [INFO] - main.py:48 - 執行任務: Google News (EN)...
2025-12-09 03:03:49 - [INFO] - scraper.py:164 - [Google News (EN) | en] 前往搜尋: https://www.google.com/search?q=ASUS router security&hl=en&tbm=nws&tbs=qdr:m6
2025-12-09 03:03:57 - [INFO] - scraper.py:192 - [Google News (EN)] 找到 10 筆原始資料
2025-12-09 03:03:58 - [INFO] - scraper.py:232 - [Google News (EN)] 保留 10 筆有效資料
2025-12-09 03:04:00 - [INFO] - main.py:48 - 執行任務: Google News (TW)...
2025-12-09 03:04:00 - [INFO] - scraper.py:164 - [Google News (TW) | zh-TW] 前往搜尋: https://www.google.com/search?q=華碩 路由器 資安&hl=zh-TW&tbm=nws&tbs=qdr:m6
2025-12-09 03:04:08 - [INFO] - scraper.py:192 - [Google News (TW)] 找到 10 筆原始資料
2025-12-09 03:04:09 - [INFO] - scraper.py:232 - [Google News (TW)] 保留 10 筆有效資料
2025-12-09 03:04:11 - [INFO] - main.py:48 - 執行任務: 官方資源...
2025-12-09 03:04:11 - [INFO] - scraper.py:164 - [官方資源 | en] 前往搜尋: https://www.google.com/search?q=site:asus.com security router&hl=en&tbs=qdr:y
2025-12-09 03:04:30 - [INFO] - scraper.py:192 - [官方資源] 找到 0 筆原始資料
2025-12-09 03:04:30 - [INFO] - scraper.py:232 - [官方資源] 保留 0 筆有效資料
2025-12-09 03:04:32 - [INFO] - main.py:48 - 執行任務: 資安通報...
2025-12-09 03:04:32 - [INFO] - scraper.py:164 - [資安通報 | en] 前往搜尋: https://www.google.com/search?q=site:bleepingcomputer.com OR site:thehackernews.com ASUS&hl=en&tbm=nws&tbs=qdr:m6
2025-12-09 03:04:39 - [INFO] - scraper.py:192 - [資安通報] 找到 10 筆原始資料
2025-12-09 03:04:40 - [INFO] - scraper.py:232 - [資安通報] 保留 6 筆有效資料
2025-12-09 03:04:42 - [INFO] - main.py:64 - 搜尋完成，共 15 筆，開始閱讀內文...
2025-12-09 03:04:43 - [INFO] - scraper.py:90 - 正在閱讀內文: https://press.asus.com/news/statements/asus-securi...
2025-12-09 03:04:46 - [INFO] - scraper.py:90 - 正在閱讀內文: https://thehackernews.com/2025/11/wrthug-exploits-...
2025-12-09 03:04:50 - [INFO] - scraper.py:90 - 正在閱讀內文: https://securityaffairs.com/184636/security/critic...
2025-12-09 03:04:55 - [INFO] - scraper.py:90 - 正在閱讀內文: https://www.techpowerup.com/339333/asus-implements...
2025-12-09 03:05:00 - [INFO] - scraper.py:90 - 正在閱讀內文: https://www.pcgamer.com/hardware/dangerous-securit...
2025-12-09 03:05:10 - [INFO] - scraper.py:90 - 正在閱讀內文: https://www.ithome.com.tw/news/172360...
2025-12-09 03:05:14 - [INFO] - scraper.py:90 - 正在閱讀內文: https://www.informationsecurity.com.tw/article/art...
2025-12-09 03:05:33 - [INFO] - scraper.py:90 - 正在閱讀內文: https://3c.ltn.com.tw/news/63982...
2025-12-09 03:05:38 - [INFO] - scraper.py:90 - 正在閱讀內文: https://www.ithome.com.tw/news/172369...
2025-12-09 03:05:42 - [INFO] - scraper.py:90 - 正在閱讀內文: https://blog.billows.com.tw/?p=4019...
2025-12-09 03:05:47 - [INFO] - scraper.py:90 - 正在閱讀內文: https://thehackernews.com/2025/11/wrthug-exploits-...
2025-12-09 03:05:50 - [INFO] - scraper.py:90 - 正在閱讀內文: https://thehackernews.com/2025/10/polaredge-target...
2025-12-09 03:05:53 - [INFO] - scraper.py:90 - 正在閱讀內文: https://www.bleepingcomputer.com/news/security/new...
2025-12-09 03:05:55 - [INFO] - scraper.py:90 - 正在閱讀內文: https://www.bleepingcomputer.com/news/security/asu...
2025-12-09 03:05:56 - [INFO] - scraper.py:90 - 正在閱讀內文: https://www.bleepingcomputer.com/news/security/asu...
2025-12-09 03:05:59 - [INFO] - database.py:75 - [DB] 批次作業結束: 輸入 15 筆 -> 實際新增 14 筆
2025-12-09 03:05:59 - [INFO] - main.py:97 - 階段一結束。資料庫實際新增: 14 筆。
2025-12-09 03:05:59 - [INFO] - scraper.py:64 - 爬蟲已結束並關閉
2025-12-09 03:06:01 - [INFO] - main.py:109 - === 階段二: 填寫表單 (Status='N') ===
2025-12-09 03:06:01 - [INFO] - main.py:123 - 發現 14 筆任務，啟動填表機器人...
2025-12-09 03:06:01 - [INFO] - main.py:128 - [1/14] 填寫中: ASUS Armoury Cr...
2025-12-09 03:06:04 - [INFO] - form_filler.py:58 - 前往表單: https://docs.google.com/forms/d/e/1FAIpQLScUld1s4B_RNVnCqSmK_dzgC7fS0cNrZZxAAIrwmyGZdqS7Yg/viewform?usp=publish-editor
2025-12-09 03:06:06 - [INFO] - form_filler.py:75 - 偵測到 5 個輸入框
2025-12-09 03:06:07 - [INFO] - form_filler.py:101 - 欄位填寫完畢，嘗試提交...
2025-12-09 03:06:14 - [INFO] - form_filler.py:134 - ⚠️ 未偵測到成功文字，但網址已變更，視為提交成功
2025-12-09 03:06:15 - [INFO] - database.py:125 - [DB] 新聞 ID 14 狀態更新為: 'Y'
2025-12-09 03:06:15 - [INFO] - main.py:137 - -> 成功 (ID 14)
2025-12-09 03:06:18 - [INFO] - main.py:128 - [2/14] 填寫中: ASUS implements...
2025-12-09 03:06:19 - [INFO] - form_filler.py:58 - 前往表單: https://docs.google.com/forms/d/e/1FAIpQLScUld1s4B_RNVnCqSmK_dzgC7fS0cNrZZxAAIrwmyGZdqS7Yg/viewform?usp=publish-editor
2025-12-09 03:06:22 - [INFO] - form_filler.py:75 - 偵測到 5 個輸入框
2025-12-09 03:06:24 - [INFO] - form_filler.py:101 - 欄位填寫完畢，嘗試提交...
2025-12-09 03:06:31 - [INFO] - form_filler.py:134 - ⚠️ 未偵測到成功文字，但網址已變更，視為提交成功
2025-12-09 03:06:31 - [INFO] - database.py:125 - [DB] 新聞 ID 1 狀態更新為: 'Y'
2025-12-09 03:06:31 - [INFO] - main.py:137 - -> 成功 (ID 1)
2025-12-09 03:06:34 - [INFO] - main.py:128 - [3/14] 填寫中: ASUS Implements...
2025-12-09 03:06:35 - [INFO] - form_filler.py:58 - 前往表單: https://docs.google.com/forms/d/e/1FAIpQLScUld1s4B_RNVnCqSmK_dzgC7fS0cNrZZxAAIrwmyGZdqS7Yg/viewform?usp=publish-editor
2025-12-09 03:06:38 - [INFO] - form_filler.py:75 - 偵測到 5 個輸入框
2025-12-09 03:06:40 - [INFO] - form_filler.py:101 - 欄位填寫完畢，嘗試提交...
2025-12-09 03:06:48 - [INFO] - form_filler.py:134 - ⚠️ 未偵測到成功文字，但網址已變更，視為提交成功
2025-12-09 03:06:48 - [INFO] - database.py:125 - [DB] 新聞 ID 4 狀態更新為: 'Y'
2025-12-09 03:06:48 - [INFO] - main.py:137 - -> 成功 (ID 4)
2025-12-09 03:06:51 - [INFO] - main.py:128 - [4/14] 填寫中: PolarEdge Targe...
2025-12-09 03:06:52 - [INFO] - form_filler.py:58 - 前往表單: https://docs.google.com/forms/d/e/1FAIpQLScUld1s4B_RNVnCqSmK_dzgC7fS0cNrZZxAAIrwmyGZdqS7Yg/viewform?usp=publish-editor
2025-12-09 03:06:55 - [INFO] - form_filler.py:75 - 偵測到 5 個輸入框
2025-12-09 03:06:56 - [INFO] - form_filler.py:101 - 欄位填寫完畢，嘗試提交...
2025-12-09 03:07:04 - [INFO] - form_filler.py:134 - ⚠️ 未偵測到成功文字，但網址已變更，視為提交成功
2025-12-09 03:07:04 - [INFO] - database.py:125 - [DB] 新聞 ID 12 狀態更新為: 'Y'
2025-12-09 03:07:04 - [INFO] - main.py:137 - -> 成功 (ID 12)
2025-12-09 03:07:07 - [INFO] - main.py:128 - [5/14] 填寫中: WrtHug Exploits...
2025-12-09 03:07:09 - [INFO] - form_filler.py:58 - 前往表單: https://docs.google.com/forms/d/e/1FAIpQLScUld1s4B_RNVnCqSmK_dzgC7fS0cNrZZxAAIrwmyGZdqS7Yg/viewform?usp=publish-editor
2025-12-09 03:07:11 - [INFO] - form_filler.py:75 - 偵測到 5 個輸入框
2025-12-09 03:07:13 - [INFO] - form_filler.py:101 - 欄位填寫完畢，嘗試提交...
2025-12-09 03:07:20 - [INFO] - form_filler.py:134 - ⚠️ 未偵測到成功文字，但網址已變更，視為提交成功
2025-12-09 03:07:21 - [INFO] - database.py:125 - [DB] 新聞 ID 2 狀態更新為: 'Y'
2025-12-09 03:07:21 - [INFO] - main.py:137 - -> 成功 (ID 2)
2025-12-09 03:07:24 - [INFO] - main.py:128 - [6/14] 填寫中: Critical CVE-20...
2025-12-09 03:07:27 - [INFO] - form_filler.py:58 - 前往表單: https://docs.google.com/forms/d/e/1FAIpQLScUld1s4B_RNVnCqSmK_dzgC7fS0cNrZZxAAIrwmyGZdqS7Yg/viewform?usp=publish-editor
2025-12-09 03:07:29 - [INFO] - form_filler.py:75 - 偵測到 5 個輸入框
2025-12-09 03:07:32 - [INFO] - form_filler.py:101 - 欄位填寫完畢，嘗試提交...
2025-12-09 03:07:39 - [INFO] - form_filler.py:134 - ⚠️ 未偵測到成功文字，但網址已變更，視為提交成功
2025-12-09 03:07:39 - [INFO] - database.py:125 - [DB] 新聞 ID 3 狀態更新為: 'Y'
2025-12-09 03:07:39 - [INFO] - main.py:137 - -> 成功 (ID 3)
2025-12-09 03:07:42 - [INFO] - main.py:128 - [7/14] 填寫中: ASUS 緊急修補 DSL 路...
2025-12-09 03:07:45 - [INFO] - form_filler.py:58 - 前往表單: https://docs.google.com/forms/d/e/1FAIpQLScUld1s4B_RNVnCqSmK_dzgC7fS0cNrZZxAAIrwmyGZdqS7Yg/viewform?usp=publish-editor
2025-12-09 03:07:47 - [INFO] - form_filler.py:75 - 偵測到 5 個輸入框
2025-12-09 03:07:49 - [INFO] - form_filler.py:101 - 欄位填寫完畢，嘗試提交...
2025-12-09 03:07:56 - [INFO] - form_filler.py:134 - ⚠️ 未偵測到成功文字，但網址已變更，視為提交成功
2025-12-09 03:07:56 - [INFO] - database.py:125 - [DB] 新聞 ID 7 狀態更新為: 'Y'
2025-12-09 03:07:56 - [INFO] - main.py:137 - -> 成功 (ID 7)
2025-12-09 03:07:59 - [INFO] - main.py:128 - [8/14] 填寫中: New WrtHug camp...
2025-12-09 03:08:02 - [INFO] - form_filler.py:58 - 前往表單: https://docs.google.com/forms/d/e/1FAIpQLScUld1s4B_RNVnCqSmK_dzgC7fS0cNrZZxAAIrwmyGZdqS7Yg/viewform?usp=publish-editor
2025-12-09 03:08:03 - [INFO] - form_filler.py:75 - 偵測到 5 個輸入框
2025-12-09 03:08:05 - [INFO] - form_filler.py:101 - 欄位填寫完畢，嘗試提交...
2025-12-09 03:08:12 - [INFO] - form_filler.py:134 - ⚠️ 未偵測到成功文字，但網址已變更，視為提交成功
2025-12-09 03:08:12 - [INFO] - database.py:125 - [DB] 新聞 ID 13 狀態更新為: 'Y'
2025-12-09 03:08:12 - [INFO] - main.py:137 - -> 成功 (ID 13)
2025-12-09 03:08:23 - [INFO] - main.py:41 - === 階段一: 雙語多源爬蟲啟動 ===
2025-12-09 03:08:23 - [INFO] - scraper.py:28 - 啟動 Chrome Driver (V14 Final)...
2025-12-09 03:08:32 - [INFO] - main.py:48 - 執行任務: Google News (EN)...
2025-12-09 03:08:32 - [INFO] - scraper.py:164 - [Google News (EN) | en] 前往搜尋: https://www.google.com/search?q=ASUS router security&hl=en&tbm=nws&tbs=qdr:m6
2025-12-09 03:08:40 - [INFO] - scraper.py:192 - [Google News (EN)] 找到 10 筆原始資料
2025-12-09 03:08:41 - [INFO] - scraper.py:232 - [Google News (EN)] 保留 10 筆有效資料
2025-12-09 03:08:43 - [INFO] - main.py:48 - 執行任務: Google News (TW)...
2025-12-09 03:08:43 - [INFO] - scraper.py:164 - [Google News (TW) | zh-TW] 前往搜尋: https://www.google.com/search?q=華碩 路由器 資安&hl=zh-TW&tbm=nws&tbs=qdr:m6
2025-12-09 03:08:50 - [INFO] - scraper.py:192 - [Google News (TW)] 找到 10 筆原始資料
2025-12-09 03:08:51 - [INFO] - scraper.py:232 - [Google News (TW)] 保留 10 筆有效資料
2025-12-09 03:08:53 - [INFO] - main.py:48 - 執行任務: 官方資源...
2025-12-09 03:08:53 - [INFO] - scraper.py:164 - [官方資源 | en] 前往搜尋: https://www.google.com/search?q=site:asus.com security router&hl=en&tbs=qdr:y
2025-12-09 03:09:12 - [INFO] - scraper.py:192 - [官方資源] 找到 0 筆原始資料
2025-12-09 03:09:12 - [INFO] - scraper.py:232 - [官方資源] 保留 0 筆有效資料
2025-12-09 03:09:14 - [INFO] - main.py:48 - 執行任務: 資安通報...
2025-12-09 03:09:14 - [INFO] - scraper.py:164 - [資安通報 | en] 前往搜尋: https://www.google.com/search?q=site:bleepingcomputer.com OR site:thehackernews.com ASUS&hl=en&tbm=nws&tbs=qdr:m6
2025-12-09 03:09:21 - [INFO] - scraper.py:192 - [資安通報] 找到 10 筆原始資料
2025-12-09 03:09:22 - [INFO] - scraper.py:232 - [資安通報] 保留 6 筆有效資料
2025-12-09 03:09:24 - [INFO] - main.py:64 - 搜尋完成，共 15 筆，開始閱讀內文...
2025-12-09 03:09:24 - [INFO] - scraper.py:90 - 正在閱讀內文: https://press.asus.com/news/statements/asus-securi...
2025-12-09 03:09:28 - [INFO] - scraper.py:90 - 正在閱讀內文: https://thehackernews.com/2025/11/wrthug-exploits-...
2025-12-09 03:09:30 - [INFO] - scraper.py:90 - 正在閱讀內文: https://securityaffairs.com/184636/security/critic...
2025-12-09 03:09:35 - [INFO] - scraper.py:90 - 正在閱讀內文: https://www.techpowerup.com/339333/asus-implements...
2025-12-09 03:09:39 - [INFO] - scraper.py:90 - 正在閱讀內文: https://www.pcgamer.com/hardware/dangerous-securit...
2025-12-09 03:09:46 - [INFO] - scraper.py:90 - 正在閱讀內文: https://www.ithome.com.tw/news/172360...
2025-12-09 03:09:54 - [INFO] - scraper.py:90 - 正在閱讀內文: https://www.informationsecurity.com.tw/article/art...
2025-12-09 03:10:07 - [INFO] - scraper.py:90 - 正在閱讀內文: https://3c.ltn.com.tw/news/63982...
2025-12-09 03:10:13 - [INFO] - scraper.py:90 - 正在閱讀內文: https://www.ithome.com.tw/news/172369...
2025-12-09 03:10:17 - [INFO] - scraper.py:90 - 正在閱讀內文: https://blog.billows.com.tw/?p=4019...
2025-12-09 03:10:20 - [INFO] - scraper.py:90 - 正在閱讀內文: https://thehackernews.com/2025/11/wrthug-exploits-...
2025-12-09 03:10:23 - [INFO] - scraper.py:90 - 正在閱讀內文: https://thehackernews.com/2025/10/polaredge-target...
2025-12-09 03:10:26 - [INFO] - scraper.py:90 - 正在閱讀內文: https://www.bleepingcomputer.com/news/security/new...
2025-12-09 03:10:28 - [INFO] - scraper.py:90 - 正在閱讀內文: https://www.bleepingcomputer.com/news/security/asu...
2025-12-09 03:10:30 - [INFO] - scraper.py:90 - 正在閱讀內文: https://www.bleepingcomputer.com/news/security/asu...
2025-12-09 03:10:32 - [INFO] - database.py:75 - [DB] 批次作業結束: 輸入 15 筆 -> 實際新增 0 筆
2025-12-09 03:10:32 - [INFO] - main.py:97 - 階段一結束。資料庫實際新增: 0 筆。
2025-12-09 03:10:34 - [INFO] - scraper.py:64 - 爬蟲已結束並關閉
2025-12-09 03:10:36 - [INFO] - main.py:109 - === 階段二: 填寫表單 (Status='N') ===
2025-12-09 03:10:36 - [INFO] - main.py:123 - 發現 6 筆任務，啟動填表機器人...
2025-12-09 03:10:36 - [INFO] - main.py:128 - [1/6] 填寫中: ASUS warns of c...
2025-12-09 03:10:39 - [INFO] - form_filler.py:58 - 前往表單: https://docs.google.com/forms/d/e/1FAIpQLScUld1s4B_RNVnCqSmK_dzgC7fS0cNrZZxAAIrwmyGZdqS7Yg/viewform?usp=publish-editor
2025-12-09 03:10:40 - [INFO] - form_filler.py:75 - 偵測到 5 個輸入框
2025-12-09 03:10:42 - [INFO] - form_filler.py:101 - 欄位填寫完畢，嘗試提交...
2025-12-09 03:10:49 - [INFO] - form_filler.py:134 - ⚠️ 未偵測到成功文字，但網址已變更，視為提交成功
2025-12-09 03:10:49 - [INFO] - database.py:125 - [DB] 新聞 ID 15 狀態更新為: 'Y'
2025-12-09 03:10:49 - [INFO] - main.py:137 - -> 成功 (ID 15)
2025-12-09 03:10:52 - [INFO] - main.py:128 - [2/6] 填寫中: 華碩路由器已知漏洞遭到利用，中...
2025-12-09 03:10:54 - [INFO] - form_filler.py:58 - 前往表單: https://docs.google.com/forms/d/e/1FAIpQLScUld1s4B_RNVnCqSmK_dzgC7fS0cNrZZxAAIrwmyGZdqS7Yg/viewform?usp=publish-editor
2025-12-09 03:10:55 - [INFO] - form_filler.py:75 - 偵測到 5 個輸入框
2025-12-09 03:10:58 - [INFO] - form_filler.py:101 - 欄位填寫完畢，嘗試提交...
2025-12-09 03:11:05 - [INFO] - form_filler.py:134 - ⚠️ 未偵測到成功文字，但網址已變更，視為提交成功
2025-12-09 03:11:05 - [INFO] - database.py:125 - [DB] 新聞 ID 6 狀態更新為: 'Y'
2025-12-09 03:11:05 - [INFO] - main.py:137 - -> 成功 (ID 6)
2025-12-09 03:11:09 - [INFO] - main.py:128 - [3/6] 填寫中: 華碩用戶注意！大量路由器遭駭客...
2025-12-09 03:11:10 - [INFO] - form_filler.py:58 - 前往表單: https://docs.google.com/forms/d/e/1FAIpQLScUld1s4B_RNVnCqSmK_dzgC7fS0cNrZZxAAIrwmyGZdqS7Yg/viewform?usp=publish-editor
2025-12-09 03:11:11 - [INFO] - form_filler.py:75 - 偵測到 5 個輸入框
2025-12-09 03:11:14 - [INFO] - form_filler.py:101 - 欄位填寫完畢，嘗試提交...
2025-12-09 03:11:21 - [INFO] - form_filler.py:134 - ⚠️ 未偵測到成功文字，但網址已變更，視為提交成功
2025-12-09 03:11:21 - [INFO] - database.py:125 - [DB] 新聞 ID 8 狀態更新為: 'Y'
2025-12-09 03:11:21 - [INFO] - main.py:137 - -> 成功 (ID 8)
2025-12-09 03:11:24 - [INFO] - main.py:128 - [4/6] 填寫中: 【資安日報】11月20日，華碩...
2025-12-09 03:11:26 - [INFO] - form_filler.py:58 - 前往表單: https://docs.google.com/forms/d/e/1FAIpQLScUld1s4B_RNVnCqSmK_dzgC7fS0cNrZZxAAIrwmyGZdqS7Yg/viewform?usp=publish-editor
2025-12-09 03:11:27 - [INFO] - form_filler.py:75 - 偵測到 5 個輸入框
2025-12-09 03:11:30 - [INFO] - form_filler.py:101 - 欄位填寫完畢，嘗試提交...
2025-12-09 03:11:38 - [INFO] - form_filler.py:134 - ⚠️ 未偵測到成功文字，但網址已變更，視為提交成功
2025-12-09 03:11:38 - [INFO] - database.py:125 - [DB] 新聞 ID 9 狀態更新為: 'Y'
2025-12-09 03:11:38 - [INFO] - main.py:137 - -> 成功 (ID 9)
2025-12-09 03:11:41 - [INFO] - main.py:128 - [5/6] 填寫中: Operation WrtHu...
2025-12-09 03:11:42 - [INFO] - form_filler.py:58 - 前往表單: https://docs.google.com/forms/d/e/1FAIpQLScUld1s4B_RNVnCqSmK_dzgC7fS0cNrZZxAAIrwmyGZdqS7Yg/viewform?usp=publish-editor
2025-12-09 03:11:44 - [INFO] - form_filler.py:75 - 偵測到 5 個輸入框
2025-12-09 03:11:47 - [INFO] - form_filler.py:101 - 欄位填寫完畢，嘗試提交...
2025-12-09 03:11:54 - [INFO] - form_filler.py:134 - ⚠️ 未偵測到成功文字，但網址已變更，視為提交成功
2025-12-09 03:11:54 - [INFO] - database.py:125 - [DB] 新聞 ID 10 狀態更新為: 'Y'
2025-12-09 03:11:54 - [INFO] - main.py:137 - -> 成功 (ID 10)
2025-12-09 03:11:57 - [INFO] - main.py:128 - [6/6] 填寫中: Got an Asus PC ...
2025-12-09 03:11:58 - [INFO] - form_filler.py:58 - 前往表單: https://docs.google.com/forms/d/e/1FAIpQLScUld1s4B_RNVnCqSmK_dzgC7fS0cNrZZxAAIrwmyGZdqS7Yg/viewform?usp=publish-editor
2025-12-09 03:12:00 - [INFO] - form_filler.py:75 - 偵測到 5 個輸入框
2025-12-09 03:12:02 - [INFO] - form_filler.py:101 - 欄位填寫完畢，嘗試提交...
2025-12-09 03:12:09 - [INFO] - form_filler.py:134 - ⚠️ 未偵測到成功文字，但網址已變更，視為提交成功
2025-12-09 03:12:09 - [INFO] - database.py:125 - [DB] 新聞 ID 5 狀態更新為: 'Y'
2025-12-09 03:12:09 - [INFO] - main.py:137 - -> 成功 (ID 5)
2025-12-09 03:12:12 - [INFO] - main.py:166 - === 全部完成 ===
2025-12-09 03:12:12 - [INFO] - main.py:168 - 執行統計: 總共 6 筆 | 成功: 6 筆 | 失敗: 0 筆
2025-12-09 06:17:40 - [INFO] - main.py:157 - === 系統啟動：進入自動化排程模式 ===
2025-12-09 06:17:42 - [INFO] - main.py:41 - === 階段一: 雙語多源爬蟲啟動 ===
2025-12-09 06:17:42 - [INFO] - scraper.py:28 - 啟動 Chrome Driver (V14 Final)...
2025-12-09 06:17:57 - [INFO] - main.py:48 - 執行任務: Google News (EN)...
2025-12-09 06:17:57 - [INFO] - scraper.py:164 - [Google News (EN) | en] 前往搜尋: https://www.google.com/search?q=ASUS router security&hl=en&tbm=nws&tbs=qdr:m6
2025-12-09 06:18:04 - [INFO] - scraper.py:192 - [Google News (EN)] 找到 10 筆原始資料
2025-12-09 06:18:05 - [INFO] - scraper.py:232 - [Google News (EN)] 保留 10 筆有效資料
2025-12-09 06:18:09 - [INFO] - main.py:157 - === 系統啟動：進入自動化排程模式 ===
2025-12-09 06:18:11 - [INFO] - main.py:41 - === 階段一: 雙語多源爬蟲啟動 ===
2025-12-09 06:18:11 - [INFO] - scraper.py:28 - 啟動 Chrome Driver (V14 Final)...
2025-12-09 06:18:13 - [INFO] - main.py:48 - 執行任務: Google News (EN)...
2025-12-09 06:18:13 - [INFO] - scraper.py:164 - [Google News (EN) | en] 前往搜尋: https://www.google.com/search?q=ASUS router security&hl=en&tbm=nws&tbs=qdr:m6
2025-12-09 06:18:20 - [INFO] - main.py:157 - === 系統啟動：進入自動化排程模式 ===
2025-12-09 06:18:20 - [INFO] - scraper.py:192 - [Google News (EN)] 找到 10 筆原始資料
2025-12-09 06:18:21 - [INFO] - scraper.py:232 - [Google News (EN)] 保留 10 筆有效資料
2025-12-09 06:18:22 - [INFO] - main.py:41 - === 階段一: 雙語多源爬蟲啟動 ===
2025-12-09 06:18:22 - [INFO] - scraper.py:28 - 啟動 Chrome Driver (V14 Final)...
2025-12-09 06:18:23 - [INFO] - main.py:48 - 執行任務: Google News (EN)...
2025-12-09 06:18:23 - [INFO] - scraper.py:164 - [Google News (EN) | en] 前往搜尋: https://www.google.com/search?q=ASUS router security&hl=en&tbm=nws&tbs=qdr:m6
2025-12-09 06:18:23 - [INFO] - main.py:48 - 執行任務: Google News (TW)...
2025-12-09 06:18:23 - [INFO] - scraper.py:164 - [Google News (TW) | zh-TW] 前往搜尋: https://www.google.com/search?q=華碩 路由器 資安&hl=zh-TW&tbm=nws&tbs=qdr:m6
2025-12-09 06:18:31 - [INFO] - scraper.py:192 - [Google News (EN)] 找到 10 筆原始資料
2025-12-09 06:18:31 - [INFO] - scraper.py:192 - [Google News (TW)] 找到 10 筆原始資料
2025-12-09 06:18:31 - [INFO] - scraper.py:232 - [Google News (EN)] 保留 10 筆有效資料
2025-12-09 06:18:32 - [INFO] - scraper.py:232 - [Google News (TW)] 保留 10 筆有效資料
2025-12-09 06:18:33 - [INFO] - main.py:48 - 執行任務: Google News (TW)...
2025-12-09 06:18:33 - [INFO] - scraper.py:164 - [Google News (TW) | zh-TW] 前往搜尋: https://www.google.com/search?q=華碩 路由器 資安&hl=zh-TW&tbm=nws&tbs=qdr:m6
2025-12-09 06:18:34 - [INFO] - main.py:48 - 執行任務: 官方資源...
2025-12-09 06:18:34 - [INFO] - scraper.py:164 - [官方資源 | en] 前往搜尋: https://www.google.com/search?q=site:asus.com security router&hl=en&tbs=qdr:y
2025-12-09 06:18:41 - [INFO] - scraper.py:192 - [Google News (TW)] 找到 10 筆原始資料
2025-12-09 06:18:42 - [INFO] - scraper.py:232 - [Google News (TW)] 保留 10 筆有效資料
2025-12-09 06:18:44 - [INFO] - main.py:48 - 執行任務: 官方資源...
2025-12-09 06:18:44 - [INFO] - scraper.py:164 - [官方資源 | en] 前往搜尋: https://www.google.com/search?q=site:asus.com security router&hl=en&tbs=qdr:y
2025-12-09 06:18:52 - [INFO] - scraper.py:192 - [官方資源] 找到 0 筆原始資料
2025-12-09 06:18:52 - [INFO] - scraper.py:232 - [官方資源] 保留 0 筆有效資料
2025-12-09 06:18:54 - [INFO] - main.py:48 - 執行任務: 資安通報...
2025-12-09 06:18:54 - [INFO] - scraper.py:164 - [資安通報 | en] 前往搜尋: https://www.google.com/search?q=site:bleepingcomputer.com OR site:thehackernews.com ASUS&hl=en&tbm=nws&tbs=qdr:m6
2025-12-09 06:19:01 - [INFO] - scraper.py:192 - [資安通報] 找到 10 筆原始資料
2025-12-09 06:19:01 - [INFO] - scraper.py:192 - [官方資源] 找到 0 筆原始資料
2025-12-09 06:19:01 - [INFO] - scraper.py:232 - [官方資源] 保留 0 筆有效資料
2025-12-09 06:19:02 - [INFO] - scraper.py:232 - [資安通報] 保留 6 筆有效資料
2025-12-09 06:19:03 - [INFO] - main.py:48 - 執行任務: 資安通報...
2025-12-09 06:19:03 - [INFO] - scraper.py:164 - [資安通報 | en] 前往搜尋: https://www.google.com/search?q=site:bleepingcomputer.com OR site:thehackernews.com ASUS&hl=en&tbm=nws&tbs=qdr:m6
2025-12-09 06:19:04 - [INFO] - main.py:64 - 搜尋完成，共 15 筆，開始閱讀內文...
2025-12-09 06:19:04 - [INFO] - scraper.py:90 - 正在閱讀內文: https://press.asus.com/news/statements/asus-securi...
2025-12-09 06:19:07 - [INFO] - scraper.py:90 - 正在閱讀內文: https://thehackernews.com/2025/11/wrthug-exploits-...
2025-12-09 06:19:10 - [INFO] - scraper.py:90 - 正在閱讀內文: https://securityaffairs.com/184636/security/critic...
2025-12-09 06:19:11 - [INFO] - scraper.py:192 - [資安通報] 找到 10 筆原始資料
2025-12-09 06:19:12 - [INFO] - scraper.py:232 - [資安通報] 保留 6 筆有效資料
2025-12-09 06:19:14 - [INFO] - main.py:64 - 搜尋完成，共 15 筆，開始閱讀內文...
2025-12-09 06:19:14 - [INFO] - scraper.py:90 - 正在閱讀內文: https://press.asus.com/news/statements/asus-securi...
2025-12-09 06:19:16 - [INFO] - scraper.py:90 - 正在閱讀內文: https://tech.yahoo.com/cybersecurity/articles/asus...
2025-12-09 06:19:17 - [INFO] - scraper.py:90 - 正在閱讀內文: https://thehackernews.com/2025/11/wrthug-exploits-...
2025-12-09 06:19:20 - [INFO] - scraper.py:90 - 正在閱讀內文: https://securityaffairs.com/184636/security/critic...
2025-12-09 06:19:22 - [INFO] - scraper.py:90 - 正在閱讀內文: https://www.techpowerup.com/339333/asus-implements...
2025-12-09 06:19:26 - [INFO] - scraper.py:90 - 正在閱讀內文: https://www.techpowerup.com/339333/asus-implements...
2025-12-09 06:19:26 - [INFO] - scraper.py:90 - 正在閱讀內文: https://www.ithome.com.tw/news/172360...
2025-12-09 06:19:29 - [INFO] - scraper.py:90 - 正在閱讀內文: https://www.informationsecurity.com.tw/article/art...
2025-12-09 06:19:29 - [INFO] - scraper.py:90 - 正在閱讀內文: https://www.pcgamer.com/hardware/dangerous-securit...
2025-12-09 06:19:32 - [INFO] - scraper.py:90 - 正在閱讀內文: https://3c.ltn.com.tw/news/63982...
2025-12-09 06:19:34 - [INFO] - scraper.py:90 - 正在閱讀內文: https://www.ithome.com.tw/news/172360...
2025-12-09 06:19:38 - [INFO] - scraper.py:90 - 正在閱讀內文: https://www.informationsecurity.com.tw/article/art...
2025-12-09 06:19:39 - [INFO] - scraper.py:90 - 正在閱讀內文: https://www.ithome.com.tw/news/172369...
2025-12-09 06:19:42 - [INFO] - scraper.py:90 - 正在閱讀內文: https://3c.ltn.com.tw/news/63982...
2025-12-09 06:19:42 - [INFO] - scraper.py:90 - 正在閱讀內文: https://blog.billows.com.tw/?p=4019...
2025-12-09 06:19:46 - [INFO] - scraper.py:90 - 正在閱讀內文: https://www.ithome.com.tw/news/172369...
2025-12-09 06:19:48 - [INFO] - scraper.py:90 - 正在閱讀內文: https://thehackernews.com/2025/11/wrthug-exploits-...
2025-12-09 06:19:49 - [INFO] - scraper.py:90 - 正在閱讀內文: https://blog.billows.com.tw/?p=4019...
2025-12-09 06:19:50 - [INFO] - scraper.py:90 - 正在閱讀內文: https://thehackernews.com/2025/10/polaredge-target...
2025-12-09 06:19:53 - [INFO] - scraper.py:90 - 正在閱讀內文: https://thehackernews.com/2025/11/wrthug-exploits-...
2025-12-09 06:19:54 - [INFO] - scraper.py:90 - 正在閱讀內文: https://www.bleepingcomputer.com/news/security/new...
2025-12-09 06:19:56 - [INFO] - scraper.py:90 - 正在閱讀內文: https://thehackernews.com/2025/10/polaredge-target...
2025-12-09 06:19:57 - [INFO] - scraper.py:90 - 正在閱讀內文: https://www.bleepingcomputer.com/news/security/asu...
2025-12-09 06:19:58 - [INFO] - scraper.py:90 - 正在閱讀內文: https://www.bleepingcomputer.com/news/security/new...
2025-12-09 06:19:58 - [INFO] - scraper.py:90 - 正在閱讀內文: https://www.bleepingcomputer.com/news/security/asu...
2025-12-09 06:20:00 - [INFO] - scraper.py:90 - 正在閱讀內文: https://www.bleepingcomputer.com/news/security/asu...
2025-12-09 06:20:00 - [INFO] - database.py:75 - [DB] 批次作業結束: 輸入 15 筆 -> 實際新增 14 筆
2025-12-09 06:20:00 - [INFO] - main.py:97 - 階段一結束。資料庫實際新增: 14 筆。
2025-12-09 06:20:00 - [INFO] - scraper.py:64 - 爬蟲已結束並關閉
2025-12-09 06:20:01 - [INFO] - scraper.py:90 - 正在閱讀內文: https://www.bleepingcomputer.com/news/security/asu...
2025-12-09 06:20:02 - [INFO] - main.py:109 - === 階段二: 填寫表單 (Status='N') ===
2025-12-09 06:20:02 - [INFO] - main.py:123 - 發現 14 筆任務，啟動填表機器人...
2025-12-09 06:20:02 - [INFO] - main.py:128 - [1/14] 填寫中: ASUS Armoury Cr...
2025-12-09 06:20:03 - [INFO] - database.py:75 - [DB] 批次作業結束: 輸入 15 筆 -> 實際新增 1 筆
2025-12-09 06:20:03 - [INFO] - main.py:97 - 階段一結束。資料庫實際新增: 1 筆。
2025-12-09 06:20:03 - [INFO] - scraper.py:64 - 爬蟲已結束並關閉
2025-12-09 06:20:04 - [INFO] - form_filler.py:58 - 前往表單: https://docs.google.com/forms/d/e/1FAIpQLScUld1s4B_RNVnCqSmK_dzgC7fS0cNrZZxAAIrwmyGZdqS7Yg/viewform?usp=publish-editor
2025-12-09 06:20:05 - [INFO] - main.py:109 - === 階段二: 填寫表單 (Status='N') ===
2025-12-09 06:20:05 - [INFO] - main.py:123 - 發現 15 筆任務，啟動填表機器人...
2025-12-09 06:20:05 - [INFO] - main.py:128 - [1/15] 填寫中: ASUS Armoury Cr...
2025-12-09 06:20:06 - [INFO] - form_filler.py:75 - 偵測到 5 個輸入框
2025-12-09 06:20:06 - [INFO] - form_filler.py:58 - 前往表單: https://docs.google.com/forms/d/e/1FAIpQLScUld1s4B_RNVnCqSmK_dzgC7fS0cNrZZxAAIrwmyGZdqS7Yg/viewform?usp=publish-editor
2025-12-09 06:20:07 - [INFO] - form_filler.py:101 - 欄位填寫完畢，嘗試提交...
2025-12-09 06:20:08 - [INFO] - form_filler.py:75 - 偵測到 5 個輸入框
2025-12-09 06:20:09 - [INFO] - form_filler.py:101 - 欄位填寫完畢，嘗試提交...
2025-12-09 06:20:14 - [INFO] - form_filler.py:134 - ⚠️ 未偵測到成功文字，但網址已變更，視為提交成功
2025-12-09 06:20:14 - [INFO] - database.py:125 - [DB] 新聞 ID 14 狀態更新為: 'Y'
2025-12-09 06:20:14 - [INFO] - main.py:137 - -> 成功 (ID 14)
2025-12-09 06:20:17 - [INFO] - form_filler.py:134 - ⚠️ 未偵測到成功文字，但網址已變更，視為提交成功
2025-12-09 06:20:17 - [INFO] - database.py:125 - [DB] 新聞 ID 14 狀態更新為: 'Y'
2025-12-09 06:20:17 - [INFO] - main.py:137 - -> 成功 (ID 14)
2025-12-09 06:20:17 - [INFO] - main.py:128 - [2/14] 填寫中: ASUS implements...
2025-12-09 06:20:19 - [INFO] - form_filler.py:58 - 前往表單: https://docs.google.com/forms/d/e/1FAIpQLScUld1s4B_RNVnCqSmK_dzgC7fS0cNrZZxAAIrwmyGZdqS7Yg/viewform?usp=publish-editor
2025-12-09 06:20:20 - [INFO] - main.py:128 - [2/15] 填寫中: ASUS implements...
2025-12-09 06:20:21 - [INFO] - form_filler.py:75 - 偵測到 5 個輸入框
2025-12-09 06:20:21 - [INFO] - form_filler.py:58 - 前往表單: https://docs.google.com/forms/d/e/1FAIpQLScUld1s4B_RNVnCqSmK_dzgC7fS0cNrZZxAAIrwmyGZdqS7Yg/viewform?usp=publish-editor
2025-12-09 06:20:23 - [INFO] - form_filler.py:101 - 欄位填寫完畢，嘗試提交...
2025-12-09 06:20:24 - [INFO] - form_filler.py:75 - 偵測到 5 個輸入框
2025-12-09 06:20:25 - [INFO] - form_filler.py:101 - 欄位填寫完畢，嘗試提交...
2025-12-09 06:20:30 - [INFO] - form_filler.py:134 - ⚠️ 未偵測到成功文字，但網址已變更，視為提交成功
2025-12-09 06:20:30 - [INFO] - database.py:125 - [DB] 新聞 ID 1 狀態更新為: 'Y'
2025-12-09 06:20:30 - [INFO] - main.py:137 - -> 成功 (ID 1)
2025-12-09 06:20:32 - [INFO] - form_filler.py:134 - ⚠️ 未偵測到成功文字，但網址已變更，視為提交成功
2025-12-09 06:20:32 - [INFO] - database.py:125 - [DB] 新聞 ID 1 狀態更新為: 'Y'
2025-12-09 06:20:32 - [INFO] - main.py:137 - -> 成功 (ID 1)
2025-12-09 06:20:33 - [INFO] - main.py:128 - [3/14] 填寫中: ASUS Implements...
2025-12-09 06:20:35 - [INFO] - form_filler.py:58 - 前往表單: https://docs.google.com/forms/d/e/1FAIpQLScUld1s4B_RNVnCqSmK_dzgC7fS0cNrZZxAAIrwmyGZdqS7Yg/viewform?usp=publish-editor
2025-12-09 06:20:35 - [INFO] - main.py:128 - [3/15] 填寫中: ASUS Implements...
2025-12-09 06:20:36 - [INFO] - form_filler.py:75 - 偵測到 5 個輸入框
2025-12-09 06:20:37 - [INFO] - form_filler.py:58 - 前往表單: https://docs.google.com/forms/d/e/1FAIpQLScUld1s4B_RNVnCqSmK_dzgC7fS0cNrZZxAAIrwmyGZdqS7Yg/viewform?usp=publish-editor
2025-12-09 06:20:38 - [INFO] - form_filler.py:101 - 欄位填寫完畢，嘗試提交...
2025-12-09 06:20:38 - [INFO] - form_filler.py:75 - 偵測到 5 個輸入框
2025-12-09 06:20:40 - [INFO] - form_filler.py:101 - 欄位填寫完畢，嘗試提交...
2025-12-09 06:20:45 - [INFO] - form_filler.py:134 - ⚠️ 未偵測到成功文字，但網址已變更，視為提交成功
2025-12-09 06:20:45 - [INFO] - database.py:125 - [DB] 新聞 ID 5 狀態更新為: 'Y'
2025-12-09 06:20:45 - [INFO] - main.py:137 - -> 成功 (ID 5)
2025-12-09 06:20:47 - [INFO] - form_filler.py:134 - ⚠️ 未偵測到成功文字，但網址已變更，視為提交成功
2025-12-09 06:20:47 - [INFO] - database.py:125 - [DB] 新聞 ID 5 狀態更新為: 'Y'
2025-12-09 06:20:47 - [INFO] - main.py:137 - -> 成功 (ID 5)
2025-12-09 06:20:48 - [INFO] - main.py:128 - [4/14] 填寫中: PolarEdge Targe...
2025-12-09 06:20:49 - [INFO] - form_filler.py:58 - 前往表單: https://docs.google.com/forms/d/e/1FAIpQLScUld1s4B_RNVnCqSmK_dzgC7fS0cNrZZxAAIrwmyGZdqS7Yg/viewform?usp=publish-editor
2025-12-09 06:20:50 - [INFO] - main.py:128 - [4/15] 填寫中: PolarEdge Targe...
2025-12-09 06:20:51 - [INFO] - form_filler.py:75 - 偵測到 5 個輸入框
2025-12-09 06:20:51 - [INFO] - form_filler.py:58 - 前往表單: https://docs.google.com/forms/d/e/1FAIpQLScUld1s4B_RNVnCqSmK_dzgC7fS0cNrZZxAAIrwmyGZdqS7Yg/viewform?usp=publish-editor
2025-12-09 06:20:53 - [INFO] - form_filler.py:101 - 欄位填寫完畢，嘗試提交...
2025-12-09 06:20:53 - [INFO] - form_filler.py:75 - 偵測到 5 個輸入框
2025-12-09 06:20:55 - [INFO] - form_filler.py:101 - 欄位填寫完畢，嘗試提交...
2025-12-09 06:21:00 - [INFO] - form_filler.py:134 - ⚠️ 未偵測到成功文字，但網址已變更，視為提交成功
2025-12-09 06:21:00 - [INFO] - database.py:125 - [DB] 新聞 ID 12 狀態更新為: 'Y'
2025-12-09 06:21:00 - [INFO] - main.py:137 - -> 成功 (ID 12)
2025-12-09 06:21:02 - [INFO] - form_filler.py:134 - ⚠️ 未偵測到成功文字，但網址已變更，視為提交成功
2025-12-09 06:21:02 - [INFO] - database.py:125 - [DB] 新聞 ID 12 狀態更新為: 'Y'
2025-12-09 06:21:02 - [INFO] - main.py:137 - -> 成功 (ID 12)
2025-12-09 06:21:03 - [INFO] - main.py:128 - [5/14] 填寫中: WrtHug Exploits...
2025-12-09 06:21:04 - [INFO] - form_filler.py:58 - 前往表單: https://docs.google.com/forms/d/e/1FAIpQLScUld1s4B_RNVnCqSmK_dzgC7fS0cNrZZxAAIrwmyGZdqS7Yg/viewform?usp=publish-editor
2025-12-09 06:21:05 - [INFO] - main.py:128 - [5/15] 填寫中: WrtHug Exploits...
2025-12-09 06:21:05 - [INFO] - form_filler.py:75 - 偵測到 5 個輸入框
2025-12-09 06:21:06 - [INFO] - form_filler.py:58 - 前往表單: https://docs.google.com/forms/d/e/1FAIpQLScUld1s4B_RNVnCqSmK_dzgC7fS0cNrZZxAAIrwmyGZdqS7Yg/viewform?usp=publish-editor
2025-12-09 06:21:07 - [INFO] - form_filler.py:75 - 偵測到 5 個輸入框
2025-12-09 06:21:07 - [INFO] - form_filler.py:101 - 欄位填寫完畢，嘗試提交...
2025-12-09 06:21:09 - [INFO] - form_filler.py:101 - 欄位填寫完畢，嘗試提交...
2025-12-09 06:21:14 - [INFO] - form_filler.py:134 - ⚠️ 未偵測到成功文字，但網址已變更，視為提交成功
2025-12-09 06:21:14 - [INFO] - database.py:125 - [DB] 新聞 ID 2 狀態更新為: 'Y'
2025-12-09 06:21:14 - [INFO] - main.py:137 - -> 成功 (ID 2)
2025-12-09 06:21:17 - [INFO] - form_filler.py:134 - ⚠️ 未偵測到成功文字，但網址已變更，視為提交成功
2025-12-09 06:21:17 - [INFO] - database.py:125 - [DB] 新聞 ID 2 狀態更新為: 'Y'
2025-12-09 06:21:17 - [INFO] - main.py:137 - -> 成功 (ID 2)
2025-12-09 06:21:17 - [INFO] - main.py:128 - [6/14] 填寫中: Critical CVE-20...
2025-12-09 06:21:19 - [INFO] - form_filler.py:58 - 前往表單: https://docs.google.com/forms/d/e/1FAIpQLScUld1s4B_RNVnCqSmK_dzgC7fS0cNrZZxAAIrwmyGZdqS7Yg/viewform?usp=publish-editor
2025-12-09 06:21:20 - [INFO] - main.py:128 - [6/15] 填寫中: Critical CVE-20...
2025-12-09 06:21:20 - [INFO] - form_filler.py:75 - 偵測到 5 個輸入框
2025-12-09 06:21:21 - [INFO] - form_filler.py:58 - 前往表單: https://docs.google.com/forms/d/e/1FAIpQLScUld1s4B_RNVnCqSmK_dzgC7fS0cNrZZxAAIrwmyGZdqS7Yg/viewform?usp=publish-editor
2025-12-09 06:21:22 - [INFO] - form_filler.py:101 - 欄位填寫完畢，嘗試提交...
2025-12-09 06:21:23 - [INFO] - form_filler.py:75 - 偵測到 5 個輸入框
2025-12-09 06:21:24 - [INFO] - form_filler.py:101 - 欄位填寫完畢，嘗試提交...
2025-12-09 06:21:29 - [INFO] - form_filler.py:134 - ⚠️ 未偵測到成功文字，但網址已變更，視為提交成功
2025-12-09 06:21:29 - [INFO] - database.py:125 - [DB] 新聞 ID 3 狀態更新為: 'Y'
2025-12-09 06:21:29 - [INFO] - main.py:137 - -> 成功 (ID 3)
2025-12-09 06:21:31 - [INFO] - form_filler.py:134 - ⚠️ 未偵測到成功文字，但網址已變更，視為提交成功
2025-12-09 06:21:31 - [INFO] - database.py:125 - [DB] 新聞 ID 3 狀態更新為: 'Y'
2025-12-09 06:21:31 - [INFO] - main.py:137 - -> 成功 (ID 3)
2025-12-09 06:21:32 - [INFO] - main.py:128 - [7/14] 填寫中: ASUS 緊急修補 DSL 路...
2025-12-09 06:21:33 - [INFO] - form_filler.py:58 - 前往表單: https://docs.google.com/forms/d/e/1FAIpQLScUld1s4B_RNVnCqSmK_dzgC7fS0cNrZZxAAIrwmyGZdqS7Yg/viewform?usp=publish-editor
2025-12-09 06:21:34 - [INFO] - main.py:128 - [7/15] 填寫中: ASUS 緊急修補 DSL 路...
2025-12-09 06:21:35 - [INFO] - form_filler.py:75 - 偵測到 5 個輸入框
2025-12-09 06:21:36 - [INFO] - form_filler.py:58 - 前往表單: https://docs.google.com/forms/d/e/1FAIpQLScUld1s4B_RNVnCqSmK_dzgC7fS0cNrZZxAAIrwmyGZdqS7Yg/viewform?usp=publish-editor
2025-12-09 06:21:37 - [INFO] - form_filler.py:75 - 偵測到 5 個輸入框
2025-12-09 06:21:38 - [INFO] - form_filler.py:101 - 欄位填寫完畢，嘗試提交...
2025-12-09 06:21:40 - [INFO] - form_filler.py:101 - 欄位填寫完畢，嘗試提交...
2025-12-09 06:21:45 - [INFO] - form_filler.py:134 - ⚠️ 未偵測到成功文字，但網址已變更，視為提交成功
2025-12-09 06:21:45 - [INFO] - database.py:125 - [DB] 新聞 ID 7 狀態更新為: 'Y'
2025-12-09 06:21:45 - [INFO] - main.py:137 - -> 成功 (ID 7)
2025-12-09 06:21:47 - [INFO] - form_filler.py:134 - ⚠️ 未偵測到成功文字，但網址已變更，視為提交成功
2025-12-09 06:21:47 - [INFO] - database.py:125 - [DB] 新聞 ID 7 狀態更新為: 'Y'
2025-12-09 06:21:47 - [INFO] - main.py:137 - -> 成功 (ID 7)
2025-12-09 06:21:48 - [INFO] - main.py:128 - [8/14] 填寫中: New WrtHug camp...
2025-12-09 06:21:49 - [INFO] - form_filler.py:58 - 前往表單: https://docs.google.com/forms/d/e/1FAIpQLScUld1s4B_RNVnCqSmK_dzgC7fS0cNrZZxAAIrwmyGZdqS7Yg/viewform?usp=publish-editor
2025-12-09 06:21:51 - [INFO] - main.py:128 - [8/15] 填寫中: New WrtHug camp...
2025-12-09 06:21:51 - [INFO] - form_filler.py:75 - 偵測到 5 個輸入框
2025-12-09 06:21:52 - [INFO] - form_filler.py:58 - 前往表單: https://docs.google.com/forms/d/e/1FAIpQLScUld1s4B_RNVnCqSmK_dzgC7fS0cNrZZxAAIrwmyGZdqS7Yg/viewform?usp=publish-editor
2025-12-09 06:21:52 - [INFO] - form_filler.py:101 - 欄位填寫完畢，嘗試提交...
2025-12-09 06:21:53 - [INFO] - form_filler.py:75 - 偵測到 5 個輸入框
2025-12-09 06:21:55 - [INFO] - form_filler.py:101 - 欄位填寫完畢，嘗試提交...
2025-12-09 06:21:59 - [INFO] - form_filler.py:134 - ⚠️ 未偵測到成功文字，但網址已變更，視為提交成功
2025-12-09 06:21:59 - [INFO] - database.py:125 - [DB] 新聞 ID 13 狀態更新為: 'Y'
2025-12-09 06:21:59 - [INFO] - main.py:137 - -> 成功 (ID 13)
2025-12-09 06:22:02 - [INFO] - form_filler.py:134 - ⚠️ 未偵測到成功文字，但網址已變更，視為提交成功
2025-12-09 06:22:02 - [INFO] - database.py:125 - [DB] 新聞 ID 13 狀態更新為: 'Y'
2025-12-09 06:22:02 - [INFO] - main.py:137 - -> 成功 (ID 13)
2025-12-09 06:22:02 - [INFO] - main.py:128 - [9/14] 填寫中: ASUS warns of c...
2025-12-09 06:22:03 - [INFO] - form_filler.py:58 - 前往表單: https://docs.google.com/forms/d/e/1FAIpQLScUld1s4B_RNVnCqSmK_dzgC7fS0cNrZZxAAIrwmyGZdqS7Yg/viewform?usp=publish-editor
2025-12-09 06:22:05 - [INFO] - form_filler.py:75 - 偵測到 5 個輸入框
2025-12-09 06:22:05 - [INFO] - main.py:128 - [9/15] 填寫中: ASUS warns of c...
2025-12-09 06:22:06 - [INFO] - form_filler.py:58 - 前往表單: https://docs.google.com/forms/d/e/1FAIpQLScUld1s4B_RNVnCqSmK_dzgC7fS0cNrZZxAAIrwmyGZdqS7Yg/viewform?usp=publish-editor
2025-12-09 06:22:06 - [INFO] - form_filler.py:101 - 欄位填寫完畢，嘗試提交...
2025-12-09 06:22:08 - [INFO] - form_filler.py:75 - 偵測到 5 個輸入框
2025-12-09 06:22:09 - [INFO] - form_filler.py:101 - 欄位填寫完畢，嘗試提交...
2025-12-09 06:22:13 - [INFO] - form_filler.py:134 - ⚠️ 未偵測到成功文字，但網址已變更，視為提交成功
2025-12-09 06:22:13 - [INFO] - database.py:125 - [DB] 新聞 ID 15 狀態更新為: 'Y'
2025-12-09 06:22:13 - [INFO] - main.py:137 - -> 成功 (ID 15)
2025-12-09 06:22:16 - [INFO] - main.py:128 - [10/14] 填寫中: 華碩路由器已知漏洞遭到利用，中...
2025-12-09 06:22:16 - [INFO] - form_filler.py:134 - ⚠️ 未偵測到成功文字，但網址已變更，視為提交成功
2025-12-09 06:22:16 - [INFO] - database.py:125 - [DB] 新聞 ID 15 狀態更新為: 'Y'
2025-12-09 06:22:16 - [INFO] - main.py:137 - -> 成功 (ID 15)
2025-12-09 06:22:17 - [INFO] - form_filler.py:58 - 前往表單: https://docs.google.com/forms/d/e/1FAIpQLScUld1s4B_RNVnCqSmK_dzgC7fS0cNrZZxAAIrwmyGZdqS7Yg/viewform?usp=publish-editor
2025-12-09 06:22:19 - [INFO] - form_filler.py:75 - 偵測到 5 個輸入框
2025-12-09 06:22:19 - [INFO] - main.py:128 - [10/15] 填寫中: 華碩路由器已知漏洞遭到利用，中...
2025-12-09 06:22:21 - [INFO] - form_filler.py:58 - 前往表單: https://docs.google.com/forms/d/e/1FAIpQLScUld1s4B_RNVnCqSmK_dzgC7fS0cNrZZxAAIrwmyGZdqS7Yg/viewform?usp=publish-editor
2025-12-09 06:22:22 - [INFO] - form_filler.py:101 - 欄位填寫完畢，嘗試提交...
2025-12-09 06:22:22 - [INFO] - form_filler.py:75 - 偵測到 5 個輸入框
2025-12-09 06:22:25 - [INFO] - form_filler.py:101 - 欄位填寫完畢，嘗試提交...
2025-12-09 06:22:29 - [INFO] - form_filler.py:134 - ⚠️ 未偵測到成功文字，但網址已變更，視為提交成功
2025-12-09 06:22:29 - [INFO] - database.py:125 - [DB] 新聞 ID 6 狀態更新為: 'Y'
2025-12-09 06:22:29 - [INFO] - main.py:137 - -> 成功 (ID 6)
2025-12-09 06:22:32 - [INFO] - form_filler.py:134 - ⚠️ 未偵測到成功文字，但網址已變更，視為提交成功
2025-12-09 06:22:32 - [INFO] - database.py:125 - [DB] 新聞 ID 6 狀態更新為: 'Y'
2025-12-09 06:22:32 - [INFO] - main.py:137 - -> 成功 (ID 6)
2025-12-09 06:22:32 - [INFO] - main.py:128 - [11/14] 填寫中: 華碩用戶注意！大量路由器遭駭客...
2025-12-09 06:22:33 - [INFO] - form_filler.py:58 - 前往表單: https://docs.google.com/forms/d/e/1FAIpQLScUld1s4B_RNVnCqSmK_dzgC7fS0cNrZZxAAIrwmyGZdqS7Yg/viewform?usp=publish-editor
2025-12-09 06:22:35 - [INFO] - form_filler.py:75 - 偵測到 5 個輸入框
2025-12-09 06:22:35 - [INFO] - main.py:128 - [11/15] 填寫中: 華碩用戶注意！大量路由器遭駭客...
2025-12-09 06:22:36 - [INFO] - form_filler.py:58 - 前往表單: https://docs.google.com/forms/d/e/1FAIpQLScUld1s4B_RNVnCqSmK_dzgC7fS0cNrZZxAAIrwmyGZdqS7Yg/viewform?usp=publish-editor
2025-12-09 06:22:37 - [INFO] - form_filler.py:75 - 偵測到 5 個輸入框
2025-12-09 06:22:38 - [INFO] - form_filler.py:101 - 欄位填寫完畢，嘗試提交...
2025-12-09 06:22:40 - [INFO] - form_filler.py:101 - 欄位填寫完畢，嘗試提交...
2025-12-09 06:22:45 - [INFO] - form_filler.py:134 - ⚠️ 未偵測到成功文字，但網址已變更，視為提交成功
2025-12-09 06:22:45 - [INFO] - database.py:125 - [DB] 新聞 ID 8 狀態更新為: 'Y'
2025-12-09 06:22:45 - [INFO] - main.py:137 - -> 成功 (ID 8)
2025-12-09 06:22:47 - [INFO] - form_filler.py:134 - ⚠️ 未偵測到成功文字，但網址已變更，視為提交成功
2025-12-09 06:22:47 - [INFO] - database.py:125 - [DB] 新聞 ID 8 狀態更新為: 'Y'
2025-12-09 06:22:47 - [INFO] - main.py:137 - -> 成功 (ID 8)
2025-12-09 06:22:48 - [INFO] - main.py:128 - [12/14] 填寫中: 【資安日報】11月20日，華碩...
2025-12-09 06:22:49 - [INFO] - form_filler.py:58 - 前往表單: https://docs.google.com/forms/d/e/1FAIpQLScUld1s4B_RNVnCqSmK_dzgC7fS0cNrZZxAAIrwmyGZdqS7Yg/viewform?usp=publish-editor
2025-12-09 06:22:50 - [INFO] - form_filler.py:75 - 偵測到 5 個輸入框
2025-12-09 06:22:50 - [INFO] - main.py:128 - [12/15] 填寫中: 【資安日報】11月20日，華碩...
2025-12-09 06:22:51 - [INFO] - form_filler.py:58 - 前往表單: https://docs.google.com/forms/d/e/1FAIpQLScUld1s4B_RNVnCqSmK_dzgC7fS0cNrZZxAAIrwmyGZdqS7Yg/viewform?usp=publish-editor
2025-12-09 06:22:53 - [INFO] - form_filler.py:75 - 偵測到 5 個輸入框
2025-12-09 06:22:53 - [INFO] - form_filler.py:101 - 欄位填寫完畢，嘗試提交...
2025-12-09 06:22:55 - [INFO] - form_filler.py:101 - 欄位填寫完畢，嘗試提交...
2025-12-09 06:22:59 - [INFO] - form_filler.py:134 - ⚠️ 未偵測到成功文字，但網址已變更，視為提交成功
2025-12-09 06:23:00 - [INFO] - database.py:125 - [DB] 新聞 ID 9 狀態更新為: 'Y'
2025-12-09 06:23:00 - [INFO] - main.py:137 - -> 成功 (ID 9)
2025-12-09 06:23:02 - [INFO] - form_filler.py:134 - ⚠️ 未偵測到成功文字，但網址已變更，視為提交成功
2025-12-09 06:23:02 - [INFO] - database.py:125 - [DB] 新聞 ID 9 狀態更新為: 'Y'
2025-12-09 06:23:02 - [INFO] - main.py:137 - -> 成功 (ID 9)
2025-12-09 06:23:03 - [INFO] - main.py:128 - [13/14] 填寫中: Operation WrtHu...
2025-12-09 06:23:04 - [INFO] - form_filler.py:58 - 前往表單: https://docs.google.com/forms/d/e/1FAIpQLScUld1s4B_RNVnCqSmK_dzgC7fS0cNrZZxAAIrwmyGZdqS7Yg/viewform?usp=publish-editor
2025-12-09 06:23:05 - [INFO] - main.py:128 - [13/15] 填寫中: Operation WrtHu...
2025-12-09 06:23:06 - [INFO] - form_filler.py:75 - 偵測到 5 個輸入框
2025-12-09 06:23:06 - [INFO] - form_filler.py:58 - 前往表單: https://docs.google.com/forms/d/e/1FAIpQLScUld1s4B_RNVnCqSmK_dzgC7fS0cNrZZxAAIrwmyGZdqS7Yg/viewform?usp=publish-editor
2025-12-09 06:23:08 - [INFO] - form_filler.py:75 - 偵測到 5 個輸入框
2025-12-09 06:23:09 - [INFO] - form_filler.py:101 - 欄位填寫完畢，嘗試提交...
2025-12-09 06:23:11 - [INFO] - form_filler.py:101 - 欄位填寫完畢，嘗試提交...
2025-12-09 06:23:16 - [INFO] - form_filler.py:134 - ⚠️ 未偵測到成功文字，但網址已變更，視為提交成功
2025-12-09 06:23:16 - [INFO] - database.py:125 - [DB] 新聞 ID 10 狀態更新為: 'Y'
2025-12-09 06:23:16 - [INFO] - main.py:137 - -> 成功 (ID 10)
2025-12-09 06:23:18 - [INFO] - form_filler.py:134 - ⚠️ 未偵測到成功文字，但網址已變更，視為提交成功
2025-12-09 06:23:18 - [INFO] - database.py:125 - [DB] 新聞 ID 10 狀態更新為: 'Y'
2025-12-09 06:23:18 - [INFO] - main.py:137 - -> 成功 (ID 10)
2025-12-09 06:23:19 - [INFO] - main.py:128 - [14/14] 填寫中: Asus warns of n...
2025-12-09 06:23:20 - [INFO] - form_filler.py:58 - 前往表單: https://docs.google.com/forms/d/e/1FAIpQLScUld1s4B_RNVnCqSmK_dzgC7fS0cNrZZxAAIrwmyGZdqS7Yg/viewform?usp=publish-editor
2025-12-09 06:23:21 - [INFO] - main.py:128 - [14/15] 填寫中: Asus warns of n...
2025-12-09 06:23:22 - [INFO] - form_filler.py:75 - 偵測到 5 個輸入框
2025-12-09 06:23:23 - [INFO] - form_filler.py:58 - 前往表單: https://docs.google.com/forms/d/e/1FAIpQLScUld1s4B_RNVnCqSmK_dzgC7fS0cNrZZxAAIrwmyGZdqS7Yg/viewform?usp=publish-editor
2025-12-09 06:23:23 - [INFO] - form_filler.py:101 - 欄位填寫完畢，嘗試提交...
2025-12-09 06:23:25 - [INFO] - form_filler.py:75 - 偵測到 5 個輸入框
2025-12-09 06:23:26 - [INFO] - form_filler.py:101 - 欄位填寫完畢，嘗試提交...
2025-12-09 06:23:30 - [INFO] - form_filler.py:134 - ⚠️ 未偵測到成功文字，但網址已變更，視為提交成功
2025-12-09 06:23:32 - [INFO] - database.py:125 - [DB] 新聞 ID 4 狀態更新為: 'Y'
2025-12-09 06:23:32 - [INFO] - main.py:137 - -> 成功 (ID 4)
2025-12-09 06:23:33 - [INFO] - form_filler.py:134 - ⚠️ 未偵測到成功文字，但網址已變更，視為提交成功
2025-12-09 06:23:33 - [INFO] - database.py:125 - [DB] 新聞 ID 4 狀態更新為: 'Y'
2025-12-09 06:23:33 - [INFO] - main.py:137 - -> 成功 (ID 4)
2025-12-09 06:23:35 - [INFO] - main.py:169 - === 全部完成 ===
2025-12-09 06:23:35 - [INFO] - main.py:171 - 執行統計: 總共 14 筆 | 成功: 14 筆 | 失敗: 0 筆
2025-12-09 06:23:36 - [INFO] - main.py:128 - [15/15] 填寫中: Got an Asus PC ...
2025-12-09 06:23:37 - [INFO] - main.py:41 - === 階段一: 雙語多源爬蟲啟動 ===
2025-12-09 06:23:37 - [INFO] - scraper.py:28 - 啟動 Chrome Driver (V14 Final)...
2025-12-09 06:23:38 - [INFO] - form_filler.py:58 - 前往表單: https://docs.google.com/forms/d/e/1FAIpQLScUld1s4B_RNVnCqSmK_dzgC7fS0cNrZZxAAIrwmyGZdqS7Yg/viewform?usp=publish-editor
2025-12-09 06:23:38 - [INFO] - main.py:48 - 執行任務: Google News (EN)...
2025-12-09 06:23:38 - [INFO] - scraper.py:164 - [Google News (EN) | en] 前往搜尋: https://www.google.com/search?q=ASUS router security&hl=en&tbm=nws&tbs=qdr:m6
2025-12-09 06:23:41 - [INFO] - form_filler.py:75 - 偵測到 5 個輸入框
2025-12-09 06:23:42 - [INFO] - form_filler.py:101 - 欄位填寫完畢，嘗試提交...
2025-12-09 06:23:46 - [INFO] - scraper.py:192 - [Google News (EN)] 找到 10 筆原始資料
2025-12-09 06:23:46 - [INFO] - scraper.py:232 - [Google News (EN)] 保留 10 筆有效資料
2025-12-09 06:23:48 - [INFO] - main.py:48 - 執行任務: Google News (TW)...
2025-12-09 06:23:48 - [INFO] - scraper.py:164 - [Google News (TW) | zh-TW] 前往搜尋: https://www.google.com/search?q=華碩 路由器 資安&hl=zh-TW&tbm=nws&tbs=qdr:m6
2025-12-09 06:23:49 - [INFO] - form_filler.py:134 - ⚠️ 未偵測到成功文字，但網址已變更，視為提交成功
2025-12-09 06:23:49 - [INFO] - database.py:125 - [DB] 新聞 ID 20 狀態更新為: 'Y'
2025-12-09 06:23:49 - [INFO] - main.py:137 - -> 成功 (ID 20)
2025-12-09 06:23:52 - [INFO] - main.py:169 - === 全部完成 ===
2025-12-09 06:23:52 - [INFO] - main.py:171 - 執行統計: 總共 15 筆 | 成功: 15 筆 | 失敗: 0 筆
2025-12-09 06:23:54 - [INFO] - main.py:41 - === 階段一: 雙語多源爬蟲啟動 ===
2025-12-09 06:23:54 - [INFO] - scraper.py:28 - 啟動 Chrome Driver (V14 Final)...
2025-12-09 06:23:56 - [INFO] - scraper.py:192 - [Google News (TW)] 找到 10 筆原始資料
2025-12-09 06:23:57 - [INFO] - main.py:48 - 執行任務: Google News (EN)...
2025-12-09 06:23:57 - [INFO] - scraper.py:164 - [Google News (EN) | en] 前往搜尋: https://www.google.com/search?q=ASUS router security&hl=en&tbm=nws&tbs=qdr:m6
2025-12-09 06:23:57 - [INFO] - scraper.py:232 - [Google News (TW)] 保留 10 筆有效資料
2025-12-09 06:23:59 - [INFO] - main.py:48 - 執行任務: 官方資源...
2025-12-09 06:23:59 - [INFO] - scraper.py:164 - [官方資源 | en] 前往搜尋: https://www.google.com/search?q=site:asus.com security router&hl=en&tbs=qdr:y
2025-12-09 06:24:05 - [INFO] - scraper.py:192 - [Google News (EN)] 找到 10 筆原始資料
2025-12-09 06:24:06 - [INFO] - scraper.py:232 - [Google News (EN)] 保留 10 筆有效資料
2025-12-09 06:24:08 - [INFO] - main.py:48 - 執行任務: Google News (TW)...
2025-12-09 06:24:08 - [INFO] - scraper.py:164 - [Google News (TW) | zh-TW] 前往搜尋: https://www.google.com/search?q=華碩 路由器 資安&hl=zh-TW&tbm=nws&tbs=qdr:m6
2025-12-09 06:24:15 - [INFO] - scraper.py:192 - [Google News (TW)] 找到 10 筆原始資料
2025-12-09 06:24:16 - [INFO] - scraper.py:232 - [Google News (TW)] 保留 10 筆有效資料
2025-12-09 06:24:16 - [INFO] - scraper.py:192 - [官方資源] 找到 0 筆原始資料
2025-12-09 06:24:16 - [INFO] - scraper.py:232 - [官方資源] 保留 0 筆有效資料
2025-12-09 06:24:18 - [INFO] - main.py:48 - 執行任務: 官方資源...
2025-12-09 06:24:18 - [INFO] - scraper.py:164 - [官方資源 | en] 前往搜尋: https://www.google.com/search?q=site:asus.com security router&hl=en&tbs=qdr:y
2025-12-09 06:24:18 - [INFO] - main.py:48 - 執行任務: 資安通報...
2025-12-09 06:24:18 - [INFO] - scraper.py:164 - [資安通報 | en] 前往搜尋: https://www.google.com/search?q=site:bleepingcomputer.com OR site:thehackernews.com ASUS&hl=en&tbm=nws&tbs=qdr:m6
2025-12-09 06:24:26 - [INFO] - scraper.py:192 - [資安通報] 找到 10 筆原始資料
2025-12-09 06:24:27 - [INFO] - scraper.py:232 - [資安通報] 保留 6 筆有效資料
2025-12-09 06:24:29 - [INFO] - main.py:64 - 搜尋完成，共 15 筆，開始閱讀內文...
2025-12-09 06:24:29 - [INFO] - scraper.py:90 - 正在閱讀內文: https://press.asus.com/news/statements/asus-securi...
2025-12-09 06:24:32 - [INFO] - scraper.py:90 - 正在閱讀內文: https://thehackernews.com/2025/11/wrthug-exploits-...
2025-12-09 06:24:35 - [INFO] - scraper.py:90 - 正在閱讀內文: https://securityaffairs.com/184636/security/critic...
2025-12-09 06:24:36 - [INFO] - scraper.py:192 - [官方資源] 找到 0 筆原始資料
2025-12-09 06:24:36 - [INFO] - scraper.py:232 - [官方資源] 保留 0 筆有效資料
2025-12-09 06:24:38 - [INFO] - main.py:48 - 執行任務: 資安通報...
2025-12-09 06:24:38 - [INFO] - scraper.py:164 - [資安通報 | en] 前往搜尋: https://www.google.com/search?q=site:bleepingcomputer.com OR site:thehackernews.com ASUS&hl=en&tbm=nws&tbs=qdr:m6
2025-12-09 06:24:41 - [INFO] - scraper.py:90 - 正在閱讀內文: https://tech.yahoo.com/cybersecurity/articles/asus...
2025-12-09 06:24:45 - [INFO] - scraper.py:90 - 正在閱讀內文: https://www.techpowerup.com/339333/asus-implements...
2025-12-09 06:24:46 - [INFO] - scraper.py:192 - [資安通報] 找到 10 筆原始資料
2025-12-09 06:24:46 - [INFO] - scraper.py:232 - [資安通報] 保留 6 筆有效資料
2025-12-09 06:24:48 - [INFO] - main.py:64 - 搜尋完成，共 15 筆，開始閱讀內文...
2025-12-09 06:24:48 - [INFO] - scraper.py:90 - 正在閱讀內文: https://press.asus.com/news/statements/asus-securi...
2025-12-09 06:24:49 - [INFO] - scraper.py:90 - 正在閱讀內文: https://www.ithome.com.tw/news/172360...
2025-12-09 06:24:51 - [INFO] - scraper.py:90 - 正在閱讀內文: https://thehackernews.com/2025/11/wrthug-exploits-...
2025-12-09 06:24:52 - [INFO] - scraper.py:90 - 正在閱讀內文: https://www.informationsecurity.com.tw/article/art...
2025-12-09 06:24:55 - [INFO] - scraper.py:90 - 正在閱讀內文: https://securityaffairs.com/184636/security/critic...
2025-12-09 06:24:55 - [INFO] - scraper.py:90 - 正在閱讀內文: https://3c.ltn.com.tw/news/63982...
2025-12-09 06:25:00 - [INFO] - scraper.py:90 - 正在閱讀內文: https://www.ithome.com.tw/news/172369...
2025-12-09 06:25:01 - [INFO] - scraper.py:90 - 正在閱讀內文: https://tech.yahoo.com/cybersecurity/articles/asus...
2025-12-09 06:25:04 - [INFO] - scraper.py:90 - 正在閱讀內文: https://blog.billows.com.tw/?p=4019...
2025-12-09 06:25:07 - [INFO] - scraper.py:90 - 正在閱讀內文: https://www.techpowerup.com/339333/asus-implements...
2025-12-09 06:25:08 - [INFO] - scraper.py:90 - 正在閱讀內文: https://thehackernews.com/2025/11/wrthug-exploits-...
2025-12-09 06:25:10 - [INFO] - scraper.py:90 - 正在閱讀內文: https://thehackernews.com/2025/10/polaredge-target...
2025-12-09 06:25:10 - [INFO] - scraper.py:90 - 正在閱讀內文: https://www.ithome.com.tw/news/172360...
2025-12-09 06:25:13 - [INFO] - scraper.py:90 - 正在閱讀內文: https://www.informationsecurity.com.tw/article/art...
2025-12-09 06:25:14 - [INFO] - scraper.py:90 - 正在閱讀內文: https://www.bleepingcomputer.com/news/security/new...
2025-12-09 06:25:15 - [INFO] - scraper.py:90 - 正在閱讀內文: https://www.bleepingcomputer.com/news/security/asu...
2025-12-09 06:25:16 - [INFO] - scraper.py:90 - 正在閱讀內文: https://3c.ltn.com.tw/news/63982...
2025-12-09 06:25:17 - [INFO] - scraper.py:90 - 正在閱讀內文: https://www.bleepingcomputer.com/news/security/asu...
2025-12-09 06:25:19 - [INFO] - database.py:75 - [DB] 批次作業結束: 輸入 15 筆 -> 實際新增 0 筆
2025-12-09 06:25:19 - [INFO] - main.py:97 - 階段一結束。資料庫實際新增: 0 筆。
2025-12-09 06:25:20 - [INFO] - scraper.py:64 - 爬蟲已結束並關閉
2025-12-09 06:25:22 - [INFO] - scraper.py:90 - 正在閱讀內文: https://www.ithome.com.tw/news/172369...
2025-12-09 06:25:22 - [INFO] - main.py:109 - === 階段二: 填寫表單 (Status='N') ===
2025-12-09 06:25:22 - [INFO] - main.py:119 - 沒有待處理資料。
2025-12-09 06:25:22 - [INFO] - main.py:169 - === 全部完成 ===
2025-12-09 06:25:22 - [INFO] - main.py:171 - 執行統計: 總共 0 筆 | 成功: 0 筆 | 失敗: 0 筆
2025-12-09 06:25:24 - [INFO] - main.py:41 - === 階段一: 雙語多源爬蟲啟動 ===
2025-12-09 06:25:24 - [INFO] - scraper.py:28 - 啟動 Chrome Driver (V14 Final)...
2025-12-09 06:25:26 - [INFO] - main.py:48 - 執行任務: Google News (EN)...
2025-12-09 06:25:26 - [INFO] - scraper.py:164 - [Google News (EN) | en] 前往搜尋: https://www.google.com/search?q=ASUS router security&hl=en&tbm=nws&tbs=qdr:m6
2025-12-09 06:25:26 - [INFO] - scraper.py:90 - 正在閱讀內文: https://blog.billows.com.tw/?p=4019...
2025-12-09 06:25:33 - [INFO] - scraper.py:90 - 正在閱讀內文: https://thehackernews.com/2025/11/wrthug-exploits-...
2025-12-09 06:25:34 - [INFO] - scraper.py:192 - [Google News (EN)] 找到 10 筆原始資料
2025-12-09 06:25:35 - [INFO] - scraper.py:232 - [Google News (EN)] 保留 10 筆有效資料
2025-12-09 06:25:36 - [INFO] - scraper.py:90 - 正在閱讀內文: https://thehackernews.com/2025/10/polaredge-target...
2025-12-09 06:25:37 - [INFO] - main.py:48 - 執行任務: Google News (TW)...
2025-12-09 06:25:37 - [INFO] - scraper.py:164 - [Google News (TW) | zh-TW] 前往搜尋: https://www.google.com/search?q=華碩 路由器 資安&hl=zh-TW&tbm=nws&tbs=qdr:m6
2025-12-09 06:25:39 - [INFO] - scraper.py:90 - 正在閱讀內文: https://www.bleepingcomputer.com/news/security/new...
2025-12-09 06:25:41 - [INFO] - scraper.py:90 - 正在閱讀內文: https://www.bleepingcomputer.com/news/security/asu...
2025-12-09 06:25:43 - [INFO] - scraper.py:90 - 正在閱讀內文: https://www.bleepingcomputer.com/news/security/asu...
2025-12-09 06:25:45 - [INFO] - scraper.py:192 - [Google News (TW)] 找到 10 筆原始資料
2025-12-09 06:25:45 - [INFO] - database.py:75 - [DB] 批次作業結束: 輸入 15 筆 -> 實際新增 0 筆
2025-12-09 06:25:45 - [INFO] - main.py:97 - 階段一結束。資料庫實際新增: 0 筆。
2025-12-09 06:25:46 - [INFO] - scraper.py:232 - [Google News (TW)] 保留 10 筆有效資料
2025-12-09 06:25:46 - [INFO] - scraper.py:64 - 爬蟲已結束並關閉
2025-12-09 06:25:48 - [INFO] - main.py:48 - 執行任務: 官方資源...
2025-12-09 06:25:48 - [INFO] - scraper.py:164 - [官方資源 | en] 前往搜尋: https://www.google.com/search?q=site:asus.com security router&hl=en&tbs=qdr:y
2025-12-09 06:25:48 - [INFO] - main.py:109 - === 階段二: 填寫表單 (Status='N') ===
2025-12-09 06:25:48 - [INFO] - main.py:119 - 沒有待處理資料。
2025-12-09 06:25:48 - [INFO] - main.py:169 - === 全部完成 ===
2025-12-09 06:25:48 - [INFO] - main.py:171 - 執行統計: 總共 0 筆 | 成功: 0 筆 | 失敗: 0 筆
2025-12-09 06:25:50 - [INFO] - main.py:41 - === 階段一: 雙語多源爬蟲啟動 ===
2025-12-09 06:25:50 - [INFO] - scraper.py:28 - 啟動 Chrome Driver (V14 Final)...
2025-12-09 06:25:52 - [INFO] - main.py:48 - 執行任務: Google News (EN)...
2025-12-09 06:25:52 - [INFO] - scraper.py:164 - [Google News (EN) | en] 前往搜尋: https://www.google.com/search?q=ASUS router security&hl=en&tbm=nws&tbs=qdr:m6
2025-12-09 06:26:00 - [INFO] - scraper.py:192 - [Google News (EN)] 找到 10 筆原始資料
2025-12-09 06:26:01 - [INFO] - scraper.py:232 - [Google News (EN)] 保留 10 筆有效資料
2025-12-09 06:26:03 - [INFO] - main.py:48 - 執行任務: Google News (TW)...
2025-12-09 06:26:03 - [INFO] - scraper.py:164 - [Google News (TW) | zh-TW] 前往搜尋: https://www.google.com/search?q=華碩 路由器 資安&hl=zh-TW&tbm=nws&tbs=qdr:m6
2025-12-09 06:26:06 - [INFO] - scraper.py:192 - [官方資源] 找到 0 筆原始資料
2025-12-09 06:26:06 - [INFO] - scraper.py:232 - [官方資源] 保留 0 筆有效資料
2025-12-09 06:26:08 - [INFO] - main.py:48 - 執行任務: 資安通報...
2025-12-09 06:26:08 - [INFO] - scraper.py:164 - [資安通報 | en] 前往搜尋: https://www.google.com/search?q=site:bleepingcomputer.com OR site:thehackernews.com ASUS&hl=en&tbm=nws&tbs=qdr:m6
2025-12-09 06:26:11 - [INFO] - scraper.py:192 - [Google News (TW)] 找到 10 筆原始資料
2025-12-09 06:26:11 - [INFO] - scraper.py:232 - [Google News (TW)] 保留 10 筆有效資料
2025-12-09 06:26:13 - [INFO] - main.py:48 - 執行任務: 官方資源...
2025-12-09 06:26:13 - [INFO] - scraper.py:164 - [官方資源 | en] 前往搜尋: https://www.google.com/search?q=site:asus.com security router&hl=en&tbs=qdr:y
2025-12-09 06:26:15 - [INFO] - scraper.py:192 - [資安通報] 找到 10 筆原始資料
2025-12-09 06:26:16 - [INFO] - scraper.py:232 - [資安通報] 保留 6 筆有效資料
2025-12-09 06:26:18 - [INFO] - main.py:64 - 搜尋完成，共 15 筆，開始閱讀內文...
2025-12-09 06:26:18 - [INFO] - scraper.py:90 - 正在閱讀內文: https://press.asus.com/news/statements/asus-securi...
2025-12-09 06:26:21 - [INFO] - scraper.py:90 - 正在閱讀內文: https://thehackernews.com/2025/11/wrthug-exploits-...
2025-12-09 06:26:24 - [INFO] - scraper.py:90 - 正在閱讀內文: https://securityaffairs.com/184636/security/critic...
2025-12-09 06:26:29 - [INFO] - scraper.py:90 - 正在閱讀內文: https://www.techpowerup.com/339333/asus-implements...
2025-12-09 06:26:32 - [INFO] - scraper.py:192 - [官方資源] 找到 0 筆原始資料
2025-12-09 06:26:32 - [INFO] - scraper.py:232 - [官方資源] 保留 0 筆有效資料
2025-12-09 06:26:33 - [INFO] - scraper.py:90 - 正在閱讀內文: https://www.pcgamer.com/hardware/dangerous-securit...
2025-12-09 06:26:34 - [INFO] - main.py:48 - 執行任務: 資安通報...
2025-12-09 06:26:34 - [INFO] - scraper.py:164 - [資安通報 | en] 前往搜尋: https://www.google.com/search?q=site:bleepingcomputer.com OR site:thehackernews.com ASUS&hl=en&tbm=nws&tbs=qdr:m6
2025-12-09 06:26:39 - [INFO] - scraper.py:90 - 正在閱讀內文: https://www.ithome.com.tw/news/172360...
2025-12-09 06:26:41 - [INFO] - scraper.py:192 - [資安通報] 找到 10 筆原始資料
2025-12-09 06:26:42 - [INFO] - scraper.py:232 - [資安通報] 保留 6 筆有效資料
2025-12-09 06:26:42 - [INFO] - scraper.py:90 - 正在閱讀內文: https://www.informationsecurity.com.tw/article/art...
2025-12-09 06:26:44 - [INFO] - main.py:64 - 搜尋完成，共 15 筆，開始閱讀內文...
2025-12-09 06:26:44 - [INFO] - scraper.py:90 - 正在閱讀內文: https://press.asus.com/news/statements/asus-securi...
2025-12-09 06:26:45 - [INFO] - scraper.py:90 - 正在閱讀內文: https://3c.ltn.com.tw/news/63982...
2025-12-09 06:26:47 - [INFO] - scraper.py:90 - 正在閱讀內文: https://thehackernews.com/2025/11/wrthug-exploits-...
2025-12-09 06:26:49 - [INFO] - scraper.py:90 - 正在閱讀內文: https://www.ithome.com.tw/news/172369...
2025-12-09 06:26:50 - [INFO] - scraper.py:90 - 正在閱讀內文: https://securityaffairs.com/184636/security/critic...
2025-12-09 06:26:56 - [INFO] - scraper.py:90 - 正在閱讀內文: https://tech.yahoo.com/cybersecurity/articles/asus...
2025-12-09 06:27:02 - [INFO] - scraper.py:90 - 正在閱讀內文: https://www.techpowerup.com/339333/asus-implements...
2025-12-09 06:27:06 - [INFO] - scraper.py:90 - 正在閱讀內文: https://www.ithome.com.tw/news/172360...
2025-12-09 06:27:08 - [INFO] - scraper.py:90 - 正在閱讀內文: https://www.informationsecurity.com.tw/article/art...
2025-12-09 06:27:11 - [INFO] - scraper.py:90 - 正在閱讀內文: https://3c.ltn.com.tw/news/63982...
2025-12-09 06:27:16 - [INFO] - scraper.py:90 - 正在閱讀內文: https://www.ithome.com.tw/news/172369...
2025-12-09 06:27:20 - [INFO] - scraper.py:90 - 正在閱讀內文: https://blog.billows.com.tw/?p=4019...
2025-12-09 06:27:23 - [INFO] - scraper.py:90 - 正在閱讀內文: https://thehackernews.com/2025/11/wrthug-exploits-...
2025-12-09 06:27:26 - [INFO] - scraper.py:90 - 正在閱讀內文: https://thehackernews.com/2025/10/polaredge-target...
2025-12-09 06:27:29 - [INFO] - scraper.py:90 - 正在閱讀內文: https://www.bleepingcomputer.com/news/security/new...
2025-12-09 06:27:32 - [INFO] - scraper.py:90 - 正在閱讀內文: https://www.bleepingcomputer.com/news/security/asu...
2025-12-09 06:27:33 - [INFO] - scraper.py:90 - 正在閱讀內文: https://www.bleepingcomputer.com/news/security/asu...
2025-12-09 06:27:36 - [INFO] - database.py:75 - [DB] 批次作業結束: 輸入 15 筆 -> 實際新增 0 筆
2025-12-09 06:27:36 - [INFO] - main.py:97 - 階段一結束。資料庫實際新增: 0 筆。
2025-12-09 06:27:36 - [INFO] - scraper.py:64 - 爬蟲已結束並關閉
2025-12-09 06:27:38 - [INFO] - main.py:109 - === 階段二: 填寫表單 (Status='N') ===
2025-12-09 06:27:38 - [INFO] - main.py:119 - 沒有待處理資料。
2025-12-09 06:27:38 - [INFO] - main.py:169 - === 全部完成 ===
2025-12-09 06:27:38 - [INFO] - main.py:171 - 執行統計: 總共 0 筆 | 成功: 0 筆 | 失敗: 0 筆
2025-12-09 06:27:40 - [INFO] - main.py:41 - === 階段一: 雙語多源爬蟲啟動 ===
2025-12-09 06:27:40 - [INFO] - scraper.py:28 - 啟動 Chrome Driver (V14 Final)...
2025-12-09 06:27:41 - [INFO] - main.py:48 - 執行任務: Google News (EN)...
2025-12-09 06:27:41 - [INFO] - scraper.py:164 - [Google News (EN) | en] 前往搜尋: https://www.google.com/search?q=ASUS router security&hl=en&tbm=nws&tbs=qdr:m6
2025-12-09 06:27:49 - [INFO] - scraper.py:192 - [Google News (EN)] 找到 10 筆原始資料
2025-12-09 06:27:49 - [INFO] - scraper.py:232 - [Google News (EN)] 保留 10 筆有效資料
2025-12-09 06:27:51 - [INFO] - main.py:48 - 執行任務: Google News (TW)...
2025-12-09 06:27:51 - [INFO] - scraper.py:164 - [Google News (TW) | zh-TW] 前往搜尋: https://www.google.com/search?q=華碩 路由器 資安&hl=zh-TW&tbm=nws&tbs=qdr:m6
2025-12-09 06:27:59 - [INFO] - scraper.py:192 - [Google News (TW)] 找到 10 筆原始資料
2025-12-09 06:28:00 - [INFO] - scraper.py:232 - [Google News (TW)] 保留 10 筆有效資料
2025-12-09 06:28:02 - [INFO] - main.py:48 - 執行任務: 官方資源...
2025-12-09 06:28:02 - [INFO] - scraper.py:164 - [官方資源 | en] 前往搜尋: https://www.google.com/search?q=site:asus.com security router&hl=en&tbs=qdr:y
2025-12-09 06:28:20 - [INFO] - scraper.py:192 - [官方資源] 找到 0 筆原始資料
2025-12-09 06:28:20 - [INFO] - scraper.py:232 - [官方資源] 保留 0 筆有效資料
2025-12-09 06:28:22 - [INFO] - main.py:48 - 執行任務: 資安通報...
2025-12-09 06:28:22 - [INFO] - scraper.py:164 - [資安通報 | en] 前往搜尋: https://www.google.com/search?q=site:bleepingcomputer.com OR site:thehackernews.com ASUS&hl=en&tbm=nws&tbs=qdr:m6
2025-12-09 06:28:29 - [INFO] - scraper.py:192 - [資安通報] 找到 10 筆原始資料
2025-12-09 06:28:30 - [INFO] - scraper.py:232 - [資安通報] 保留 6 筆有效資料
2025-12-09 06:28:32 - [INFO] - main.py:64 - 搜尋完成，共 15 筆，開始閱讀內文...
2025-12-09 06:28:32 - [INFO] - scraper.py:90 - 正在閱讀內文: https://press.asus.com/news/statements/asus-securi...
2025-12-09 06:28:34 - [INFO] - scraper.py:90 - 正在閱讀內文: https://securityaffairs.com/184636/security/critic...
2025-12-09 06:28:39 - [INFO] - scraper.py:90 - 正在閱讀內文: https://tech.yahoo.com/cybersecurity/articles/asus...
2025-12-09 06:28:45 - [INFO] - scraper.py:90 - 正在閱讀內文: https://www.techpowerup.com/339333/asus-implements...
2025-12-09 06:28:49 - [INFO] - scraper.py:90 - 正在閱讀內文: https://www.pcgamer.com/hardware/dangerous-securit...
2025-12-09 06:28:49 - [WARNING] - scraper.py:142 - 偵測到瀏覽器崩潰，正在重啟 Driver...
2025-12-09 06:28:55 - [INFO] - scraper.py:90 - 正在閱讀內文: https://www.ithome.com.tw/news/172360...
2025-12-09 06:28:58 - [INFO] - scraper.py:90 - 正在閱讀內文: https://www.informationsecurity.com.tw/article/art...
2025-12-09 06:29:00 - [INFO] - scraper.py:90 - 正在閱讀內文: https://3c.ltn.com.tw/news/63982...
2025-12-09 06:29:05 - [INFO] - scraper.py:90 - 正在閱讀內文: https://www.ithome.com.tw/news/172369...
2025-12-09 06:29:08 - [INFO] - scraper.py:90 - 正在閱讀內文: https://blog.billows.com.tw/?p=4019...
2025-12-09 06:29:12 - [INFO] - scraper.py:90 - 正在閱讀內文: https://thehackernews.com/2025/11/wrthug-exploits-...
2025-12-09 06:29:15 - [INFO] - scraper.py:90 - 正在閱讀內文: https://thehackernews.com/2025/10/polaredge-target...
2025-12-09 06:29:18 - [INFO] - scraper.py:90 - 正在閱讀內文: https://www.bleepingcomputer.com/news/security/new...
2025-12-09 06:29:20 - [INFO] - scraper.py:90 - 正在閱讀內文: https://www.bleepingcomputer.com/news/security/asu...
2025-12-09 06:29:22 - [INFO] - scraper.py:90 - 正在閱讀內文: https://www.bleepingcomputer.com/news/security/asu...
2025-12-09 06:29:24 - [INFO] - database.py:75 - [DB] 批次作業結束: 輸入 15 筆 -> 實際新增 0 筆
2025-12-09 06:29:24 - [INFO] - main.py:97 - 階段一結束。資料庫實際新增: 0 筆。
2025-12-09 06:29:24 - [INFO] - scraper.py:64 - 爬蟲已結束並關閉
2025-12-09 06:29:26 - [INFO] - main.py:109 - === 階段二: 填寫表單 (Status='N') ===
2025-12-09 06:29:26 - [INFO] - main.py:119 - 沒有待處理資料。
2025-12-09 06:29:26 - [INFO] - main.py:169 - === 全部完成 ===
2025-12-09 06:29:26 - [INFO] - main.py:171 - 執行統計: 總共 0 筆 | 成功: 0 筆 | 失敗: 0 筆
2025-12-09 06:29:28 - [INFO] - main.py:41 - === 階段一: 雙語多源爬蟲啟動 ===
2025-12-09 06:29:28 - [INFO] - scraper.py:28 - 啟動 Chrome Driver (V14 Final)...
2025-12-09 06:29:30 - [INFO] - main.py:48 - 執行任務: Google News (EN)...
2025-12-09 06:29:30 - [INFO] - scraper.py:164 - [Google News (EN) | en] 前往搜尋: https://www.google.com/search?q=ASUS router security&hl=en&tbm=nws&tbs=qdr:m6
2025-12-09 06:29:38 - [INFO] - scraper.py:192 - [Google News (EN)] 找到 10 筆原始資料
2025-12-09 06:29:39 - [INFO] - scraper.py:232 - [Google News (EN)] 保留 10 筆有效資料
2025-12-09 06:29:41 - [INFO] - main.py:48 - 執行任務: Google News (TW)...
2025-12-09 06:29:41 - [INFO] - scraper.py:164 - [Google News (TW) | zh-TW] 前往搜尋: https://www.google.com/search?q=華碩 路由器 資安&hl=zh-TW&tbm=nws&tbs=qdr:m6
2025-12-09 06:29:49 - [INFO] - scraper.py:192 - [Google News (TW)] 找到 10 筆原始資料
2025-12-09 06:29:50 - [INFO] - scraper.py:232 - [Google News (TW)] 保留 10 筆有效資料
2025-12-09 06:29:52 - [INFO] - main.py:48 - 執行任務: 官方資源...
2025-12-09 06:29:52 - [INFO] - scraper.py:164 - [官方資源 | en] 前往搜尋: https://www.google.com/search?q=site:asus.com security router&hl=en&tbs=qdr:y
2025-12-09 06:30:10 - [INFO] - scraper.py:192 - [官方資源] 找到 0 筆原始資料
2025-12-09 06:30:10 - [INFO] - scraper.py:232 - [官方資源] 保留 0 筆有效資料
2025-12-09 06:30:12 - [INFO] - main.py:48 - 執行任務: 資安通報...
2025-12-09 06:30:12 - [INFO] - scraper.py:164 - [資安通報 | en] 前往搜尋: https://www.google.com/search?q=site:bleepingcomputer.com OR site:thehackernews.com ASUS&hl=en&tbm=nws&tbs=qdr:m6
2025-12-09 06:30:19 - [INFO] - scraper.py:192 - [資安通報] 找到 10 筆原始資料
2025-12-09 06:30:20 - [INFO] - scraper.py:232 - [資安通報] 保留 6 筆有效資料
2025-12-09 06:30:22 - [INFO] - main.py:64 - 搜尋完成，共 15 筆，開始閱讀內文...
2025-12-09 06:30:22 - [INFO] - scraper.py:90 - 正在閱讀內文: https://press.asus.com/news/statements/asus-securi...
2025-12-09 06:30:25 - [INFO] - scraper.py:90 - 正在閱讀內文: https://thehackernews.com/2025/11/wrthug-exploits-...
2025-12-09 06:30:28 - [INFO] - scraper.py:90 - 正在閱讀內文: https://securityaffairs.com/184636/security/critic...
2025-12-09 06:30:34 - [INFO] - scraper.py:90 - 正在閱讀內文: https://tech.yahoo.com/cybersecurity/articles/asus...
2025-12-09 06:30:39 - [INFO] - scraper.py:90 - 正在閱讀內文: https://www.techpowerup.com/339333/asus-implements...
2025-12-09 06:30:46 - [INFO] - scraper.py:90 - 正在閱讀內文: https://www.ithome.com.tw/news/172360...
2025-12-09 06:30:50 - [INFO] - scraper.py:90 - 正在閱讀內文: https://www.informationsecurity.com.tw/article/art...
2025-12-09 06:30:54 - [INFO] - scraper.py:90 - 正在閱讀內文: https://3c.ltn.com.tw/news/63982...
2025-12-09 06:30:59 - [INFO] - scraper.py:90 - 正在閱讀內文: https://www.ithome.com.tw/news/172369...
2025-12-09 06:31:04 - [INFO] - scraper.py:90 - 正在閱讀內文: https://blog.billows.com.tw/?p=4019...
2025-12-09 06:31:12 - [INFO] - scraper.py:90 - 正在閱讀內文: https://thehackernews.com/2025/11/wrthug-exploits-...
2025-12-09 06:31:14 - [INFO] - scraper.py:90 - 正在閱讀內文: https://thehackernews.com/2025/10/polaredge-target...
2025-12-09 06:31:18 - [INFO] - scraper.py:90 - 正在閱讀內文: https://www.bleepingcomputer.com/news/security/new...
2025-12-09 06:31:20 - [INFO] - scraper.py:90 - 正在閱讀內文: https://www.bleepingcomputer.com/news/security/asu...
2025-12-09 06:31:22 - [INFO] - scraper.py:90 - 正在閱讀內文: https://www.bleepingcomputer.com/news/security/asu...
2025-12-09 06:31:23 - [INFO] - database.py:75 - [DB] 批次作業結束: 輸入 15 筆 -> 實際新增 0 筆
2025-12-09 06:31:23 - [INFO] - main.py:97 - 階段一結束。資料庫實際新增: 0 筆。
2025-12-09 06:31:23 - [INFO] - scraper.py:64 - 爬蟲已結束並關閉
2025-12-09 06:31:26 - [INFO] - main.py:109 - === 階段二: 填寫表單 (Status='N') ===
2025-12-09 06:31:26 - [INFO] - main.py:119 - 沒有待處理資料。
2025-12-09 06:31:26 - [INFO] - main.py:169 - === 全部完成 ===
2025-12-09 06:31:26 - [INFO] - main.py:171 - 執行統計: 總共 0 筆 | 成功: 0 筆 | 失敗: 0 筆
2025-12-09 06:31:28 - [INFO] - main.py:41 - === 階段一: 雙語多源爬蟲啟動 ===
2025-12-09 06:31:28 - [INFO] - scraper.py:28 - 啟動 Chrome Driver (V14 Final)...
2025-12-09 06:31:32 - [INFO] - main.py:48 - 執行任務: Google News (EN)...
2025-12-09 06:31:32 - [INFO] - scraper.py:164 - [Google News (EN) | en] 前往搜尋: https://www.google.com/search?q=ASUS router security&hl=en&tbm=nws&tbs=qdr:m6
2025-12-09 06:31:40 - [INFO] - scraper.py:192 - [Google News (EN)] 找到 10 筆原始資料
2025-12-09 06:31:41 - [INFO] - scraper.py:232 - [Google News (EN)] 保留 10 筆有效資料
2025-12-09 06:31:43 - [INFO] - main.py:48 - 執行任務: Google News (TW)...
2025-12-09 06:31:43 - [INFO] - scraper.py:164 - [Google News (TW) | zh-TW] 前往搜尋: https://www.google.com/search?q=華碩 路由器 資安&hl=zh-TW&tbm=nws&tbs=qdr:m6
2025-12-09 06:31:51 - [INFO] - scraper.py:192 - [Google News (TW)] 找到 10 筆原始資料
2025-12-09 06:31:52 - [INFO] - scraper.py:232 - [Google News (TW)] 保留 10 筆有效資料
2025-12-09 06:31:54 - [INFO] - main.py:48 - 執行任務: 官方資源...
2025-12-09 06:31:54 - [INFO] - scraper.py:164 - [官方資源 | en] 前往搜尋: https://www.google.com/search?q=site:asus.com security router&hl=en&tbs=qdr:y
2025-12-09 06:32:13 - [INFO] - scraper.py:192 - [官方資源] 找到 0 筆原始資料
2025-12-09 06:32:13 - [INFO] - scraper.py:232 - [官方資源] 保留 0 筆有效資料
2025-12-09 06:32:15 - [INFO] - main.py:48 - 執行任務: 資安通報...
2025-12-09 06:32:15 - [INFO] - scraper.py:164 - [資安通報 | en] 前往搜尋: https://www.google.com/search?q=site:bleepingcomputer.com OR site:thehackernews.com ASUS&hl=en&tbm=nws&tbs=qdr:m6
2025-12-09 06:32:22 - [INFO] - scraper.py:192 - [資安通報] 找到 10 筆原始資料
2025-12-09 06:32:23 - [INFO] - scraper.py:232 - [資安通報] 保留 6 筆有效資料
2025-12-09 06:32:25 - [INFO] - main.py:64 - 搜尋完成，共 15 筆，開始閱讀內文...
2025-12-09 06:32:25 - [INFO] - scraper.py:90 - 正在閱讀內文: https://press.asus.com/news/statements/asus-securi...
2025-12-09 06:32:28 - [INFO] - scraper.py:90 - 正在閱讀內文: https://securityaffairs.com/184636/security/critic...
2025-12-09 06:32:35 - [INFO] - scraper.py:90 - 正在閱讀內文: https://tech.yahoo.com/cybersecurity/articles/asus...
2025-12-09 06:32:41 - [INFO] - scraper.py:90 - 正在閱讀內文: https://www.techpowerup.com/339333/asus-implements...
2025-12-09 06:32:45 - [INFO] - scraper.py:90 - 正在閱讀內文: https://www.pcgamer.com/hardware/dangerous-securit...
2025-12-09 06:32:53 - [INFO] - scraper.py:90 - 正在閱讀內文: https://www.ithome.com.tw/news/172360...
2025-12-09 06:32:57 - [INFO] - scraper.py:90 - 正在閱讀內文: https://www.informationsecurity.com.tw/article/art...
2025-12-09 06:32:59 - [INFO] - scraper.py:90 - 正在閱讀內文: https://3c.ltn.com.tw/news/63982...
2025-12-09 06:33:03 - [INFO] - scraper.py:90 - 正在閱讀內文: https://www.ithome.com.tw/news/172369...
2025-12-09 06:33:07 - [INFO] - scraper.py:90 - 正在閱讀內文: https://blog.billows.com.tw/?p=4019...
2025-12-09 06:33:11 - [INFO] - scraper.py:90 - 正在閱讀內文: https://thehackernews.com/2025/11/wrthug-exploits-...
2025-12-09 06:33:14 - [INFO] - scraper.py:90 - 正在閱讀內文: https://thehackernews.com/2025/10/polaredge-target...
2025-12-09 06:33:16 - [INFO] - scraper.py:90 - 正在閱讀內文: https://www.bleepingcomputer.com/news/security/new...
2025-12-09 06:33:18 - [INFO] - scraper.py:90 - 正在閱讀內文: https://www.bleepingcomputer.com/news/security/asu...
2025-12-09 06:33:20 - [INFO] - scraper.py:90 - 正在閱讀內文: https://www.bleepingcomputer.com/news/security/asu...
2025-12-09 06:33:22 - [INFO] - database.py:75 - [DB] 批次作業結束: 輸入 15 筆 -> 實際新增 0 筆
2025-12-09 06:33:22 - [INFO] - main.py:97 - 階段一結束。資料庫實際新增: 0 筆。
2025-12-09 06:33:23 - [INFO] - scraper.py:64 - 爬蟲已結束並關閉
2025-12-09 06:33:25 - [INFO] - main.py:109 - === 階段二: 填寫表單 (Status='N') ===
2025-12-09 06:33:25 - [INFO] - main.py:119 - 沒有待處理資料。
2025-12-09 06:33:25 - [INFO] - main.py:169 - === 全部完成 ===
2025-12-09 06:33:25 - [INFO] - main.py:171 - 執行統計: 總共 0 筆 | 成功: 0 筆 | 失敗: 0 筆
2025-12-09 06:33:27 - [INFO] - main.py:41 - === 階段一: 雙語多源爬蟲啟動 ===
2025-12-09 06:33:27 - [INFO] - scraper.py:28 - 啟動 Chrome Driver (V14 Final)...
2025-12-09 06:33:29 - [INFO] - main.py:48 - 執行任務: Google News (EN)...
2025-12-09 06:33:29 - [INFO] - scraper.py:164 - [Google News (EN) | en] 前往搜尋: https://www.google.com/search?q=ASUS router security&hl=en&tbm=nws&tbs=qdr:m6
2025-12-09 06:33:37 - [INFO] - scraper.py:192 - [Google News (EN)] 找到 10 筆原始資料
2025-12-09 06:33:38 - [INFO] - scraper.py:232 - [Google News (EN)] 保留 10 筆有效資料
2025-12-09 06:33:40 - [INFO] - main.py:48 - 執行任務: Google News (TW)...
2025-12-09 06:33:40 - [INFO] - scraper.py:164 - [Google News (TW) | zh-TW] 前往搜尋: https://www.google.com/search?q=華碩 路由器 資安&hl=zh-TW&tbm=nws&tbs=qdr:m6
2025-12-09 06:33:48 - [INFO] - scraper.py:192 - [Google News (TW)] 找到 10 筆原始資料
2025-12-09 06:33:48 - [INFO] - scraper.py:232 - [Google News (TW)] 保留 10 筆有效資料
2025-12-09 06:33:50 - [INFO] - main.py:48 - 執行任務: 官方資源...
2025-12-09 06:33:50 - [INFO] - scraper.py:164 - [官方資源 | en] 前往搜尋: https://www.google.com/search?q=site:asus.com security router&hl=en&tbs=qdr:y
2025-12-09 06:34:08 - [INFO] - scraper.py:192 - [官方資源] 找到 0 筆原始資料
2025-12-09 06:34:08 - [INFO] - scraper.py:232 - [官方資源] 保留 0 筆有效資料
2025-12-09 06:34:10 - [INFO] - main.py:48 - 執行任務: 資安通報...
2025-12-09 06:34:10 - [INFO] - scraper.py:164 - [資安通報 | en] 前往搜尋: https://www.google.com/search?q=site:bleepingcomputer.com OR site:thehackernews.com ASUS&hl=en&tbm=nws&tbs=qdr:m6
2025-12-09 06:34:17 - [INFO] - scraper.py:192 - [資安通報] 找到 10 筆原始資料
2025-12-09 06:34:18 - [INFO] - scraper.py:232 - [資安通報] 保留 6 筆有效資料
2025-12-09 06:34:20 - [INFO] - main.py:64 - 搜尋完成，共 15 筆，開始閱讀內文...
2025-12-09 06:34:20 - [INFO] - scraper.py:90 - 正在閱讀內文: https://press.asus.com/news/statements/asus-securi...
2025-12-09 06:34:23 - [INFO] - scraper.py:90 - 正在閱讀內文: https://thehackernews.com/2025/11/wrthug-exploits-...
2025-12-09 06:34:27 - [INFO] - scraper.py:90 - 正在閱讀內文: https://securityaffairs.com/184636/security/critic...
2025-12-09 06:34:33 - [INFO] - scraper.py:90 - 正在閱讀內文: https://tech.yahoo.com/cybersecurity/articles/asus...
2025-12-09 06:34:38 - [INFO] - scraper.py:90 - 正在閱讀內文: https://www.techpowerup.com/339333/asus-implements...
2025-12-09 06:34:42 - [INFO] - scraper.py:90 - 正在閱讀內文: https://www.ithome.com.tw/news/172360...
2025-12-09 06:34:46 - [INFO] - scraper.py:90 - 正在閱讀內文: https://www.informationsecurity.com.tw/article/art...
2025-12-09 06:34:49 - [INFO] - scraper.py:90 - 正在閱讀內文: https://3c.ltn.com.tw/news/63982...
2025-12-09 06:34:53 - [INFO] - scraper.py:90 - 正在閱讀內文: https://www.ithome.com.tw/news/172369...
2025-12-09 06:36:54 - [WARNING] - scraper.py:142 - 偵測到瀏覽器崩潰，正在重啟 Driver...
2025-12-09 06:37:00 - [INFO] - scraper.py:28 - 啟動 Chrome Driver (V14 Final)...
2025-12-09 06:37:04 - [INFO] - scraper.py:90 - 正在閱讀內文: https://www.ithome.com.tw/news/172369...
2025-12-09 06:37:09 - [INFO] - scraper.py:90 - 正在閱讀內文: https://blog.billows.com.tw/?p=4019...
2025-12-09 06:37:13 - [INFO] - scraper.py:90 - 正在閱讀內文: https://thehackernews.com/2025/11/wrthug-exploits-...
2025-12-09 06:37:16 - [INFO] - scraper.py:90 - 正在閱讀內文: https://thehackernews.com/2025/10/polaredge-target...
2025-12-09 06:37:18 - [INFO] - scraper.py:90 - 正在閱讀內文: https://www.bleepingcomputer.com/news/security/new...
2025-12-09 06:37:21 - [INFO] - scraper.py:90 - 正在閱讀內文: https://www.bleepingcomputer.com/news/security/asu...
2025-12-09 06:37:23 - [INFO] - scraper.py:90 - 正在閱讀內文: https://www.bleepingcomputer.com/news/security/asu...
2025-12-09 06:37:24 - [INFO] - database.py:75 - [DB] 批次作業結束: 輸入 15 筆 -> 實際新增 0 筆
2025-12-09 06:37:24 - [INFO] - main.py:97 - 階段一結束。資料庫實際新增: 0 筆。
2025-12-09 06:37:24 - [INFO] - scraper.py:64 - 爬蟲已結束並關閉
2025-12-09 06:37:27 - [INFO] - main.py:109 - === 階段二: 填寫表單 (Status='N') ===
2025-12-09 06:37:27 - [INFO] - main.py:119 - 沒有待處理資料。
2025-12-09 06:37:27 - [INFO] - main.py:169 - === 全部完成 ===
2025-12-09 06:37:27 - [INFO] - main.py:171 - 執行統計: 總共 0 筆 | 成功: 0 筆 | 失敗: 0 筆
2025-12-09 06:37:29 - [INFO] - main.py:41 - === 階段一: 雙語多源爬蟲啟動 ===
2025-12-09 06:37:29 - [INFO] - scraper.py:28 - 啟動 Chrome Driver (V14 Final)...
2025-12-09 06:37:30 - [INFO] - main.py:48 - 執行任務: Google News (EN)...
2025-12-09 06:37:30 - [INFO] - scraper.py:164 - [Google News (EN) | en] 前往搜尋: https://www.google.com/search?q=ASUS router security&hl=en&tbm=nws&tbs=qdr:m6
2025-12-09 06:37:38 - [INFO] - scraper.py:192 - [Google News (EN)] 找到 10 筆原始資料
2025-12-09 06:37:40 - [INFO] - scraper.py:232 - [Google News (EN)] 保留 10 筆有效資料
2025-12-09 06:37:42 - [INFO] - main.py:48 - 執行任務: Google News (TW)...
2025-12-09 06:37:42 - [INFO] - scraper.py:164 - [Google News (TW) | zh-TW] 前往搜尋: https://www.google.com/search?q=華碩 路由器 資安&hl=zh-TW&tbm=nws&tbs=qdr:m6
2025-12-09 06:37:50 - [INFO] - scraper.py:192 - [Google News (TW)] 找到 10 筆原始資料
2025-12-09 06:37:50 - [INFO] - scraper.py:232 - [Google News (TW)] 保留 10 筆有效資料
2025-12-09 06:37:52 - [INFO] - main.py:48 - 執行任務: 官方資源...
2025-12-09 06:37:52 - [INFO] - scraper.py:164 - [官方資源 | en] 前往搜尋: https://www.google.com/search?q=site:asus.com security router&hl=en&tbs=qdr:y
2025-12-09 06:38:11 - [INFO] - scraper.py:192 - [官方資源] 找到 0 筆原始資料
2025-12-09 06:38:11 - [INFO] - scraper.py:232 - [官方資源] 保留 0 筆有效資料
2025-12-09 06:38:18 - [INFO] - main.py:157 - === 系統啟動：進入自動化排程模式 ===
2025-12-09 06:38:20 - [INFO] - main.py:41 - === 階段一: 雙語多源爬蟲啟動 ===
2025-12-09 06:38:20 - [INFO] - scraper.py:28 - 啟動 Chrome Driver (V14 Final)...
2025-12-09 06:38:24 - [INFO] - main.py:48 - 執行任務: Google News (EN)...
2025-12-09 06:38:24 - [INFO] - scraper.py:164 - [Google News (EN) | en] 前往搜尋: https://www.google.com/search?q=ASUS router security&hl=en&tbm=nws&tbs=qdr:m6
2025-12-09 06:38:32 - [INFO] - scraper.py:192 - [Google News (EN)] 找到 10 筆原始資料
2025-12-09 06:38:33 - [INFO] - scraper.py:232 - [Google News (EN)] 保留 10 筆有效資料
2025-12-09 06:38:35 - [INFO] - main.py:48 - 執行任務: Google News (TW)...
2025-12-09 06:38:35 - [INFO] - scraper.py:164 - [Google News (TW) | zh-TW] 前往搜尋: https://www.google.com/search?q=華碩 路由器 資安&hl=zh-TW&tbm=nws&tbs=qdr:m6
2025-12-09 06:38:44 - [INFO] - scraper.py:192 - [Google News (TW)] 找到 10 筆原始資料
2025-12-09 06:38:45 - [INFO] - scraper.py:232 - [Google News (TW)] 保留 10 筆有效資料
2025-12-09 06:38:47 - [INFO] - main.py:48 - 執行任務: 官方資源...
2025-12-09 06:38:47 - [INFO] - scraper.py:164 - [官方資源 | en] 前往搜尋: https://www.google.com/search?q=site:asus.com security router&hl=en&tbs=qdr:y
2025-12-09 06:39:04 - [INFO] - scraper.py:192 - [官方資源] 找到 0 筆原始資料
2025-12-09 06:39:04 - [INFO] - scraper.py:232 - [官方資源] 保留 0 筆有效資料
2025-12-09 06:39:06 - [INFO] - main.py:48 - 執行任務: 資安通報...
2025-12-09 06:39:06 - [INFO] - scraper.py:164 - [資安通報 | en] 前往搜尋: https://www.google.com/search?q=site:bleepingcomputer.com OR site:thehackernews.com ASUS&hl=en&tbm=nws&tbs=qdr:m6
2025-12-09 06:39:14 - [INFO] - scraper.py:192 - [資安通報] 找到 10 筆原始資料
2025-12-09 06:39:14 - [INFO] - scraper.py:232 - [資安通報] 保留 6 筆有效資料
2025-12-09 06:39:16 - [INFO] - main.py:64 - 搜尋完成，共 15 筆，開始閱讀內文...
2025-12-09 06:39:16 - [INFO] - scraper.py:90 - 正在閱讀內文: https://press.asus.com/news/statements/asus-securi...
2025-12-09 06:39:20 - [INFO] - scraper.py:90 - 正在閱讀內文: https://thehackernews.com/2025/11/wrthug-exploits-...
2025-12-09 06:40:40 - [INFO] - main.py:157 - === 系統啟動：進入自動化排程模式 ===
2025-12-09 06:40:42 - [INFO] - main.py:41 - === 階段一: 雙語多源爬蟲啟動 ===
2025-12-09 06:40:42 - [INFO] - scraper.py:28 - 啟動 Chrome Driver (V14 Final)...
2025-12-09 06:40:56 - [INFO] - main.py:48 - 執行任務: Google News (EN)...
2025-12-09 06:40:56 - [INFO] - scraper.py:164 - [Google News (EN) | en] 前往搜尋: https://www.google.com/search?q=ASUS router security&hl=en&tbm=nws&tbs=qdr:m6
2025-12-09 06:41:04 - [INFO] - scraper.py:192 - [Google News (EN)] 找到 10 筆原始資料
2025-12-09 06:41:04 - [INFO] - scraper.py:232 - [Google News (EN)] 保留 10 筆有效資料
2025-12-09 06:41:06 - [INFO] - main.py:48 - 執行任務: Google News (TW)...
2025-12-09 06:41:06 - [INFO] - scraper.py:164 - [Google News (TW) | zh-TW] 前往搜尋: https://www.google.com/search?q=華碩 路由器 資安&hl=zh-TW&tbm=nws&tbs=qdr:m6
2025-12-09 06:41:14 - [INFO] - scraper.py:192 - [Google News (TW)] 找到 10 筆原始資料
2025-12-09 06:41:15 - [INFO] - scraper.py:232 - [Google News (TW)] 保留 10 筆有效資料
2025-12-09 06:41:17 - [INFO] - main.py:48 - 執行任務: 官方資源...
2025-12-09 06:41:17 - [INFO] - scraper.py:164 - [官方資源 | en] 前往搜尋: https://www.google.com/search?q=site:asus.com security router&hl=en&tbs=qdr:y
2025-12-09 06:41:35 - [INFO] - scraper.py:192 - [官方資源] 找到 0 筆原始資料
2025-12-09 06:41:35 - [INFO] - scraper.py:232 - [官方資源] 保留 0 筆有效資料
2025-12-09 06:41:37 - [INFO] - main.py:48 - 執行任務: 資安通報...
2025-12-09 06:41:37 - [INFO] - scraper.py:164 - [資安通報 | en] 前往搜尋: https://www.google.com/search?q=site:bleepingcomputer.com OR site:thehackernews.com ASUS&hl=en&tbm=nws&tbs=qdr:m6
2025-12-09 06:41:45 - [INFO] - scraper.py:192 - [資安通報] 找到 10 筆原始資料
2025-12-09 06:41:45 - [INFO] - scraper.py:232 - [資安通報] 保留 6 筆有效資料
2025-12-09 06:41:47 - [INFO] - main.py:64 - 搜尋完成，共 15 筆，開始閱讀內文...
2025-12-09 06:41:47 - [INFO] - scraper.py:90 - 正在閱讀內文: https://press.asus.com/news/statements/asus-securi...
2025-12-09 06:41:50 - [INFO] - scraper.py:90 - 正在閱讀內文: https://thehackernews.com/2025/11/wrthug-exploits-...
2025-12-09 06:41:54 - [INFO] - scraper.py:90 - 正在閱讀內文: https://securityaffairs.com/184636/security/critic...
2025-12-09 06:42:00 - [INFO] - scraper.py:90 - 正在閱讀內文: https://www.techpowerup.com/339333/asus-implements...
2025-12-09 06:42:04 - [INFO] - scraper.py:90 - 正在閱讀內文: https://www.pcgamer.com/hardware/dangerous-securit...
2025-12-09 06:42:11 - [INFO] - scraper.py:90 - 正在閱讀內文: https://www.ithome.com.tw/news/172360...
2025-12-09 06:42:15 - [INFO] - scraper.py:90 - 正在閱讀內文: https://www.informationsecurity.com.tw/article/art...
2025-12-09 06:42:18 - [INFO] - scraper.py:90 - 正在閱讀內文: https://3c.ltn.com.tw/news/63982...
2025-12-09 06:42:23 - [INFO] - scraper.py:90 - 正在閱讀內文: https://www.ithome.com.tw/news/172369...
2025-12-09 06:42:26 - [INFO] - scraper.py:90 - 正在閱讀內文: https://blog.billows.com.tw/?p=4019...
2025-12-09 06:42:30 - [INFO] - scraper.py:90 - 正在閱讀內文: https://thehackernews.com/2025/11/wrthug-exploits-...
2025-12-09 06:42:33 - [INFO] - scraper.py:90 - 正在閱讀內文: https://thehackernews.com/2025/10/polaredge-target...
2025-12-09 06:42:35 - [INFO] - scraper.py:90 - 正在閱讀內文: https://www.bleepingcomputer.com/news/security/new...
2025-12-09 06:42:37 - [INFO] - scraper.py:90 - 正在閱讀內文: https://www.bleepingcomputer.com/news/security/asu...
2025-12-09 06:42:39 - [INFO] - scraper.py:90 - 正在閱讀內文: https://www.bleepingcomputer.com/news/security/asu...
2025-12-09 06:42:41 - [INFO] - database.py:75 - [DB] 批次作業結束: 輸入 15 筆 -> 實際新增 14 筆
2025-12-09 06:42:41 - [INFO] - main.py:97 - 階段一結束。資料庫實際新增: 14 筆。
2025-12-09 06:42:41 - [INFO] - scraper.py:64 - 爬蟲已結束並關閉
2025-12-09 06:42:43 - [INFO] - main.py:109 - === 階段二: 填寫表單 (Status='N') ===
2025-12-09 06:42:43 - [INFO] - main.py:123 - 發現 14 筆任務，啟動填表機器人...
2025-12-09 06:42:43 - [INFO] - main.py:128 - [1/14] 填寫中: ASUS Armoury Cr...
2025-12-09 06:42:45 - [INFO] - form_filler.py:58 - 前往表單: https://docs.google.com/forms/d/e/1FAIpQLScUld1s4B_RNVnCqSmK_dzgC7fS0cNrZZxAAIrwmyGZdqS7Yg/viewform?usp=publish-editor
2025-12-09 06:42:46 - [INFO] - form_filler.py:75 - 偵測到 5 個輸入框
2025-12-09 06:42:48 - [INFO] - form_filler.py:101 - 欄位填寫完畢，嘗試提交...
2025-12-09 06:42:55 - [INFO] - form_filler.py:134 - ⚠️ 未偵測到成功文字，但網址已變更，視為提交成功
2025-12-09 06:42:55 - [INFO] - database.py:125 - [DB] 新聞 ID 14 狀態更新為: 'Y'
2025-12-09 06:42:55 - [INFO] - main.py:137 - -> 成功 (ID 14)
2025-12-09 06:42:58 - [INFO] - main.py:128 - [2/14] 填寫中: ASUS implements...
2025-12-09 06:42:59 - [INFO] - form_filler.py:58 - 前往表單: https://docs.google.com/forms/d/e/1FAIpQLScUld1s4B_RNVnCqSmK_dzgC7fS0cNrZZxAAIrwmyGZdqS7Yg/viewform?usp=publish-editor
2025-12-09 06:43:00 - [INFO] - form_filler.py:75 - 偵測到 5 個輸入框
2025-12-09 06:43:02 - [INFO] - form_filler.py:101 - 欄位填寫完畢，嘗試提交...
2025-12-09 06:43:10 - [INFO] - form_filler.py:134 - ⚠️ 未偵測到成功文字，但網址已變更，視為提交成功
2025-12-09 06:43:10 - [INFO] - database.py:125 - [DB] 新聞 ID 1 狀態更新為: 'Y'
2025-12-09 06:43:10 - [INFO] - main.py:137 - -> 成功 (ID 1)
2025-12-09 06:43:13 - [INFO] - main.py:128 - [3/14] 填寫中: ASUS Implements...
2025-12-09 06:43:14 - [INFO] - form_filler.py:58 - 前往表單: https://docs.google.com/forms/d/e/1FAIpQLScUld1s4B_RNVnCqSmK_dzgC7fS0cNrZZxAAIrwmyGZdqS7Yg/viewform?usp=publish-editor
2025-12-09 06:43:15 - [INFO] - form_filler.py:75 - 偵測到 5 個輸入框
2025-12-09 06:43:17 - [INFO] - form_filler.py:101 - 欄位填寫完畢，嘗試提交...
2025-12-09 06:43:24 - [INFO] - form_filler.py:134 - ⚠️ 未偵測到成功文字，但網址已變更，視為提交成功
2025-12-09 06:43:24 - [INFO] - database.py:125 - [DB] 新聞 ID 4 狀態更新為: 'Y'
2025-12-09 06:43:24 - [INFO] - main.py:137 - -> 成功 (ID 4)
2025-12-09 06:43:28 - [INFO] - main.py:128 - [4/14] 填寫中: PolarEdge Targe...
2025-12-09 06:43:29 - [INFO] - form_filler.py:58 - 前往表單: https://docs.google.com/forms/d/e/1FAIpQLScUld1s4B_RNVnCqSmK_dzgC7fS0cNrZZxAAIrwmyGZdqS7Yg/viewform?usp=publish-editor
2025-12-09 06:43:30 - [INFO] - form_filler.py:75 - 偵測到 5 個輸入框
2025-12-09 06:43:33 - [INFO] - form_filler.py:101 - 欄位填寫完畢，嘗試提交...
2025-12-09 06:43:40 - [INFO] - form_filler.py:134 - ⚠️ 未偵測到成功文字，但網址已變更，視為提交成功
2025-12-09 06:43:40 - [INFO] - database.py:125 - [DB] 新聞 ID 12 狀態更新為: 'Y'
2025-12-09 06:43:40 - [INFO] - main.py:137 - -> 成功 (ID 12)
2025-12-09 06:43:43 - [INFO] - main.py:128 - [5/14] 填寫中: WrtHug Exploits...
2025-12-09 06:43:45 - [INFO] - form_filler.py:58 - 前往表單: https://docs.google.com/forms/d/e/1FAIpQLScUld1s4B_RNVnCqSmK_dzgC7fS0cNrZZxAAIrwmyGZdqS7Yg/viewform?usp=publish-editor
2025-12-09 06:43:47 - [INFO] - form_filler.py:75 - 偵測到 5 個輸入框
2025-12-09 06:43:49 - [INFO] - form_filler.py:101 - 欄位填寫完畢，嘗試提交...
2025-12-09 06:43:56 - [INFO] - form_filler.py:134 - ⚠️ 未偵測到成功文字，但網址已變更，視為提交成功
2025-12-09 06:43:56 - [INFO] - database.py:125 - [DB] 新聞 ID 2 狀態更新為: 'Y'
2025-12-09 06:43:56 - [INFO] - main.py:137 - -> 成功 (ID 2)
2025-12-09 06:43:59 - [INFO] - main.py:128 - [6/14] 填寫中: Critical CVE-20...
2025-12-09 06:44:01 - [INFO] - form_filler.py:58 - 前往表單: https://docs.google.com/forms/d/e/1FAIpQLScUld1s4B_RNVnCqSmK_dzgC7fS0cNrZZxAAIrwmyGZdqS7Yg/viewform?usp=publish-editor
2025-12-09 06:44:02 - [INFO] - form_filler.py:75 - 偵測到 5 個輸入框
2025-12-09 06:44:04 - [INFO] - form_filler.py:101 - 欄位填寫完畢，嘗試提交...
2025-12-09 06:44:12 - [INFO] - form_filler.py:134 - ⚠️ 未偵測到成功文字，但網址已變更，視為提交成功
2025-12-09 06:44:12 - [INFO] - database.py:125 - [DB] 新聞 ID 3 狀態更新為: 'Y'
2025-12-09 06:44:12 - [INFO] - main.py:137 - -> 成功 (ID 3)
2025-12-09 06:44:15 - [INFO] - main.py:128 - [7/14] 填寫中: ASUS 緊急修補 DSL 路...
2025-12-09 06:44:16 - [INFO] - form_filler.py:58 - 前往表單: https://docs.google.com/forms/d/e/1FAIpQLScUld1s4B_RNVnCqSmK_dzgC7fS0cNrZZxAAIrwmyGZdqS7Yg/viewform?usp=publish-editor
2025-12-09 06:44:18 - [INFO] - form_filler.py:75 - 偵測到 5 個輸入框
2025-12-09 06:44:21 - [INFO] - form_filler.py:101 - 欄位填寫完畢，嘗試提交...
2025-12-09 06:44:28 - [INFO] - form_filler.py:134 - ⚠️ 未偵測到成功文字，但網址已變更，視為提交成功
2025-12-09 06:44:28 - [INFO] - database.py:125 - [DB] 新聞 ID 7 狀態更新為: 'Y'
2025-12-09 06:44:28 - [INFO] - main.py:137 - -> 成功 (ID 7)
2025-12-09 06:44:31 - [INFO] - main.py:128 - [8/14] 填寫中: New WrtHug camp...
2025-12-09 06:44:33 - [INFO] - form_filler.py:58 - 前往表單: https://docs.google.com/forms/d/e/1FAIpQLScUld1s4B_RNVnCqSmK_dzgC7fS0cNrZZxAAIrwmyGZdqS7Yg/viewform?usp=publish-editor
2025-12-09 06:44:35 - [INFO] - form_filler.py:75 - 偵測到 5 個輸入框
2025-12-09 06:44:36 - [INFO] - form_filler.py:101 - 欄位填寫完畢，嘗試提交...
2025-12-09 06:44:44 - [INFO] - form_filler.py:134 - ⚠️ 未偵測到成功文字，但網址已變更，視為提交成功
2025-12-09 06:44:44 - [INFO] - database.py:125 - [DB] 新聞 ID 13 狀態更新為: 'Y'
2025-12-09 06:44:44 - [INFO] - main.py:137 - -> 成功 (ID 13)
2025-12-09 06:44:47 - [INFO] - main.py:128 - [9/14] 填寫中: ASUS warns of c...
2025-12-09 06:44:48 - [INFO] - form_filler.py:58 - 前往表單: https://docs.google.com/forms/d/e/1FAIpQLScUld1s4B_RNVnCqSmK_dzgC7fS0cNrZZxAAIrwmyGZdqS7Yg/viewform?usp=publish-editor
2025-12-09 06:44:50 - [INFO] - form_filler.py:75 - 偵測到 5 個輸入框
2025-12-09 06:44:51 - [INFO] - form_filler.py:101 - 欄位填寫完畢，嘗試提交...
2025-12-09 06:44:58 - [INFO] - form_filler.py:134 - ⚠️ 未偵測到成功文字，但網址已變更，視為提交成功
2025-12-09 06:44:58 - [INFO] - database.py:125 - [DB] 新聞 ID 15 狀態更新為: 'Y'
2025-12-09 06:44:58 - [INFO] - main.py:137 - -> 成功 (ID 15)
2025-12-09 06:45:01 - [INFO] - main.py:128 - [10/14] 填寫中: 華碩路由器已知漏洞遭到利用，中...
2025-12-09 06:45:02 - [INFO] - form_filler.py:58 - 前往表單: https://docs.google.com/forms/d/e/1FAIpQLScUld1s4B_RNVnCqSmK_dzgC7fS0cNrZZxAAIrwmyGZdqS7Yg/viewform?usp=publish-editor
2025-12-09 06:45:04 - [INFO] - form_filler.py:75 - 偵測到 5 個輸入框
2025-12-09 06:45:08 - [INFO] - form_filler.py:101 - 欄位填寫完畢，嘗試提交...
2025-12-09 06:45:15 - [INFO] - form_filler.py:134 - ⚠️ 未偵測到成功文字，但網址已變更，視為提交成功
2025-12-09 06:45:15 - [INFO] - database.py:125 - [DB] 新聞 ID 6 狀態更新為: 'Y'
2025-12-09 06:45:15 - [INFO] - main.py:137 - -> 成功 (ID 6)
2025-12-09 06:45:18 - [INFO] - main.py:128 - [11/14] 填寫中: 華碩用戶注意！大量路由器遭駭客...
2025-12-09 06:45:19 - [INFO] - form_filler.py:58 - 前往表單: https://docs.google.com/forms/d/e/1FAIpQLScUld1s4B_RNVnCqSmK_dzgC7fS0cNrZZxAAIrwmyGZdqS7Yg/viewform?usp=publish-editor
2025-12-09 06:45:21 - [INFO] - form_filler.py:75 - 偵測到 5 個輸入框
2025-12-09 06:45:24 - [INFO] - form_filler.py:101 - 欄位填寫完畢，嘗試提交...
2025-12-09 06:45:31 - [INFO] - form_filler.py:134 - ⚠️ 未偵測到成功文字，但網址已變更，視為提交成功
2025-12-09 06:45:32 - [INFO] - database.py:125 - [DB] 新聞 ID 8 狀態更新為: 'Y'
2025-12-09 06:45:32 - [INFO] - main.py:137 - -> 成功 (ID 8)
2025-12-09 06:45:35 - [INFO] - main.py:128 - [12/14] 填寫中: 【資安日報】11月20日，華碩...
2025-12-09 06:45:36 - [INFO] - form_filler.py:58 - 前往表單: https://docs.google.com/forms/d/e/1FAIpQLScUld1s4B_RNVnCqSmK_dzgC7fS0cNrZZxAAIrwmyGZdqS7Yg/viewform?usp=publish-editor
2025-12-09 06:45:38 - [INFO] - form_filler.py:75 - 偵測到 5 個輸入框
2025-12-09 06:45:42 - [INFO] - form_filler.py:101 - 欄位填寫完畢，嘗試提交...
2025-12-09 06:45:49 - [INFO] - form_filler.py:134 - ⚠️ 未偵測到成功文字，但網址已變更，視為提交成功
2025-12-09 06:45:49 - [INFO] - database.py:125 - [DB] 新聞 ID 9 狀態更新為: 'Y'
2025-12-09 06:45:49 - [INFO] - main.py:137 - -> 成功 (ID 9)
2025-12-09 06:45:52 - [INFO] - main.py:128 - [13/14] 填寫中: Operation WrtHu...
2025-12-09 06:45:53 - [INFO] - form_filler.py:58 - 前往表單: https://docs.google.com/forms/d/e/1FAIpQLScUld1s4B_RNVnCqSmK_dzgC7fS0cNrZZxAAIrwmyGZdqS7Yg/viewform?usp=publish-editor
2025-12-09 06:45:56 - [INFO] - form_filler.py:75 - 偵測到 5 個輸入框
2025-12-09 06:46:00 - [INFO] - form_filler.py:101 - 欄位填寫完畢，嘗試提交...
2025-12-09 06:46:07 - [INFO] - form_filler.py:134 - ⚠️ 未偵測到成功文字，但網址已變更，視為提交成功
2025-12-09 06:46:07 - [INFO] - database.py:125 - [DB] 新聞 ID 10 狀態更新為: 'Y'
2025-12-09 06:46:07 - [INFO] - main.py:137 - -> 成功 (ID 10)
2025-12-09 06:46:10 - [INFO] - main.py:128 - [14/14] 填寫中: Got an Asus PC ...
2025-12-09 06:46:12 - [INFO] - form_filler.py:58 - 前往表單: https://docs.google.com/forms/d/e/1FAIpQLScUld1s4B_RNVnCqSmK_dzgC7fS0cNrZZxAAIrwmyGZdqS7Yg/viewform?usp=publish-editor
2025-12-09 06:46:13 - [INFO] - form_filler.py:75 - 偵測到 5 個輸入框
2025-12-09 06:46:16 - [INFO] - form_filler.py:101 - 欄位填寫完畢，嘗試提交...
2025-12-09 06:46:23 - [INFO] - form_filler.py:134 - ⚠️ 未偵測到成功文字，但網址已變更，視為提交成功
2025-12-09 06:46:23 - [INFO] - database.py:125 - [DB] 新聞 ID 5 狀態更新為: 'Y'
2025-12-09 06:46:23 - [INFO] - main.py:137 - -> 成功 (ID 5)
2025-12-09 06:46:26 - [INFO] - main.py:169 - === 全部完成 ===
2025-12-09 06:46:26 - [INFO] - main.py:171 - 執行統計: 總共 14 筆 | 成功: 14 筆 | 失敗: 0 筆
2025-12-09 06:46:26 - [INFO] - main.py:178 - 進入待機模式，24.0 小時後將再次執行...
